[    1185ms] [ERROR] ErrorUtils caught an error:

Could not find element "u_1_12_u+" [Caught in: Module "__elem_a588f507_1_0_Jj"]

Subsequent non-fatal errors won't be logged; see https://fburl.com/debugjs. {column: 180, clientTime: 1775172612, extra: Object, guardList: Array(4), hash: f2pxmw} @ https://static.xx.fbcdn.net/rsrc.php/v4/yO/r/pWC1mcrxhju.js:77
[    1186ms] [ERROR] ErrorUtils caught an error:

DataStore.get: namespace is required, got undefined

Subsequent non-fatal errors won't be logged; see https://fburl.com/debugjs. {column: 694, clientTime: 1775172612, extra: Object, guardList: Array(4), hash: fpb5ss} @ https://static.xx.fbcdn.net/rsrc.php/v4/yO/r/pWC1mcrxhju.js:77
[    1187ms] [ERROR] ErrorUtils caught an error:

Could not find element "u_1_4_J8" [Caught in: Module "__elem_9fc087ed_1_0_Gk"]

Subsequent non-fatal errors won't be logged; see https://fburl.com/debugjs. {column: 180, clientTime: 1775172612, extra: Object, guardList: Array(4), hash: f2pxmw} @ https://static.xx.fbcdn.net/rsrc.php/v4/yO/r/pWC1mcrxhju.js:77
[    1187ms] [ERROR] ErrorUtils caught an error:

Could not find element "u_1_4_J8" [Caught in: Module "__elem_9fc087ed_1_0_Gk"] [Caught in: Requiring module "__elem_9fc087ed_1_0_Gk" which threw an exception]

Subsequent non-fatal errors won't be logged; see https://fburl.com/debugjs. {column: 180, clientTime: 1775172612, extra: Object, guardList: Array(4), hash: f2pxmw} @ https://static.xx.fbcdn.net/rsrc.php/v4/yO/r/pWC1mcrxhju.js:77
[    1188ms] [ERROR] ErrorUtils caught an error:

Could not find element "u_1_0_Ec" [Caught in: Module "__elem_9fc087ed_1_1_Nz"]

Subsequent non-fatal errors won't be logged; see https://fburl.com/debugjs. {column: 180, clientTime: 1775172612, extra: Object, guardList: Array(4), hash: f2pxmw} @ https://static.xx.fbcdn.net/rsrc.php/v4/yO/r/pWC1mcrxhju.js:77
[    1188ms] [ERROR] ErrorUtils caught an error:

Could not find element "u_1_0_Ec" [Caught in: Module "__elem_9fc087ed_1_1_Nz"] [Caught in: Requiring module "__elem_9fc087ed_1_1_Nz" which threw an exception]

Subsequent non-fatal errors won't be logged; see https://fburl.com/debugjs. {column: 180, clientTime: 1775172612, extra: Object, guardList: Array(4), hash: f2pxmw} @ https://static.xx.fbcdn.net/rsrc.php/v4/yO/r/pWC1mcrxhju.js:77
[    1188ms] [ERROR] ErrorUtils caught an error:

Could not find element "u_1_1_sN" [Caught in: Module "__elem_9fc087ed_1_2_wz"]

Subsequent non-fatal errors won't be logged; see https://fburl.com/debugjs. {column: 180, clientTime: 1775172612, extra: Object, guardList: Array(4), hash: f2pxmw} @ https://static.xx.fbcdn.net/rsrc.php/v4/yO/r/pWC1mcrxhju.js:77
[    1188ms] [ERROR] ErrorUtils caught an error:

Could not find element "u_1_1_sN" [Caught in: Module "__elem_9fc087ed_1_2_wz"] [Caught in: Requiring module "__elem_9fc087ed_1_2_wz" which threw an exception]

Subsequent non-fatal errors won't be logged; see https://fburl.com/debugjs. {column: 180, clientTime: 1775172612, extra: Object, guardList: Array(4), hash: f2pxmw} @ https://static.xx.fbcdn.net/rsrc.php/v4/yO/r/pWC1mcrxhju.js:77
[    1189ms] [ERROR] ErrorUtils caught an error:

Could not find element "u_1_9_f0" [Caught in: Module "__elem_a588f507_1_2_r1"]

Subsequent non-fatal errors won't be logged; see https://fburl.com/debugjs. {column: 180, clientTime: 1775172612, extra: Object, guardList: Array(4), hash: f2pxmw} @ https://static.xx.fbcdn.net/rsrc.php/v4/yO/r/pWC1mcrxhju.js:77
[    1189ms] [ERROR] ErrorUtils caught an error:

Could not find element "u_1_a_jh" [Caught in: Module "__elem_de92090e_1_0_lc"]

Subsequent non-fatal errors won't be logged; see https://fburl.com/debugjs. {column: 180, clientTime: 1775172612, extra: Object, guardList: Array(4), hash: f2pxmw} @ https://static.xx.fbcdn.net/rsrc.php/v4/yO/r/pWC1mcrxhju.js:77
[    1189ms] [ERROR] ErrorUtils caught an error:

Could not find element "u_1_b_AH" [Caught in: Module "__elem_072b8e64_1_0_eH"]

Subsequent non-fatal errors won't be logged; see https://fburl.com/debugjs. {column: 180, clientTime: 1775172612, extra: Object, guardList: Array(4), hash: f2pxmw} @ https://static.xx.fbcdn.net/rsrc.php/v4/yO/r/pWC1mcrxhju.js:77
[    1190ms] [ERROR] ErrorUtils caught an error:

Could not find element "u_1_c_ye" [Caught in: Module "__elem_a588f507_1_3_sX"]

Subsequent non-fatal errors won't be logged; see https://fburl.com/debugjs. {column: 180, clientTime: 1775172612, extra: Object, guardList: Array(4), hash: f2pxmw} @ https://static.xx.fbcdn.net/rsrc.php/v4/yO/r/pWC1mcrxhju.js:77
[    1190ms] [ERROR] ErrorUtils caught an error:

Could not find element "u_1_d_oc" [Caught in: Module "__elem_de92090e_1_1_xT"]

Subsequent non-fatal errors won't be logged; see https://fburl.com/debugjs. {column: 180, clientTime: 1775172612, extra: Object, guardList: Array(4), hash: f2pxmw} @ https://static.xx.fbcdn.net/rsrc.php/v4/yO/r/pWC1mcrxhju.js:77
[    1190ms] [ERROR] ErrorUtils caught an error:

Could not find element "u_1_e_pG" [Caught in: Module "__elem_072b8e64_1_1_RB"]

Subsequent non-fatal errors won't be logged; see https://fburl.com/debugjs. {column: 180, clientTime: 1775172612, extra: Object, guardList: Array(4), hash: f2pxmw} @ https://static.xx.fbcdn.net/rsrc.php/v4/yO/r/pWC1mcrxhju.js:77
[    1190ms] [ERROR] ErrorUtils caught an error:

Could not find element "u_1_f_cZ" [Caught in: Module "__elem_a588f507_1_4_mU"]

Subsequent non-fatal errors won't be logged; see https://fburl.com/debugjs. {column: 180, clientTime: 1775172612, extra: Object, guardList: Array(4), hash: f2pxmw} @ https://static.xx.fbcdn.net/rsrc.php/v4/yO/r/pWC1mcrxhju.js:77
[    1191ms] [ERROR] ErrorUtils caught an error:

Could not find element "u_1_g_yZ" [Caught in: Module "__elem_de92090e_1_2_0z"]

Subsequent non-fatal errors won't be logged; see https://fburl.com/debugjs. {column: 180, clientTime: 1775172612, extra: Object, guardList: Array(4), hash: f2pxmw} @ https://static.xx.fbcdn.net/rsrc.php/v4/yO/r/pWC1mcrxhju.js:77
[    1191ms] [ERROR] ErrorUtils caught an error:

Could not find element "u_1_h_Wx" [Caught in: Module "__elem_072b8e64_1_2_pJ"]

Subsequent non-fatal errors won't be logged; see https://fburl.com/debugjs. {column: 180, clientTime: 1775172612, extra: Object, guardList: Array(4), hash: f2pxmw} @ https://static.xx.fbcdn.net/rsrc.php/v4/yO/r/pWC1mcrxhju.js:77
[    1191ms] [ERROR] ErrorUtils caught an error:

Could not find element "u_1_3_pv" [Caught in: Module "__elem_9fc087ed_1_3_Xe"]

Subsequent non-fatal errors won't be logged; see https://fburl.com/debugjs. {column: 180, clientTime: 1775172612, extra: Object, guardList: Array(4), hash: f2pxmw} @ https://static.xx.fbcdn.net/rsrc.php/v4/yO/r/pWC1mcrxhju.js:77
[    1192ms] [ERROR] ErrorUtils caught an error:

Could not find element "u_1_3_pv" [Caught in: Module "__elem_9fc087ed_1_3_Xe"] [Caught in: Requiring module "__elem_9fc087ed_1_3_Xe" which threw an exception]

Subsequent non-fatal errors won't be logged; see https://fburl.com/debugjs. {column: 180, clientTime: 1775172612, extra: Object, guardList: Array(4), hash: f2pxmw} @ https://static.xx.fbcdn.net/rsrc.php/v4/yO/r/pWC1mcrxhju.js:77
[    1192ms] [ERROR] ErrorUtils caught an error:

Could not find element "u_1_2_Tk" [Caught in: Module "__elem_9fc087ed_1_4_aZ"]

Subsequent non-fatal errors won't be logged; see https://fburl.com/debugjs. {column: 180, clientTime: 1775172612, extra: Object, guardList: Array(4), hash: f2pxmw} @ https://static.xx.fbcdn.net/rsrc.php/v4/yO/r/pWC1mcrxhju.js:77
[    1192ms] [ERROR] ErrorUtils caught an error:

Could not find element "u_1_2_Tk" [Caught in: Module "__elem_9fc087ed_1_4_aZ"] [Caught in: Requiring module "__elem_9fc087ed_1_4_aZ" which threw an exception]

Subsequent non-fatal errors won't be logged; see https://fburl.com/debugjs. {column: 180, clientTime: 1775172612, extra: Object, guardList: Array(4), hash: f2pxmw} @ https://static.xx.fbcdn.net/rsrc.php/v4/yO/r/pWC1mcrxhju.js:77
[    1194ms] [ERROR] ErrorUtils caught an error:

Could not find element "u_1_10_b9" [Caught in: Module "__elem_fc9f538f_1_0_wj"]

Subsequent non-fatal errors won't be logged; see https://fburl.com/debugjs. {column: 180, clientTime: 1775172612, extra: Object, guardList: Array(4), hash: ggaz5d} @ https://static.xx.fbcdn.net/rsrc.php/v4/yO/r/pWC1mcrxhju.js:77
[    1194ms] [ERROR] ErrorUtils caught an error:

Could not find element "u_1_n_yN" [Caught in: Module "__elem_fc9f538f_1_1_70"]

Subsequent non-fatal errors won't be logged; see https://fburl.com/debugjs. {column: 180, clientTime: 1775172612, extra: Object, guardList: Array(4), hash: ggaz5d} @ https://static.xx.fbcdn.net/rsrc.php/v4/yO/r/pWC1mcrxhju.js:77
[    1195ms] [ERROR] ErrorUtils caught an error:

Could not find element "u_1_m_f/" [Caught in: Module "__elem_fc9f538f_1_2_DD"]

Subsequent non-fatal errors won't be logged; see https://fburl.com/debugjs. {column: 180, clientTime: 1775172612, extra: Object, guardList: Array(4), hash: ggaz5d} @ https://static.xx.fbcdn.net/rsrc.php/v4/yO/r/pWC1mcrxhju.js:77
[    1195ms] [ERROR] ErrorUtils caught an error:

Could not find element "u_1_11_r4" [Caught in: Module "__elem_fc9f538f_1_3_jZ"]

Subsequent non-fatal errors won't be logged; see https://fburl.com/debugjs. {column: 180, clientTime: 1775172612, extra: Object, guardList: Array(4), hash: ggaz5d} @ https://static.xx.fbcdn.net/rsrc.php/v4/yO/r/pWC1mcrxhju.js:77
[    1195ms] [ERROR] ErrorUtils caught an error:

Could not find element "u_1_u_Xb" [Caught in: Module "__elem_fc9f538f_1_4_cN"]

Subsequent non-fatal errors won't be logged; see https://fburl.com/debugjs. {column: 180, clientTime: 1775172612, extra: Object, guardList: Array(4), hash: ggaz5d} @ https://static.xx.fbcdn.net/rsrc.php/v4/yO/r/pWC1mcrxhju.js:77
[    1195ms] [ERROR] ErrorUtils caught an error:

Could not find element "u_1_o_7h" [Caught in: Module "__elem_a588f507_1_5_im"]

Subsequent non-fatal errors won't be logged; see https://fburl.com/debugjs. {column: 180, clientTime: 1775172612, extra: Object, guardList: Array(4), hash: f2pxmw} @ https://static.xx.fbcdn.net/rsrc.php/v4/yO/r/pWC1mcrxhju.js:77
[    1196ms] [ERROR] ErrorUtils caught an error:

Could not find element "u_1_p_X5" [Caught in: Module "__elem_de92090e_1_3_U3"]

Subsequent non-fatal errors won't be logged; see https://fburl.com/debugjs. {column: 180, clientTime: 1775172612, extra: Object, guardList: Array(4), hash: f2pxmw} @ https://static.xx.fbcdn.net/rsrc.php/v4/yO/r/pWC1mcrxhju.js:77
[    1196ms] [ERROR] ErrorUtils caught an error:

Could not find element "u_1_q_My" [Caught in: Module "__elem_072b8e64_1_3_aS"]

Subsequent non-fatal errors won't be logged; see https://fburl.com/debugjs. {column: 180, clientTime: 1775172612, extra: Object, guardList: Array(4), hash: f2pxmw} @ https://static.xx.fbcdn.net/rsrc.php/v4/yO/r/pWC1mcrxhju.js:77
[    1196ms] [ERROR] ErrorUtils caught an error:

Could not find element "u_1_r_RA" [Caught in: Module "__elem_a588f507_1_6_kn"]

Subsequent non-fatal errors won't be logged; see https://fburl.com/debugjs. {column: 180, clientTime: 1775172612, extra: Object, guardList: Array(4), hash: f2pxmw} @ https://static.xx.fbcdn.net/rsrc.php/v4/yO/r/pWC1mcrxhju.js:77
[    1197ms] [ERROR] ErrorUtils caught an error:

Could not find element "u_1_s_NX" [Caught in: Module "__elem_de92090e_1_4_Cs"]

Subsequent non-fatal errors won't be logged; see https://fburl.com/debugjs. {column: 180, clientTime: 1775172612, extra: Object, guardList: Array(4), hash: f2pxmw} @ https://static.xx.fbcdn.net/rsrc.php/v4/yO/r/pWC1mcrxhju.js:77
[    1197ms] [ERROR] ErrorUtils caught an error:

Could not find element "u_1_t_jC" [Caught in: Module "__elem_072b8e64_1_4_na"]

Subsequent non-fatal errors won't be logged; see https://fburl.com/debugjs. {column: 180, clientTime: 1775172612, extra: Object, guardList: Array(4), hash: f2pxmw} @ https://static.xx.fbcdn.net/rsrc.php/v4/yO/r/pWC1mcrxhju.js:77
