[    1402ms] [ERROR] ErrorUtils caught an error:

Could not find element "u_1_12_0z" [Caught in: Module "__elem_a588f507_1_0_Bz"]

Subsequent non-fatal errors won't be logged; see https://fburl.com/debugjs. {column: 180, clientTime: 1775172896, extra: Object, guardList: Array(4), hash: f2pxmw} @ https://static.xx.fbcdn.net/rsrc.php/v4/yO/r/pWC1mcrxhju.js:77
[    1403ms] [ERROR] ErrorUtils caught an error:

DataStore.get: namespace is required, got undefined

Subsequent non-fatal errors won't be logged; see https://fburl.com/debugjs. {column: 694, clientTime: 1775172896, extra: Object, guardList: Array(4), hash: fpb5ss} @ https://static.xx.fbcdn.net/rsrc.php/v4/yO/r/pWC1mcrxhju.js:77
[    1406ms] [ERROR] ErrorUtils caught an error:

Could not find element "u_1_0_BS" [Caught in: Module "__elem_9fc087ed_1_0_j4"]

Subsequent non-fatal errors won't be logged; see https://fburl.com/debugjs. {column: 180, clientTime: 1775172896, extra: Object, guardList: Array(4), hash: f2pxmw} @ https://static.xx.fbcdn.net/rsrc.php/v4/yO/r/pWC1mcrxhju.js:77
[    1407ms] [ERROR] ErrorUtils caught an error:

Could not find element "u_1_0_BS" [Caught in: Module "__elem_9fc087ed_1_0_j4"] [Caught in: Requiring module "__elem_9fc087ed_1_0_j4" which threw an exception]

Subsequent non-fatal errors won't be logged; see https://fburl.com/debugjs. {column: 180, clientTime: 1775172896, extra: Object, guardList: Array(4), hash: f2pxmw} @ https://static.xx.fbcdn.net/rsrc.php/v4/yO/r/pWC1mcrxhju.js:77
[    1407ms] [ERROR] ErrorUtils caught an error:

Could not find element "u_1_4_yF" [Caught in: Module "__elem_9fc087ed_1_1_A4"]

Subsequent non-fatal errors won't be logged; see https://fburl.com/debugjs. {column: 180, clientTime: 1775172896, extra: Object, guardList: Array(4), hash: f2pxmw} @ https://static.xx.fbcdn.net/rsrc.php/v4/yO/r/pWC1mcrxhju.js:77
[    1408ms] [ERROR] ErrorUtils caught an error:

Could not find element "u_1_4_yF" [Caught in: Module "__elem_9fc087ed_1_1_A4"] [Caught in: Requiring module "__elem_9fc087ed_1_1_A4" which threw an exception]

Subsequent non-fatal errors won't be logged; see https://fburl.com/debugjs. {column: 180, clientTime: 1775172896, extra: Object, guardList: Array(4), hash: f2pxmw} @ https://static.xx.fbcdn.net/rsrc.php/v4/yO/r/pWC1mcrxhju.js:77
[    1408ms] [ERROR] ErrorUtils caught an error:

Could not find element "u_1_1_2i" [Caught in: Module "__elem_9fc087ed_1_2_49"]

Subsequent non-fatal errors won't be logged; see https://fburl.com/debugjs. {column: 180, clientTime: 1775172896, extra: Object, guardList: Array(4), hash: f2pxmw} @ https://static.xx.fbcdn.net/rsrc.php/v4/yO/r/pWC1mcrxhju.js:77
[    1409ms] [ERROR] ErrorUtils caught an error:

Could not find element "u_1_1_2i" [Caught in: Module "__elem_9fc087ed_1_2_49"] [Caught in: Requiring module "__elem_9fc087ed_1_2_49" which threw an exception]

Subsequent non-fatal errors won't be logged; see https://fburl.com/debugjs. {column: 180, clientTime: 1775172896, extra: Object, guardList: Array(4), hash: f2pxmw} @ https://static.xx.fbcdn.net/rsrc.php/v4/yO/r/pWC1mcrxhju.js:77
[    1410ms] [ERROR] ErrorUtils caught an error:

Could not find element "u_1_2_Ab" [Caught in: Module "__elem_9fc087ed_1_3_9a"]

Subsequent non-fatal errors won't be logged; see https://fburl.com/debugjs. {column: 180, clientTime: 1775172896, extra: Object, guardList: Array(4), hash: f2pxmw} @ https://static.xx.fbcdn.net/rsrc.php/v4/yO/r/pWC1mcrxhju.js:77
[    1411ms] [ERROR] ErrorUtils caught an error:

Could not find element "u_1_2_Ab" [Caught in: Module "__elem_9fc087ed_1_3_9a"] [Caught in: Requiring module "__elem_9fc087ed_1_3_9a" which threw an exception]

Subsequent non-fatal errors won't be logged; see https://fburl.com/debugjs. {column: 180, clientTime: 1775172896, extra: Object, guardList: Array(4), hash: f2pxmw} @ https://static.xx.fbcdn.net/rsrc.php/v4/yO/r/pWC1mcrxhju.js:77
[    1411ms] [ERROR] ErrorUtils caught an error:

Could not find element "u_1_3_UJ" [Caught in: Module "__elem_9fc087ed_1_4_IV"]

Subsequent non-fatal errors won't be logged; see https://fburl.com/debugjs. {column: 180, clientTime: 1775172896, extra: Object, guardList: Array(4), hash: f2pxmw} @ https://static.xx.fbcdn.net/rsrc.php/v4/yO/r/pWC1mcrxhju.js:77
[    1412ms] [ERROR] ErrorUtils caught an error:

Could not find element "u_1_3_UJ" [Caught in: Module "__elem_9fc087ed_1_4_IV"] [Caught in: Requiring module "__elem_9fc087ed_1_4_IV" which threw an exception]

Subsequent non-fatal errors won't be logged; see https://fburl.com/debugjs. {column: 180, clientTime: 1775172896, extra: Object, guardList: Array(4), hash: f2pxmw} @ https://static.xx.fbcdn.net/rsrc.php/v4/yO/r/pWC1mcrxhju.js:77
[    1412ms] [ERROR] ErrorUtils caught an error:

Could not find element "u_1_e_L2" [Caught in: Module "__elem_fc9f538f_1_0_hw"]

Subsequent non-fatal errors won't be logged; see https://fburl.com/debugjs. {column: 180, clientTime: 1775172896, extra: Object, guardList: Array(4), hash: ggaz5d} @ https://static.xx.fbcdn.net/rsrc.php/v4/yO/r/pWC1mcrxhju.js:77
[    1413ms] [ERROR] ErrorUtils caught an error:

Could not find element "u_1_d_UU" [Caught in: Module "__elem_fc9f538f_1_1_fh"]

Subsequent non-fatal errors won't be logged; see https://fburl.com/debugjs. {column: 180, clientTime: 1775172896, extra: Object, guardList: Array(4), hash: ggaz5d} @ https://static.xx.fbcdn.net/rsrc.php/v4/yO/r/pWC1mcrxhju.js:77
[    1413ms] [ERROR] ErrorUtils caught an error:

Could not find element "u_1_7_WZ" [Caught in: Module "__elem_a588f507_1_2_4T"]

Subsequent non-fatal errors won't be logged; see https://fburl.com/debugjs. {column: 180, clientTime: 1775172896, extra: Object, guardList: Array(4), hash: f2pxmw} @ https://static.xx.fbcdn.net/rsrc.php/v4/yO/r/pWC1mcrxhju.js:77
[    1413ms] [ERROR] ErrorUtils caught an error:

Could not find element "u_1_8_Cb" [Caught in: Module "__elem_de92090e_1_0_xO"]

Subsequent non-fatal errors won't be logged; see https://fburl.com/debugjs. {column: 180, clientTime: 1775172896, extra: Object, guardList: Array(4), hash: f2pxmw} @ https://static.xx.fbcdn.net/rsrc.php/v4/yO/r/pWC1mcrxhju.js:77
[    1414ms] [ERROR] ErrorUtils caught an error:

Could not find element "u_1_9_ej" [Caught in: Module "__elem_072b8e64_1_0_vK"]

Subsequent non-fatal errors won't be logged; see https://fburl.com/debugjs. {column: 180, clientTime: 1775172896, extra: Object, guardList: Array(4), hash: f2pxmw} @ https://static.xx.fbcdn.net/rsrc.php/v4/yO/r/pWC1mcrxhju.js:77
[    1414ms] [ERROR] ErrorUtils caught an error:

Could not find element "u_1_a_kG" [Caught in: Module "__elem_a588f507_1_3_nR"]

Subsequent non-fatal errors won't be logged; see https://fburl.com/debugjs. {column: 180, clientTime: 1775172896, extra: Object, guardList: Array(4), hash: f2pxmw} @ https://static.xx.fbcdn.net/rsrc.php/v4/yO/r/pWC1mcrxhju.js:77
[    1415ms] [ERROR] ErrorUtils caught an error:

Could not find element "u_1_b_QX" [Caught in: Module "__elem_de92090e_1_1_6o"]

Subsequent non-fatal errors won't be logged; see https://fburl.com/debugjs. {column: 180, clientTime: 1775172896, extra: Object, guardList: Array(4), hash: f2pxmw} @ https://static.xx.fbcdn.net/rsrc.php/v4/yO/r/pWC1mcrxhju.js:77
[    1415ms] [ERROR] ErrorUtils caught an error:

Could not find element "u_1_c_U3" [Caught in: Module "__elem_072b8e64_1_1_BD"]

Subsequent non-fatal errors won't be logged; see https://fburl.com/debugjs. {column: 180, clientTime: 1775172896, extra: Object, guardList: Array(4), hash: f2pxmw} @ https://static.xx.fbcdn.net/rsrc.php/v4/yO/r/pWC1mcrxhju.js:77
[    1415ms] [ERROR] ErrorUtils caught an error:

Could not find element "u_1_v_H8" [Caught in: Module "__elem_fc9f538f_1_2_PI"]

Subsequent non-fatal errors won't be logged; see https://fburl.com/debugjs. {column: 180, clientTime: 1775172896, extra: Object, guardList: Array(4), hash: ggaz5d} @ https://static.xx.fbcdn.net/rsrc.php/v4/yO/r/pWC1mcrxhju.js:77
[    1416ms] [ERROR] ErrorUtils caught an error:

Could not find element "u_1_11_wk" [Caught in: Module "__elem_fc9f538f_1_3_vx"]

Subsequent non-fatal errors won't be logged; see https://fburl.com/debugjs. {column: 180, clientTime: 1775172896, extra: Object, guardList: Array(4), hash: ggaz5d} @ https://static.xx.fbcdn.net/rsrc.php/v4/yO/r/pWC1mcrxhju.js:77
[    1416ms] [ERROR] ErrorUtils caught an error:

Could not find element "u_1_u_am" [Caught in: Module "__elem_fc9f538f_1_4_3c"]

Subsequent non-fatal errors won't be logged; see https://fburl.com/debugjs. {column: 180, clientTime: 1775172896, extra: Object, guardList: Array(4), hash: ggaz5d} @ https://static.xx.fbcdn.net/rsrc.php/v4/yO/r/pWC1mcrxhju.js:77
[    1416ms] [ERROR] ErrorUtils caught an error:

Could not find element "u_1_l_Ph" [Caught in: Module "__elem_a588f507_1_4_zp"]

Subsequent non-fatal errors won't be logged; see https://fburl.com/debugjs. {column: 180, clientTime: 1775172896, extra: Object, guardList: Array(4), hash: f2pxmw} @ https://static.xx.fbcdn.net/rsrc.php/v4/yO/r/pWC1mcrxhju.js:77
[    1416ms] [ERROR] ErrorUtils caught an error:

Could not find element "u_1_m_/Z" [Caught in: Module "__elem_de92090e_1_2_qU"]

Subsequent non-fatal errors won't be logged; see https://fburl.com/debugjs. {column: 180, clientTime: 1775172896, extra: Object, guardList: Array(4), hash: f2pxmw} @ https://static.xx.fbcdn.net/rsrc.php/v4/yO/r/pWC1mcrxhju.js:77
[    1416ms] [ERROR] ErrorUtils caught an error:

Could not find element "u_1_n_zO" [Caught in: Module "__elem_072b8e64_1_2_np"]

Subsequent non-fatal errors won't be logged; see https://fburl.com/debugjs. {column: 180, clientTime: 1775172896, extra: Object, guardList: Array(4), hash: f2pxmw} @ https://static.xx.fbcdn.net/rsrc.php/v4/yO/r/pWC1mcrxhju.js:77
[    1417ms] [ERROR] ErrorUtils caught an error:

Could not find element "u_1_o_EY" [Caught in: Module "__elem_a588f507_1_5_5p"]

Subsequent non-fatal errors won't be logged; see https://fburl.com/debugjs. {column: 180, clientTime: 1775172896, extra: Object, guardList: Array(4), hash: f2pxmw} @ https://static.xx.fbcdn.net/rsrc.php/v4/yO/r/pWC1mcrxhju.js:77
[    1417ms] [ERROR] ErrorUtils caught an error:

Could not find element "u_1_p_uE" [Caught in: Module "__elem_de92090e_1_3_Ch"]

Subsequent non-fatal errors won't be logged; see https://fburl.com/debugjs. {column: 180, clientTime: 1775172896, extra: Object, guardList: Array(4), hash: f2pxmw} @ https://static.xx.fbcdn.net/rsrc.php/v4/yO/r/pWC1mcrxhju.js:77
[    1417ms] [ERROR] ErrorUtils caught an error:

Could not find element "u_1_q_7I" [Caught in: Module "__elem_072b8e64_1_3_eo"]

Subsequent non-fatal errors won't be logged; see https://fburl.com/debugjs. {column: 180, clientTime: 1775172896, extra: Object, guardList: Array(4), hash: f2pxmw} @ https://static.xx.fbcdn.net/rsrc.php/v4/yO/r/pWC1mcrxhju.js:77
[    1417ms] [ERROR] ErrorUtils caught an error:

Could not find element "u_1_r_B+" [Caught in: Module "__elem_a588f507_1_6_jK"]

Subsequent non-fatal errors won't be logged; see https://fburl.com/debugjs. {column: 180, clientTime: 1775172896, extra: Object, guardList: Array(4), hash: f2pxmw} @ https://static.xx.fbcdn.net/rsrc.php/v4/yO/r/pWC1mcrxhju.js:77
[    1417ms] [ERROR] ErrorUtils caught an error:

Could not find element "u_1_s_Gt" [Caught in: Module "__elem_de92090e_1_4_2k"]

Subsequent non-fatal errors won't be logged; see https://fburl.com/debugjs. {column: 180, clientTime: 1775172896, extra: Object, guardList: Array(4), hash: f2pxmw} @ https://static.xx.fbcdn.net/rsrc.php/v4/yO/r/pWC1mcrxhju.js:77
[    1418ms] [ERROR] ErrorUtils caught an error:

Could not find element "u_1_t_iZ" [Caught in: Module "__elem_072b8e64_1_4_+O"]

Subsequent non-fatal errors won't be logged; see https://fburl.com/debugjs. {column: 180, clientTime: 1775172896, extra: Object, guardList: Array(4), hash: f2pxmw} @ https://static.xx.fbcdn.net/rsrc.php/v4/yO/r/pWC1mcrxhju.js:77
