[    1474ms] [ERROR] ErrorUtils caught an error:

Could not find element "u_1_12_ob" [Caught in: Module "__elem_a588f507_1_0_5u"]

Subsequent non-fatal errors won't be logged; see https://fburl.com/debugjs. {column: 180, clientTime: 1775172779, extra: Object, guardList: Array(4), hash: f2pxmw} @ https://static.xx.fbcdn.net/rsrc.php/v4/yO/r/pWC1mcrxhju.js:77
[    1475ms] [ERROR] ErrorUtils caught an error:

DataStore.get: namespace is required, got undefined

Subsequent non-fatal errors won't be logged; see https://fburl.com/debugjs. {column: 694, clientTime: 1775172779, extra: Object, guardList: Array(4), hash: fpb5ss} @ https://static.xx.fbcdn.net/rsrc.php/v4/yO/r/pWC1mcrxhju.js:77
[    1476ms] [ERROR] ErrorUtils caught an error:

Could not find element "u_1_0_17" [Caught in: Module "__elem_9fc087ed_1_0_EJ"]

Subsequent non-fatal errors won't be logged; see https://fburl.com/debugjs. {column: 180, clientTime: 1775172779, extra: Object, guardList: Array(4), hash: f2pxmw} @ https://static.xx.fbcdn.net/rsrc.php/v4/yO/r/pWC1mcrxhju.js:77
[    1476ms] [ERROR] ErrorUtils caught an error:

Could not find element "u_1_0_17" [Caught in: Module "__elem_9fc087ed_1_0_EJ"] [Caught in: Requiring module "__elem_9fc087ed_1_0_EJ" which threw an exception]

Subsequent non-fatal errors won't be logged; see https://fburl.com/debugjs. {column: 180, clientTime: 1775172779, extra: Object, guardList: Array(4), hash: f2pxmw} @ https://static.xx.fbcdn.net/rsrc.php/v4/yO/r/pWC1mcrxhju.js:77
[    1476ms] [ERROR] ErrorUtils caught an error:

Could not find element "u_1_1_7G" [Caught in: Module "__elem_9fc087ed_1_1_rq"]

Subsequent non-fatal errors won't be logged; see https://fburl.com/debugjs. {column: 180, clientTime: 1775172779, extra: Object, guardList: Array(4), hash: f2pxmw} @ https://static.xx.fbcdn.net/rsrc.php/v4/yO/r/pWC1mcrxhju.js:77
[    1476ms] [ERROR] ErrorUtils caught an error:

Could not find element "u_1_1_7G" [Caught in: Module "__elem_9fc087ed_1_1_rq"] [Caught in: Requiring module "__elem_9fc087ed_1_1_rq" which threw an exception]

Subsequent non-fatal errors won't be logged; see https://fburl.com/debugjs. {column: 180, clientTime: 1775172779, extra: Object, guardList: Array(4), hash: f2pxmw} @ https://static.xx.fbcdn.net/rsrc.php/v4/yO/r/pWC1mcrxhju.js:77
[    1477ms] [ERROR] ErrorUtils caught an error:

Could not find element "u_1_4_OH" [Caught in: Module "__elem_9fc087ed_1_2_qb"]

Subsequent non-fatal errors won't be logged; see https://fburl.com/debugjs. {column: 180, clientTime: 1775172779, extra: Object, guardList: Array(4), hash: f2pxmw} @ https://static.xx.fbcdn.net/rsrc.php/v4/yO/r/pWC1mcrxhju.js:77
[    1477ms] [ERROR] ErrorUtils caught an error:

Could not find element "u_1_4_OH" [Caught in: Module "__elem_9fc087ed_1_2_qb"] [Caught in: Requiring module "__elem_9fc087ed_1_2_qb" which threw an exception]

Subsequent non-fatal errors won't be logged; see https://fburl.com/debugjs. {column: 180, clientTime: 1775172779, extra: Object, guardList: Array(4), hash: f2pxmw} @ https://static.xx.fbcdn.net/rsrc.php/v4/yO/r/pWC1mcrxhju.js:77
[    1477ms] [ERROR] ErrorUtils caught an error:

Could not find element "u_1_2_cv" [Caught in: Module "__elem_9fc087ed_1_3_uq"]

Subsequent non-fatal errors won't be logged; see https://fburl.com/debugjs. {column: 180, clientTime: 1775172779, extra: Object, guardList: Array(4), hash: f2pxmw} @ https://static.xx.fbcdn.net/rsrc.php/v4/yO/r/pWC1mcrxhju.js:77
[    1478ms] [ERROR] ErrorUtils caught an error:

Could not find element "u_1_2_cv" [Caught in: Module "__elem_9fc087ed_1_3_uq"] [Caught in: Requiring module "__elem_9fc087ed_1_3_uq" which threw an exception]

Subsequent non-fatal errors won't be logged; see https://fburl.com/debugjs. {column: 180, clientTime: 1775172779, extra: Object, guardList: Array(4), hash: f2pxmw} @ https://static.xx.fbcdn.net/rsrc.php/v4/yO/r/pWC1mcrxhju.js:77
[    1478ms] [ERROR] ErrorUtils caught an error:

Could not find element "u_1_9_lb" [Caught in: Module "__elem_fc9f538f_1_0_B3"]

Subsequent non-fatal errors won't be logged; see https://fburl.com/debugjs. {column: 180, clientTime: 1775172779, extra: Object, guardList: Array(4), hash: ggaz5d} @ https://static.xx.fbcdn.net/rsrc.php/v4/yO/r/pWC1mcrxhju.js:77
[    1478ms] [ERROR] ErrorUtils caught an error:

Could not find element "u_1_6_bm" [Caught in: Module "__elem_a588f507_1_2_CZ"]

Subsequent non-fatal errors won't be logged; see https://fburl.com/debugjs. {column: 180, clientTime: 1775172779, extra: Object, guardList: Array(4), hash: f2pxmw} @ https://static.xx.fbcdn.net/rsrc.php/v4/yO/r/pWC1mcrxhju.js:77
[    1478ms] [ERROR] ErrorUtils caught an error:

Could not find element "u_1_7_F7" [Caught in: Module "__elem_de92090e_1_0_tI"]

Subsequent non-fatal errors won't be logged; see https://fburl.com/debugjs. {column: 180, clientTime: 1775172779, extra: Object, guardList: Array(4), hash: f2pxmw} @ https://static.xx.fbcdn.net/rsrc.php/v4/yO/r/pWC1mcrxhju.js:77
[    1479ms] [ERROR] ErrorUtils caught an error:

Could not find element "u_1_8_S9" [Caught in: Module "__elem_072b8e64_1_0_+4"]

Subsequent non-fatal errors won't be logged; see https://fburl.com/debugjs. {column: 180, clientTime: 1775172779, extra: Object, guardList: Array(4), hash: f2pxmw} @ https://static.xx.fbcdn.net/rsrc.php/v4/yO/r/pWC1mcrxhju.js:77
[    1479ms] [ERROR] ErrorUtils caught an error:

Could not find element "u_1_3_cc" [Caught in: Module "__elem_9fc087ed_1_4_G3"]

Subsequent non-fatal errors won't be logged; see https://fburl.com/debugjs. {column: 180, clientTime: 1775172779, extra: Object, guardList: Array(4), hash: f2pxmw} @ https://static.xx.fbcdn.net/rsrc.php/v4/yO/r/pWC1mcrxhju.js:77
[    1479ms] [ERROR] ErrorUtils caught an error:

Could not find element "u_1_3_cc" [Caught in: Module "__elem_9fc087ed_1_4_G3"] [Caught in: Requiring module "__elem_9fc087ed_1_4_G3" which threw an exception]

Subsequent non-fatal errors won't be logged; see https://fburl.com/debugjs. {column: 180, clientTime: 1775172779, extra: Object, guardList: Array(4), hash: f2pxmw} @ https://static.xx.fbcdn.net/rsrc.php/v4/yO/r/pWC1mcrxhju.js:77
[    1479ms] [ERROR] ErrorUtils caught an error:

Could not find element "u_1_u_aE" [Caught in: Module "__elem_fc9f538f_1_1_lm"]

Subsequent non-fatal errors won't be logged; see https://fburl.com/debugjs. {column: 180, clientTime: 1775172779, extra: Object, guardList: Array(4), hash: ggaz5d} @ https://static.xx.fbcdn.net/rsrc.php/v4/yO/r/pWC1mcrxhju.js:77
[    1480ms] [ERROR] ErrorUtils caught an error:

Could not find element "u_1_t_Gb" [Caught in: Module "__elem_fc9f538f_1_2_8G"]

Subsequent non-fatal errors won't be logged; see https://fburl.com/debugjs. {column: 180, clientTime: 1775172779, extra: Object, guardList: Array(4), hash: ggaz5d} @ https://static.xx.fbcdn.net/rsrc.php/v4/yO/r/pWC1mcrxhju.js:77
[    1480ms] [ERROR] ErrorUtils caught an error:

Could not find element "u_1_10_x6" [Caught in: Module "__elem_fc9f538f_1_3_i0"]

Subsequent non-fatal errors won't be logged; see https://fburl.com/debugjs. {column: 180, clientTime: 1775172779, extra: Object, guardList: Array(4), hash: ggaz5d} @ https://static.xx.fbcdn.net/rsrc.php/v4/yO/r/pWC1mcrxhju.js:77
[    1480ms] [ERROR] ErrorUtils caught an error:

Could not find element "u_1_11_yh" [Caught in: Module "__elem_fc9f538f_1_4_co"]

Subsequent non-fatal errors won't be logged; see https://fburl.com/debugjs. {column: 180, clientTime: 1775172779, extra: Object, guardList: Array(4), hash: ggaz5d} @ https://static.xx.fbcdn.net/rsrc.php/v4/yO/r/pWC1mcrxhju.js:77
[    1480ms] [ERROR] ErrorUtils caught an error:

Could not find element "u_1_h_ru" [Caught in: Module "__elem_a588f507_1_3_RX"]

Subsequent non-fatal errors won't be logged; see https://fburl.com/debugjs. {column: 180, clientTime: 1775172779, extra: Object, guardList: Array(4), hash: f2pxmw} @ https://static.xx.fbcdn.net/rsrc.php/v4/yO/r/pWC1mcrxhju.js:77
[    1481ms] [ERROR] ErrorUtils caught an error:

Could not find element "u_1_i_YO" [Caught in: Module "__elem_de92090e_1_1_ql"]

Subsequent non-fatal errors won't be logged; see https://fburl.com/debugjs. {column: 180, clientTime: 1775172779, extra: Object, guardList: Array(4), hash: f2pxmw} @ https://static.xx.fbcdn.net/rsrc.php/v4/yO/r/pWC1mcrxhju.js:77
[    1481ms] [ERROR] ErrorUtils caught an error:

Could not find element "u_1_j_TU" [Caught in: Module "__elem_072b8e64_1_1_97"]

Subsequent non-fatal errors won't be logged; see https://fburl.com/debugjs. {column: 180, clientTime: 1775172779, extra: Object, guardList: Array(4), hash: f2pxmw} @ https://static.xx.fbcdn.net/rsrc.php/v4/yO/r/pWC1mcrxhju.js:77
[    1481ms] [ERROR] ErrorUtils caught an error:

Could not find element "u_1_k_D/" [Caught in: Module "__elem_a588f507_1_4_NP"]

Subsequent non-fatal errors won't be logged; see https://fburl.com/debugjs. {column: 180, clientTime: 1775172779, extra: Object, guardList: Array(4), hash: f2pxmw} @ https://static.xx.fbcdn.net/rsrc.php/v4/yO/r/pWC1mcrxhju.js:77
[    1481ms] [ERROR] ErrorUtils caught an error:

Could not find element "u_1_l_p5" [Caught in: Module "__elem_de92090e_1_2_cr"]

Subsequent non-fatal errors won't be logged; see https://fburl.com/debugjs. {column: 180, clientTime: 1775172779, extra: Object, guardList: Array(4), hash: f2pxmw} @ https://static.xx.fbcdn.net/rsrc.php/v4/yO/r/pWC1mcrxhju.js:77
[    1482ms] [ERROR] ErrorUtils caught an error:

Could not find element "u_1_m_Yw" [Caught in: Module "__elem_072b8e64_1_2_10"]

Subsequent non-fatal errors won't be logged; see https://fburl.com/debugjs. {column: 180, clientTime: 1775172779, extra: Object, guardList: Array(4), hash: f2pxmw} @ https://static.xx.fbcdn.net/rsrc.php/v4/yO/r/pWC1mcrxhju.js:77
[    1482ms] [ERROR] ErrorUtils caught an error:

Could not find element "u_1_n_Q7" [Caught in: Module "__elem_a588f507_1_5_/n"]

Subsequent non-fatal errors won't be logged; see https://fburl.com/debugjs. {column: 180, clientTime: 1775172779, extra: Object, guardList: Array(4), hash: f2pxmw} @ https://static.xx.fbcdn.net/rsrc.php/v4/yO/r/pWC1mcrxhju.js:77
[    1482ms] [ERROR] ErrorUtils caught an error:

Could not find element "u_1_o_Jb" [Caught in: Module "__elem_de92090e_1_3_Jt"]

Subsequent non-fatal errors won't be logged; see https://fburl.com/debugjs. {column: 180, clientTime: 1775172779, extra: Object, guardList: Array(4), hash: f2pxmw} @ https://static.xx.fbcdn.net/rsrc.php/v4/yO/r/pWC1mcrxhju.js:77
[    1482ms] [ERROR] ErrorUtils caught an error:

Could not find element "u_1_p_+6" [Caught in: Module "__elem_072b8e64_1_3_pL"]

Subsequent non-fatal errors won't be logged; see https://fburl.com/debugjs. {column: 180, clientTime: 1775172779, extra: Object, guardList: Array(4), hash: f2pxmw} @ https://static.xx.fbcdn.net/rsrc.php/v4/yO/r/pWC1mcrxhju.js:77
[    1483ms] [ERROR] ErrorUtils caught an error:

Could not find element "u_1_q_2y" [Caught in: Module "__elem_a588f507_1_6_3i"]

Subsequent non-fatal errors won't be logged; see https://fburl.com/debugjs. {column: 180, clientTime: 1775172779, extra: Object, guardList: Array(4), hash: f2pxmw} @ https://static.xx.fbcdn.net/rsrc.php/v4/yO/r/pWC1mcrxhju.js:77
[    1483ms] [ERROR] ErrorUtils caught an error:

Could not find element "u_1_r_ee" [Caught in: Module "__elem_de92090e_1_4_S7"]

Subsequent non-fatal errors won't be logged; see https://fburl.com/debugjs. {column: 180, clientTime: 1775172779, extra: Object, guardList: Array(4), hash: f2pxmw} @ https://static.xx.fbcdn.net/rsrc.php/v4/yO/r/pWC1mcrxhju.js:77
[    1483ms] [ERROR] ErrorUtils caught an error:

Could not find element "u_1_s_k2" [Caught in: Module "__elem_072b8e64_1_4_a0"]

Subsequent non-fatal errors won't be logged; see https://fburl.com/debugjs. {column: 180, clientTime: 1775172779, extra: Object, guardList: Array(4), hash: f2pxmw} @ https://static.xx.fbcdn.net/rsrc.php/v4/yO/r/pWC1mcrxhju.js:77
