[    2705ms] [ERROR] ErrorUtils caught an error:

Could not find element "u_1_12_Tp" [Caught in: Module "__elem_a588f507_1_0_zO"]

Subsequent non-fatal errors won't be logged; see https://fburl.com/debugjs. {column: 180, clientTime: 1775171178, extra: Object, guardList: Array(4), hash: f2pxmw} @ https://static.xx.fbcdn.net/rsrc.php/v4/yO/r/pWC1mcrxhju.js:77
[    2707ms] [ERROR] ErrorUtils caught an error:

DataStore.get: namespace is required, got undefined

Subsequent non-fatal errors won't be logged; see https://fburl.com/debugjs. {column: 694, clientTime: 1775171178, extra: Object, guardList: Array(4), hash: fpb5ss} @ https://static.xx.fbcdn.net/rsrc.php/v4/yO/r/pWC1mcrxhju.js:77
[    2712ms] [ERROR] ErrorUtils caught an error:

Could not find element "u_1_0_bC" [Caught in: Module "__elem_9fc087ed_1_0_nr"]

Subsequent non-fatal errors won't be logged; see https://fburl.com/debugjs. {column: 180, clientTime: 1775171178, extra: Object, guardList: Array(4), hash: f2pxmw} @ https://static.xx.fbcdn.net/rsrc.php/v4/yO/r/pWC1mcrxhju.js:77
[    2713ms] [ERROR] ErrorUtils caught an error:

Could not find element "u_1_0_bC" [Caught in: Module "__elem_9fc087ed_1_0_nr"] [Caught in: Requiring module "__elem_9fc087ed_1_0_nr" which threw an exception]

Subsequent non-fatal errors won't be logged; see https://fburl.com/debugjs. {column: 180, clientTime: 1775171178, extra: Object, guardList: Array(4), hash: f2pxmw} @ https://static.xx.fbcdn.net/rsrc.php/v4/yO/r/pWC1mcrxhju.js:77
[    2714ms] [ERROR] ErrorUtils caught an error:

Could not find element "u_1_1_+7" [Caught in: Module "__elem_9fc087ed_1_1_dc"]

Subsequent non-fatal errors won't be logged; see https://fburl.com/debugjs. {column: 180, clientTime: 1775171178, extra: Object, guardList: Array(4), hash: f2pxmw} @ https://static.xx.fbcdn.net/rsrc.php/v4/yO/r/pWC1mcrxhju.js:77
[    2715ms] [ERROR] ErrorUtils caught an error:

Could not find element "u_1_1_+7" [Caught in: Module "__elem_9fc087ed_1_1_dc"] [Caught in: Requiring module "__elem_9fc087ed_1_1_dc" which threw an exception]

Subsequent non-fatal errors won't be logged; see https://fburl.com/debugjs. {column: 180, clientTime: 1775171178, extra: Object, guardList: Array(4), hash: f2pxmw} @ https://static.xx.fbcdn.net/rsrc.php/v4/yO/r/pWC1mcrxhju.js:77
[    2716ms] [ERROR] ErrorUtils caught an error:

Could not find element "u_1_4_h+" [Caught in: Module "__elem_9fc087ed_1_2_RK"]

Subsequent non-fatal errors won't be logged; see https://fburl.com/debugjs. {column: 180, clientTime: 1775171178, extra: Object, guardList: Array(4), hash: f2pxmw} @ https://static.xx.fbcdn.net/rsrc.php/v4/yO/r/pWC1mcrxhju.js:77
[    2717ms] [ERROR] ErrorUtils caught an error:

Could not find element "u_1_4_h+" [Caught in: Module "__elem_9fc087ed_1_2_RK"] [Caught in: Requiring module "__elem_9fc087ed_1_2_RK" which threw an exception]

Subsequent non-fatal errors won't be logged; see https://fburl.com/debugjs. {column: 180, clientTime: 1775171178, extra: Object, guardList: Array(4), hash: f2pxmw} @ https://static.xx.fbcdn.net/rsrc.php/v4/yO/r/pWC1mcrxhju.js:77
[    2718ms] [ERROR] ErrorUtils caught an error:

Could not find element "u_1_2_/p" [Caught in: Module "__elem_9fc087ed_1_3_dD"]

Subsequent non-fatal errors won't be logged; see https://fburl.com/debugjs. {column: 180, clientTime: 1775171178, extra: Object, guardList: Array(4), hash: f2pxmw} @ https://static.xx.fbcdn.net/rsrc.php/v4/yO/r/pWC1mcrxhju.js:77
[    2718ms] [ERROR] ErrorUtils caught an error:

Could not find element "u_1_2_/p" [Caught in: Module "__elem_9fc087ed_1_3_dD"] [Caught in: Requiring module "__elem_9fc087ed_1_3_dD" which threw an exception]

Subsequent non-fatal errors won't be logged; see https://fburl.com/debugjs. {column: 180, clientTime: 1775171178, extra: Object, guardList: Array(4), hash: f2pxmw} @ https://static.xx.fbcdn.net/rsrc.php/v4/yO/r/pWC1mcrxhju.js:77
[    2719ms] [ERROR] ErrorUtils caught an error:

Could not find element "u_1_3_UV" [Caught in: Module "__elem_9fc087ed_1_4_Kb"]

Subsequent non-fatal errors won't be logged; see https://fburl.com/debugjs. {column: 180, clientTime: 1775171178, extra: Object, guardList: Array(4), hash: f2pxmw} @ https://static.xx.fbcdn.net/rsrc.php/v4/yO/r/pWC1mcrxhju.js:77
[    2720ms] [ERROR] ErrorUtils caught an error:

Could not find element "u_1_3_UV" [Caught in: Module "__elem_9fc087ed_1_4_Kb"] [Caught in: Requiring module "__elem_9fc087ed_1_4_Kb" which threw an exception]

Subsequent non-fatal errors won't be logged; see https://fburl.com/debugjs. {column: 180, clientTime: 1775171178, extra: Object, guardList: Array(4), hash: f2pxmw} @ https://static.xx.fbcdn.net/rsrc.php/v4/yO/r/pWC1mcrxhju.js:77
[    2721ms] [ERROR] ErrorUtils caught an error:

Could not find element "u_1_d_ig" [Caught in: Module "__elem_a588f507_1_2_x+"]

Subsequent non-fatal errors won't be logged; see https://fburl.com/debugjs. {column: 180, clientTime: 1775171178, extra: Object, guardList: Array(4), hash: f2pxmw} @ https://static.xx.fbcdn.net/rsrc.php/v4/yO/r/pWC1mcrxhju.js:77
[    2721ms] [ERROR] ErrorUtils caught an error:

Could not find element "u_1_e_+s" [Caught in: Module "__elem_de92090e_1_0_8S"]

Subsequent non-fatal errors won't be logged; see https://fburl.com/debugjs. {column: 180, clientTime: 1775171178, extra: Object, guardList: Array(4), hash: f2pxmw} @ https://static.xx.fbcdn.net/rsrc.php/v4/yO/r/pWC1mcrxhju.js:77
[    2722ms] [ERROR] ErrorUtils caught an error:

Could not find element "u_1_f_gN" [Caught in: Module "__elem_072b8e64_1_0_GY"]

Subsequent non-fatal errors won't be logged; see https://fburl.com/debugjs. {column: 180, clientTime: 1775171178, extra: Object, guardList: Array(4), hash: f2pxmw} @ https://static.xx.fbcdn.net/rsrc.php/v4/yO/r/pWC1mcrxhju.js:77
[    2723ms] [ERROR] ErrorUtils caught an error:

Could not find element "u_1_g_0Y" [Caught in: Module "__elem_a588f507_1_3_S8"]

Subsequent non-fatal errors won't be logged; see https://fburl.com/debugjs. {column: 180, clientTime: 1775171178, extra: Object, guardList: Array(4), hash: f2pxmw} @ https://static.xx.fbcdn.net/rsrc.php/v4/yO/r/pWC1mcrxhju.js:77
[    2728ms] [ERROR] ErrorUtils caught an error:

Could not find element "u_1_h_2u" [Caught in: Module "__elem_de92090e_1_1_yt"]

Subsequent non-fatal errors won't be logged; see https://fburl.com/debugjs. {column: 180, clientTime: 1775171178, extra: Object, guardList: Array(4), hash: f2pxmw} @ https://static.xx.fbcdn.net/rsrc.php/v4/yO/r/pWC1mcrxhju.js:77
[    2731ms] [ERROR] ErrorUtils caught an error:

Could not find element "u_1_i_hp" [Caught in: Module "__elem_072b8e64_1_1_f7"]

Subsequent non-fatal errors won't be logged; see https://fburl.com/debugjs. {column: 180, clientTime: 1775171178, extra: Object, guardList: Array(4), hash: f2pxmw} @ https://static.xx.fbcdn.net/rsrc.php/v4/yO/r/pWC1mcrxhju.js:77
[    2732ms] [ERROR] ErrorUtils caught an error:

Could not find element "u_1_j_Lj" [Caught in: Module "__elem_a588f507_1_4_ft"]

Subsequent non-fatal errors won't be logged; see https://fburl.com/debugjs. {column: 180, clientTime: 1775171178, extra: Object, guardList: Array(4), hash: f2pxmw} @ https://static.xx.fbcdn.net/rsrc.php/v4/yO/r/pWC1mcrxhju.js:77
[    2733ms] [ERROR] ErrorUtils caught an error:

Could not find element "u_1_k_Fd" [Caught in: Module "__elem_de92090e_1_2_zK"]

Subsequent non-fatal errors won't be logged; see https://fburl.com/debugjs. {column: 180, clientTime: 1775171178, extra: Object, guardList: Array(4), hash: f2pxmw} @ https://static.xx.fbcdn.net/rsrc.php/v4/yO/r/pWC1mcrxhju.js:77
[    2734ms] [ERROR] ErrorUtils caught an error:

Could not find element "u_1_l_li" [Caught in: Module "__elem_072b8e64_1_2_j3"]

Subsequent non-fatal errors won't be logged; see https://fburl.com/debugjs. {column: 180, clientTime: 1775171178, extra: Object, guardList: Array(4), hash: f2pxmw} @ https://static.xx.fbcdn.net/rsrc.php/v4/yO/r/pWC1mcrxhju.js:77
[    2735ms] [ERROR] ErrorUtils caught an error:

Could not find element "u_1_m_ku" [Caught in: Module "__elem_a588f507_1_5_vA"]

Subsequent non-fatal errors won't be logged; see https://fburl.com/debugjs. {column: 180, clientTime: 1775171178, extra: Object, guardList: Array(4), hash: f2pxmw} @ https://static.xx.fbcdn.net/rsrc.php/v4/yO/r/pWC1mcrxhju.js:77
[    2736ms] [ERROR] ErrorUtils caught an error:

Could not find element "u_1_n_HH" [Caught in: Module "__elem_de92090e_1_3_89"]

Subsequent non-fatal errors won't be logged; see https://fburl.com/debugjs. {column: 180, clientTime: 1775171178, extra: Object, guardList: Array(4), hash: f2pxmw} @ https://static.xx.fbcdn.net/rsrc.php/v4/yO/r/pWC1mcrxhju.js:77
[    2737ms] [ERROR] ErrorUtils caught an error:

Could not find element "u_1_o_iA" [Caught in: Module "__elem_072b8e64_1_3_PX"]

Subsequent non-fatal errors won't be logged; see https://fburl.com/debugjs. {column: 180, clientTime: 1775171178, extra: Object, guardList: Array(4), hash: f2pxmw} @ https://static.xx.fbcdn.net/rsrc.php/v4/yO/r/pWC1mcrxhju.js:77
[    2739ms] [ERROR] ErrorUtils caught an error:

Could not find element "u_1_s_jb" [Caught in: Module "__elem_fc9f538f_1_0_pU"]

Subsequent non-fatal errors won't be logged; see https://fburl.com/debugjs. {column: 180, clientTime: 1775171178, extra: Object, guardList: Array(4), hash: ggaz5d} @ https://static.xx.fbcdn.net/rsrc.php/v4/yO/r/pWC1mcrxhju.js:77
[    2739ms] [ERROR] ErrorUtils caught an error:

Could not find element "u_1_p_bf" [Caught in: Module "__elem_a588f507_1_6_cN"]

Subsequent non-fatal errors won't be logged; see https://fburl.com/debugjs. {column: 180, clientTime: 1775171178, extra: Object, guardList: Array(4), hash: f2pxmw} @ https://static.xx.fbcdn.net/rsrc.php/v4/yO/r/pWC1mcrxhju.js:77
[    2740ms] [ERROR] ErrorUtils caught an error:

Could not find element "u_1_11_7A" [Caught in: Module "__elem_fc9f538f_1_1_ZQ"]

Subsequent non-fatal errors won't be logged; see https://fburl.com/debugjs. {column: 180, clientTime: 1775171178, extra: Object, guardList: Array(4), hash: ggaz5d} @ https://static.xx.fbcdn.net/rsrc.php/v4/yO/r/pWC1mcrxhju.js:77
[    2741ms] [ERROR] ErrorUtils caught an error:

Could not find element "u_1_10_4b" [Caught in: Module "__elem_fc9f538f_1_2_Q9"]

Subsequent non-fatal errors won't be logged; see https://fburl.com/debugjs. {column: 180, clientTime: 1775171178, extra: Object, guardList: Array(4), hash: ggaz5d} @ https://static.xx.fbcdn.net/rsrc.php/v4/yO/r/pWC1mcrxhju.js:77
[    2742ms] [ERROR] ErrorUtils caught an error:

Could not find element "u_1_t_1z" [Caught in: Module "__elem_fc9f538f_1_3_pt"]

Subsequent non-fatal errors won't be logged; see https://fburl.com/debugjs. {column: 180, clientTime: 1775171178, extra: Object, guardList: Array(4), hash: ggaz5d} @ https://static.xx.fbcdn.net/rsrc.php/v4/yO/r/pWC1mcrxhju.js:77
[    2743ms] [ERROR] ErrorUtils caught an error:

Could not find element "u_1_u_EO" [Caught in: Module "__elem_fc9f538f_1_4_xo"]

Subsequent non-fatal errors won't be logged; see https://fburl.com/debugjs. {column: 180, clientTime: 1775171178, extra: Object, guardList: Array(4), hash: ggaz5d} @ https://static.xx.fbcdn.net/rsrc.php/v4/yO/r/pWC1mcrxhju.js:77
[    2743ms] [ERROR] ErrorUtils caught an error:

Could not find element "u_1_q_sG" [Caught in: Module "__elem_de92090e_1_4_BX"]

Subsequent non-fatal errors won't be logged; see https://fburl.com/debugjs. {column: 180, clientTime: 1775171178, extra: Object, guardList: Array(4), hash: f2pxmw} @ https://static.xx.fbcdn.net/rsrc.php/v4/yO/r/pWC1mcrxhju.js:77
[    2744ms] [ERROR] ErrorUtils caught an error:

Could not find element "u_1_r_y7" [Caught in: Module "__elem_072b8e64_1_4_oD"]

Subsequent non-fatal errors won't be logged; see https://fburl.com/debugjs. {column: 180, clientTime: 1775171178, extra: Object, guardList: Array(4), hash: f2pxmw} @ https://static.xx.fbcdn.net/rsrc.php/v4/yO/r/pWC1mcrxhju.js:77
