[    1343ms] [ERROR] ErrorUtils caught an error:

Could not find element "u_1_12_dH" [Caught in: Module "__elem_a588f507_1_0_kx"]

Subsequent non-fatal errors won't be logged; see https://fburl.com/debugjs. {column: 180, clientTime: 1775171736, extra: Object, guardList: Array(4), hash: f2pxmw} @ https://static.xx.fbcdn.net/rsrc.php/v4/yO/r/pWC1mcrxhju.js:77
[    1343ms] [ERROR] ErrorUtils caught an error:

DataStore.get: namespace is required, got undefined

Subsequent non-fatal errors won't be logged; see https://fburl.com/debugjs. {column: 694, clientTime: 1775171736, extra: Object, guardList: Array(4), hash: fpb5ss} @ https://static.xx.fbcdn.net/rsrc.php/v4/yO/r/pWC1mcrxhju.js:77
[    1345ms] [ERROR] ErrorUtils caught an error:

Could not find element "u_1_0_Ki" [Caught in: Module "__elem_9fc087ed_1_0_6e"]

Subsequent non-fatal errors won't be logged; see https://fburl.com/debugjs. {column: 180, clientTime: 1775171736, extra: Object, guardList: Array(4), hash: f2pxmw} @ https://static.xx.fbcdn.net/rsrc.php/v4/yO/r/pWC1mcrxhju.js:77
[    1345ms] [ERROR] ErrorUtils caught an error:

Could not find element "u_1_0_Ki" [Caught in: Module "__elem_9fc087ed_1_0_6e"] [Caught in: Requiring module "__elem_9fc087ed_1_0_6e" which threw an exception]

Subsequent non-fatal errors won't be logged; see https://fburl.com/debugjs. {column: 180, clientTime: 1775171736, extra: Object, guardList: Array(4), hash: f2pxmw} @ https://static.xx.fbcdn.net/rsrc.php/v4/yO/r/pWC1mcrxhju.js:77
[    1345ms] [ERROR] ErrorUtils caught an error:

Could not find element "u_1_4_Bi" [Caught in: Module "__elem_9fc087ed_1_1_gH"]

Subsequent non-fatal errors won't be logged; see https://fburl.com/debugjs. {column: 180, clientTime: 1775171736, extra: Object, guardList: Array(4), hash: f2pxmw} @ https://static.xx.fbcdn.net/rsrc.php/v4/yO/r/pWC1mcrxhju.js:77
[    1346ms] [ERROR] ErrorUtils caught an error:

Could not find element "u_1_4_Bi" [Caught in: Module "__elem_9fc087ed_1_1_gH"] [Caught in: Requiring module "__elem_9fc087ed_1_1_gH" which threw an exception]

Subsequent non-fatal errors won't be logged; see https://fburl.com/debugjs. {column: 180, clientTime: 1775171736, extra: Object, guardList: Array(4), hash: f2pxmw} @ https://static.xx.fbcdn.net/rsrc.php/v4/yO/r/pWC1mcrxhju.js:77
[    1347ms] [ERROR] ErrorUtils caught an error:

Could not find element "u_1_1_lZ" [Caught in: Module "__elem_9fc087ed_1_2_q7"]

Subsequent non-fatal errors won't be logged; see https://fburl.com/debugjs. {column: 180, clientTime: 1775171736, extra: Object, guardList: Array(4), hash: f2pxmw} @ https://static.xx.fbcdn.net/rsrc.php/v4/yO/r/pWC1mcrxhju.js:77
[    1347ms] [ERROR] ErrorUtils caught an error:

Could not find element "u_1_1_lZ" [Caught in: Module "__elem_9fc087ed_1_2_q7"] [Caught in: Requiring module "__elem_9fc087ed_1_2_q7" which threw an exception]

Subsequent non-fatal errors won't be logged; see https://fburl.com/debugjs. {column: 180, clientTime: 1775171736, extra: Object, guardList: Array(4), hash: f2pxmw} @ https://static.xx.fbcdn.net/rsrc.php/v4/yO/r/pWC1mcrxhju.js:77
[    1349ms] [ERROR] ErrorUtils caught an error:

Could not find element "u_1_2_bZ" [Caught in: Module "__elem_9fc087ed_1_3_yo"]

Subsequent non-fatal errors won't be logged; see https://fburl.com/debugjs. {column: 180, clientTime: 1775171736, extra: Object, guardList: Array(4), hash: f2pxmw} @ https://static.xx.fbcdn.net/rsrc.php/v4/yO/r/pWC1mcrxhju.js:77
[    1349ms] [ERROR] ErrorUtils caught an error:

Could not find element "u_1_2_bZ" [Caught in: Module "__elem_9fc087ed_1_3_yo"] [Caught in: Requiring module "__elem_9fc087ed_1_3_yo" which threw an exception]

Subsequent non-fatal errors won't be logged; see https://fburl.com/debugjs. {column: 180, clientTime: 1775171736, extra: Object, guardList: Array(4), hash: f2pxmw} @ https://static.xx.fbcdn.net/rsrc.php/v4/yO/r/pWC1mcrxhju.js:77
[    1350ms] [ERROR] ErrorUtils caught an error:

Could not find element "u_1_7_Wl" [Caught in: Module "__elem_a588f507_1_2_HF"]

Subsequent non-fatal errors won't be logged; see https://fburl.com/debugjs. {column: 180, clientTime: 1775171736, extra: Object, guardList: Array(4), hash: f2pxmw} @ https://static.xx.fbcdn.net/rsrc.php/v4/yO/r/pWC1mcrxhju.js:77
[    1350ms] [ERROR] ErrorUtils caught an error:

Could not find element "u_1_8_Cs" [Caught in: Module "__elem_de92090e_1_0_P1"]

Subsequent non-fatal errors won't be logged; see https://fburl.com/debugjs. {column: 180, clientTime: 1775171736, extra: Object, guardList: Array(4), hash: f2pxmw} @ https://static.xx.fbcdn.net/rsrc.php/v4/yO/r/pWC1mcrxhju.js:77
[    1350ms] [ERROR] ErrorUtils caught an error:

Could not find element "u_1_9_uu" [Caught in: Module "__elem_072b8e64_1_0_5h"]

Subsequent non-fatal errors won't be logged; see https://fburl.com/debugjs. {column: 180, clientTime: 1775171736, extra: Object, guardList: Array(4), hash: f2pxmw} @ https://static.xx.fbcdn.net/rsrc.php/v4/yO/r/pWC1mcrxhju.js:77
[    1351ms] [ERROR] ErrorUtils caught an error:

Could not find element "u_1_e_75" [Caught in: Module "__elem_fc9f538f_1_0_co"]

Subsequent non-fatal errors won't be logged; see https://fburl.com/debugjs. {column: 180, clientTime: 1775171736, extra: Object, guardList: Array(4), hash: ggaz5d} @ https://static.xx.fbcdn.net/rsrc.php/v4/yO/r/pWC1mcrxhju.js:77
[    1351ms] [ERROR] ErrorUtils caught an error:

Could not find element "u_1_d_hE" [Caught in: Module "__elem_fc9f538f_1_1_zR"]

Subsequent non-fatal errors won't be logged; see https://fburl.com/debugjs. {column: 180, clientTime: 1775171736, extra: Object, guardList: Array(4), hash: ggaz5d} @ https://static.xx.fbcdn.net/rsrc.php/v4/yO/r/pWC1mcrxhju.js:77
[    1351ms] [ERROR] ErrorUtils caught an error:

Could not find element "u_1_3_eU" [Caught in: Module "__elem_9fc087ed_1_4_/5"]

Subsequent non-fatal errors won't be logged; see https://fburl.com/debugjs. {column: 180, clientTime: 1775171736, extra: Object, guardList: Array(4), hash: f2pxmw} @ https://static.xx.fbcdn.net/rsrc.php/v4/yO/r/pWC1mcrxhju.js:77
[    1352ms] [ERROR] ErrorUtils caught an error:

Could not find element "u_1_3_eU" [Caught in: Module "__elem_9fc087ed_1_4_/5"] [Caught in: Requiring module "__elem_9fc087ed_1_4_/5" which threw an exception]

Subsequent non-fatal errors won't be logged; see https://fburl.com/debugjs. {column: 180, clientTime: 1775171736, extra: Object, guardList: Array(4), hash: f2pxmw} @ https://static.xx.fbcdn.net/rsrc.php/v4/yO/r/pWC1mcrxhju.js:77
[    1352ms] [ERROR] ErrorUtils caught an error:

Could not find element "u_1_a_xF" [Caught in: Module "__elem_a588f507_1_3_m0"]

Subsequent non-fatal errors won't be logged; see https://fburl.com/debugjs. {column: 180, clientTime: 1775171736, extra: Object, guardList: Array(4), hash: f2pxmw} @ https://static.xx.fbcdn.net/rsrc.php/v4/yO/r/pWC1mcrxhju.js:77
[    1352ms] [ERROR] ErrorUtils caught an error:

Could not find element "u_1_b_8K" [Caught in: Module "__elem_de92090e_1_1_PH"]

Subsequent non-fatal errors won't be logged; see https://fburl.com/debugjs. {column: 180, clientTime: 1775171736, extra: Object, guardList: Array(4), hash: f2pxmw} @ https://static.xx.fbcdn.net/rsrc.php/v4/yO/r/pWC1mcrxhju.js:77
[    1353ms] [ERROR] ErrorUtils caught an error:

Could not find element "u_1_c_WB" [Caught in: Module "__elem_072b8e64_1_1_xg"]

Subsequent non-fatal errors won't be logged; see https://fburl.com/debugjs. {column: 180, clientTime: 1775171736, extra: Object, guardList: Array(4), hash: f2pxmw} @ https://static.xx.fbcdn.net/rsrc.php/v4/yO/r/pWC1mcrxhju.js:77
[    1353ms] [ERROR] ErrorUtils caught an error:

Could not find element "u_1_10_KB" [Caught in: Module "__elem_fc9f538f_1_2_MI"]

Subsequent non-fatal errors won't be logged; see https://fburl.com/debugjs. {column: 180, clientTime: 1775171736, extra: Object, guardList: Array(4), hash: ggaz5d} @ https://static.xx.fbcdn.net/rsrc.php/v4/yO/r/pWC1mcrxhju.js:77
[    1353ms] [ERROR] ErrorUtils caught an error:

Could not find element "u_1_11_I+" [Caught in: Module "__elem_fc9f538f_1_3_R3"]

Subsequent non-fatal errors won't be logged; see https://fburl.com/debugjs. {column: 180, clientTime: 1775171736, extra: Object, guardList: Array(4), hash: ggaz5d} @ https://static.xx.fbcdn.net/rsrc.php/v4/yO/r/pWC1mcrxhju.js:77
[    1354ms] [ERROR] ErrorUtils caught an error:

Could not find element "u_1_u_UU" [Caught in: Module "__elem_fc9f538f_1_4_Ih"]

Subsequent non-fatal errors won't be logged; see https://fburl.com/debugjs. {column: 180, clientTime: 1775171736, extra: Object, guardList: Array(4), hash: ggaz5d} @ https://static.xx.fbcdn.net/rsrc.php/v4/yO/r/pWC1mcrxhju.js:77
[    1354ms] [ERROR] ErrorUtils caught an error:

Could not find element "u_1_l_On" [Caught in: Module "__elem_a588f507_1_4_NM"]

Subsequent non-fatal errors won't be logged; see https://fburl.com/debugjs. {column: 180, clientTime: 1775171736, extra: Object, guardList: Array(4), hash: f2pxmw} @ https://static.xx.fbcdn.net/rsrc.php/v4/yO/r/pWC1mcrxhju.js:77
[    1355ms] [ERROR] ErrorUtils caught an error:

Could not find element "u_1_m_Su" [Caught in: Module "__elem_de92090e_1_2_wl"]

Subsequent non-fatal errors won't be logged; see https://fburl.com/debugjs. {column: 180, clientTime: 1775171736, extra: Object, guardList: Array(4), hash: f2pxmw} @ https://static.xx.fbcdn.net/rsrc.php/v4/yO/r/pWC1mcrxhju.js:77
[    1355ms] [ERROR] ErrorUtils caught an error:

Could not find element "u_1_n_nC" [Caught in: Module "__elem_072b8e64_1_2_5/"]

Subsequent non-fatal errors won't be logged; see https://fburl.com/debugjs. {column: 180, clientTime: 1775171736, extra: Object, guardList: Array(4), hash: f2pxmw} @ https://static.xx.fbcdn.net/rsrc.php/v4/yO/r/pWC1mcrxhju.js:77
[    1355ms] [ERROR] ErrorUtils caught an error:

Could not find element "u_1_o_hD" [Caught in: Module "__elem_a588f507_1_5_OK"]

Subsequent non-fatal errors won't be logged; see https://fburl.com/debugjs. {column: 180, clientTime: 1775171736, extra: Object, guardList: Array(4), hash: f2pxmw} @ https://static.xx.fbcdn.net/rsrc.php/v4/yO/r/pWC1mcrxhju.js:77
[    1356ms] [ERROR] ErrorUtils caught an error:

Could not find element "u_1_p_Jw" [Caught in: Module "__elem_de92090e_1_3_1y"]

Subsequent non-fatal errors won't be logged; see https://fburl.com/debugjs. {column: 180, clientTime: 1775171736, extra: Object, guardList: Array(4), hash: f2pxmw} @ https://static.xx.fbcdn.net/rsrc.php/v4/yO/r/pWC1mcrxhju.js:77
[    1356ms] [ERROR] ErrorUtils caught an error:

Could not find element "u_1_q_Ef" [Caught in: Module "__elem_072b8e64_1_3_lv"]

Subsequent non-fatal errors won't be logged; see https://fburl.com/debugjs. {column: 180, clientTime: 1775171736, extra: Object, guardList: Array(4), hash: f2pxmw} @ https://static.xx.fbcdn.net/rsrc.php/v4/yO/r/pWC1mcrxhju.js:77
[    1357ms] [ERROR] ErrorUtils caught an error:

Could not find element "u_1_r_S1" [Caught in: Module "__elem_a588f507_1_6_QK"]

Subsequent non-fatal errors won't be logged; see https://fburl.com/debugjs. {column: 180, clientTime: 1775171736, extra: Object, guardList: Array(4), hash: f2pxmw} @ https://static.xx.fbcdn.net/rsrc.php/v4/yO/r/pWC1mcrxhju.js:77
[    1357ms] [ERROR] ErrorUtils caught an error:

Could not find element "u_1_s_Vo" [Caught in: Module "__elem_de92090e_1_4_Oa"]

Subsequent non-fatal errors won't be logged; see https://fburl.com/debugjs. {column: 180, clientTime: 1775171736, extra: Object, guardList: Array(4), hash: f2pxmw} @ https://static.xx.fbcdn.net/rsrc.php/v4/yO/r/pWC1mcrxhju.js:77
[    1357ms] [ERROR] ErrorUtils caught an error:

Could not find element "u_1_t_bh" [Caught in: Module "__elem_072b8e64_1_4_jG"]

Subsequent non-fatal errors won't be logged; see https://fburl.com/debugjs. {column: 180, clientTime: 1775171736, extra: Object, guardList: Array(4), hash: f2pxmw} @ https://static.xx.fbcdn.net/rsrc.php/v4/yO/r/pWC1mcrxhju.js:77
