[    1408ms] [ERROR] ErrorUtils caught an error:

Could not find element "u_1_12_TF" [Caught in: Module "__elem_a588f507_1_0_Jn"]

Subsequent non-fatal errors won't be logged; see https://fburl.com/debugjs. {column: 180, clientTime: 1775172504, extra: Object, guardList: Array(4), hash: f2pxmw} @ https://static.xx.fbcdn.net/rsrc.php/v4/yO/r/pWC1mcrxhju.js:77
[    1411ms] [ERROR] ErrorUtils caught an error:

DataStore.get: namespace is required, got undefined

Subsequent non-fatal errors won't be logged; see https://fburl.com/debugjs. {column: 694, clientTime: 1775172504, extra: Object, guardList: Array(4), hash: fpb5ss} @ https://static.xx.fbcdn.net/rsrc.php/v4/yO/r/pWC1mcrxhju.js:77
[    1415ms] [ERROR] ErrorUtils caught an error:

Could not find element "u_1_0_RN" [Caught in: Module "__elem_9fc087ed_1_0_hc"]

Subsequent non-fatal errors won't be logged; see https://fburl.com/debugjs. {column: 180, clientTime: 1775172504, extra: Object, guardList: Array(4), hash: f2pxmw} @ https://static.xx.fbcdn.net/rsrc.php/v4/yO/r/pWC1mcrxhju.js:77
[    1415ms] [ERROR] ErrorUtils caught an error:

Could not find element "u_1_0_RN" [Caught in: Module "__elem_9fc087ed_1_0_hc"] [Caught in: Requiring module "__elem_9fc087ed_1_0_hc" which threw an exception]

Subsequent non-fatal errors won't be logged; see https://fburl.com/debugjs. {column: 180, clientTime: 1775172504, extra: Object, guardList: Array(4), hash: f2pxmw} @ https://static.xx.fbcdn.net/rsrc.php/v4/yO/r/pWC1mcrxhju.js:77
[    1416ms] [ERROR] ErrorUtils caught an error:

Could not find element "u_1_4_+r" [Caught in: Module "__elem_9fc087ed_1_1_nh"]

Subsequent non-fatal errors won't be logged; see https://fburl.com/debugjs. {column: 180, clientTime: 1775172504, extra: Object, guardList: Array(4), hash: f2pxmw} @ https://static.xx.fbcdn.net/rsrc.php/v4/yO/r/pWC1mcrxhju.js:77
[    1417ms] [ERROR] ErrorUtils caught an error:

Could not find element "u_1_4_+r" [Caught in: Module "__elem_9fc087ed_1_1_nh"] [Caught in: Requiring module "__elem_9fc087ed_1_1_nh" which threw an exception]

Subsequent non-fatal errors won't be logged; see https://fburl.com/debugjs. {column: 180, clientTime: 1775172504, extra: Object, guardList: Array(4), hash: f2pxmw} @ https://static.xx.fbcdn.net/rsrc.php/v4/yO/r/pWC1mcrxhju.js:77
[    1418ms] [ERROR] ErrorUtils caught an error:

Could not find element "u_1_1_Ap" [Caught in: Module "__elem_9fc087ed_1_2_X3"]

Subsequent non-fatal errors won't be logged; see https://fburl.com/debugjs. {column: 180, clientTime: 1775172504, extra: Object, guardList: Array(4), hash: f2pxmw} @ https://static.xx.fbcdn.net/rsrc.php/v4/yO/r/pWC1mcrxhju.js:77
[    1419ms] [ERROR] ErrorUtils caught an error:

Could not find element "u_1_1_Ap" [Caught in: Module "__elem_9fc087ed_1_2_X3"] [Caught in: Requiring module "__elem_9fc087ed_1_2_X3" which threw an exception]

Subsequent non-fatal errors won't be logged; see https://fburl.com/debugjs. {column: 180, clientTime: 1775172504, extra: Object, guardList: Array(4), hash: f2pxmw} @ https://static.xx.fbcdn.net/rsrc.php/v4/yO/r/pWC1mcrxhju.js:77
[    1420ms] [ERROR] ErrorUtils caught an error:

Could not find element "u_1_2_j3" [Caught in: Module "__elem_9fc087ed_1_3_Ni"]

Subsequent non-fatal errors won't be logged; see https://fburl.com/debugjs. {column: 180, clientTime: 1775172504, extra: Object, guardList: Array(4), hash: f2pxmw} @ https://static.xx.fbcdn.net/rsrc.php/v4/yO/r/pWC1mcrxhju.js:77
[    1420ms] [ERROR] ErrorUtils caught an error:

Could not find element "u_1_2_j3" [Caught in: Module "__elem_9fc087ed_1_3_Ni"] [Caught in: Requiring module "__elem_9fc087ed_1_3_Ni" which threw an exception]

Subsequent non-fatal errors won't be logged; see https://fburl.com/debugjs. {column: 180, clientTime: 1775172504, extra: Object, guardList: Array(4), hash: f2pxmw} @ https://static.xx.fbcdn.net/rsrc.php/v4/yO/r/pWC1mcrxhju.js:77
[    1421ms] [ERROR] ErrorUtils caught an error:

Could not find element "u_1_7_b0" [Caught in: Module "__elem_a588f507_1_2_MA"]

Subsequent non-fatal errors won't be logged; see https://fburl.com/debugjs. {column: 180, clientTime: 1775172504, extra: Object, guardList: Array(4), hash: f2pxmw} @ https://static.xx.fbcdn.net/rsrc.php/v4/yO/r/pWC1mcrxhju.js:77
[    1422ms] [ERROR] ErrorUtils caught an error:

Could not find element "u_1_8_X0" [Caught in: Module "__elem_de92090e_1_0_jk"]

Subsequent non-fatal errors won't be logged; see https://fburl.com/debugjs. {column: 180, clientTime: 1775172504, extra: Object, guardList: Array(4), hash: f2pxmw} @ https://static.xx.fbcdn.net/rsrc.php/v4/yO/r/pWC1mcrxhju.js:77
[    1423ms] [ERROR] ErrorUtils caught an error:

Could not find element "u_1_9_36" [Caught in: Module "__elem_072b8e64_1_0_Um"]

Subsequent non-fatal errors won't be logged; see https://fburl.com/debugjs. {column: 180, clientTime: 1775172504, extra: Object, guardList: Array(4), hash: f2pxmw} @ https://static.xx.fbcdn.net/rsrc.php/v4/yO/r/pWC1mcrxhju.js:77
[    1424ms] [ERROR] ErrorUtils caught an error:

Could not find element "u_1_a_Ed" [Caught in: Module "__elem_a588f507_1_3_ZI"]

Subsequent non-fatal errors won't be logged; see https://fburl.com/debugjs. {column: 180, clientTime: 1775172504, extra: Object, guardList: Array(4), hash: f2pxmw} @ https://static.xx.fbcdn.net/rsrc.php/v4/yO/r/pWC1mcrxhju.js:77
[    1426ms] [ERROR] ErrorUtils caught an error:

Could not find element "u_1_b_Yn" [Caught in: Module "__elem_de92090e_1_1_wc"]

Subsequent non-fatal errors won't be logged; see https://fburl.com/debugjs. {column: 180, clientTime: 1775172504, extra: Object, guardList: Array(4), hash: f2pxmw} @ https://static.xx.fbcdn.net/rsrc.php/v4/yO/r/pWC1mcrxhju.js:77
[    1428ms] [ERROR] ErrorUtils caught an error:

Could not find element "u_1_c_Lq" [Caught in: Module "__elem_072b8e64_1_1_jn"]

Subsequent non-fatal errors won't be logged; see https://fburl.com/debugjs. {column: 180, clientTime: 1775172504, extra: Object, guardList: Array(4), hash: f2pxmw} @ https://static.xx.fbcdn.net/rsrc.php/v4/yO/r/pWC1mcrxhju.js:77
[    1430ms] [ERROR] ErrorUtils caught an error:

Could not find element "u_1_t_/i" [Caught in: Module "__elem_fc9f538f_1_0_VA"]

Subsequent non-fatal errors won't be logged; see https://fburl.com/debugjs. {column: 180, clientTime: 1775172504, extra: Object, guardList: Array(4), hash: ggaz5d} @ https://static.xx.fbcdn.net/rsrc.php/v4/yO/r/pWC1mcrxhju.js:77
[    1431ms] [ERROR] ErrorUtils caught an error:

Could not find element "u_1_3_7O" [Caught in: Module "__elem_9fc087ed_1_4_yH"]

Subsequent non-fatal errors won't be logged; see https://fburl.com/debugjs. {column: 180, clientTime: 1775172504, extra: Object, guardList: Array(4), hash: f2pxmw} @ https://static.xx.fbcdn.net/rsrc.php/v4/yO/r/pWC1mcrxhju.js:77
[    1432ms] [ERROR] ErrorUtils caught an error:

Could not find element "u_1_3_7O" [Caught in: Module "__elem_9fc087ed_1_4_yH"] [Caught in: Requiring module "__elem_9fc087ed_1_4_yH" which threw an exception]

Subsequent non-fatal errors won't be logged; see https://fburl.com/debugjs. {column: 180, clientTime: 1775172504, extra: Object, guardList: Array(4), hash: f2pxmw} @ https://static.xx.fbcdn.net/rsrc.php/v4/yO/r/pWC1mcrxhju.js:77
[    1433ms] [ERROR] ErrorUtils caught an error:

Could not find element "u_1_s_/f" [Caught in: Module "__elem_fc9f538f_1_1_/2"]

Subsequent non-fatal errors won't be logged; see https://fburl.com/debugjs. {column: 180, clientTime: 1775172504, extra: Object, guardList: Array(4), hash: ggaz5d} @ https://static.xx.fbcdn.net/rsrc.php/v4/yO/r/pWC1mcrxhju.js:77
[    1433ms] [ERROR] ErrorUtils caught an error:

Could not find element "u_1_u_q1" [Caught in: Module "__elem_fc9f538f_1_2_rT"]

Subsequent non-fatal errors won't be logged; see https://fburl.com/debugjs. {column: 180, clientTime: 1775172504, extra: Object, guardList: Array(4), hash: ggaz5d} @ https://static.xx.fbcdn.net/rsrc.php/v4/yO/r/pWC1mcrxhju.js:77
[    1434ms] [ERROR] ErrorUtils caught an error:

Could not find element "u_1_11_Ha" [Caught in: Module "__elem_fc9f538f_1_3_Ib"]

Subsequent non-fatal errors won't be logged; see https://fburl.com/debugjs. {column: 180, clientTime: 1775172504, extra: Object, guardList: Array(4), hash: ggaz5d} @ https://static.xx.fbcdn.net/rsrc.php/v4/yO/r/pWC1mcrxhju.js:77
[    1436ms] [ERROR] ErrorUtils caught an error:

Could not find element "u_1_10_65" [Caught in: Module "__elem_fc9f538f_1_4_rN"]

Subsequent non-fatal errors won't be logged; see https://fburl.com/debugjs. {column: 180, clientTime: 1775172504, extra: Object, guardList: Array(4), hash: ggaz5d} @ https://static.xx.fbcdn.net/rsrc.php/v4/yO/r/pWC1mcrxhju.js:77
[    1436ms] [ERROR] ErrorUtils caught an error:

Could not find element "u_1_j_BB" [Caught in: Module "__elem_a588f507_1_4_oG"]

Subsequent non-fatal errors won't be logged; see https://fburl.com/debugjs. {column: 180, clientTime: 1775172504, extra: Object, guardList: Array(4), hash: f2pxmw} @ https://static.xx.fbcdn.net/rsrc.php/v4/yO/r/pWC1mcrxhju.js:77
[    1438ms] [ERROR] ErrorUtils caught an error:

Could not find element "u_1_k_5q" [Caught in: Module "__elem_de92090e_1_2_wO"]

Subsequent non-fatal errors won't be logged; see https://fburl.com/debugjs. {column: 180, clientTime: 1775172504, extra: Object, guardList: Array(4), hash: f2pxmw} @ https://static.xx.fbcdn.net/rsrc.php/v4/yO/r/pWC1mcrxhju.js:77
[    1439ms] [ERROR] ErrorUtils caught an error:

Could not find element "u_1_l_jI" [Caught in: Module "__elem_072b8e64_1_2_yX"]

Subsequent non-fatal errors won't be logged; see https://fburl.com/debugjs. {column: 180, clientTime: 1775172504, extra: Object, guardList: Array(4), hash: f2pxmw} @ https://static.xx.fbcdn.net/rsrc.php/v4/yO/r/pWC1mcrxhju.js:77
[    1440ms] [ERROR] ErrorUtils caught an error:

Could not find element "u_1_m_Ib" [Caught in: Module "__elem_a588f507_1_5_te"]

Subsequent non-fatal errors won't be logged; see https://fburl.com/debugjs. {column: 180, clientTime: 1775172504, extra: Object, guardList: Array(4), hash: f2pxmw} @ https://static.xx.fbcdn.net/rsrc.php/v4/yO/r/pWC1mcrxhju.js:77
[    1441ms] [ERROR] ErrorUtils caught an error:

Could not find element "u_1_n_6H" [Caught in: Module "__elem_de92090e_1_3_Hk"]

Subsequent non-fatal errors won't be logged; see https://fburl.com/debugjs. {column: 180, clientTime: 1775172504, extra: Object, guardList: Array(4), hash: f2pxmw} @ https://static.xx.fbcdn.net/rsrc.php/v4/yO/r/pWC1mcrxhju.js:77
[    1443ms] [ERROR] ErrorUtils caught an error:

Could not find element "u_1_o_iX" [Caught in: Module "__elem_072b8e64_1_3_k9"]

Subsequent non-fatal errors won't be logged; see https://fburl.com/debugjs. {column: 180, clientTime: 1775172505, extra: Object, guardList: Array(4), hash: f2pxmw} @ https://static.xx.fbcdn.net/rsrc.php/v4/yO/r/pWC1mcrxhju.js:77
[    1444ms] [ERROR] ErrorUtils caught an error:

Could not find element "u_1_p_G6" [Caught in: Module "__elem_a588f507_1_6_fo"]

Subsequent non-fatal errors won't be logged; see https://fburl.com/debugjs. {column: 180, clientTime: 1775172505, extra: Object, guardList: Array(4), hash: f2pxmw} @ https://static.xx.fbcdn.net/rsrc.php/v4/yO/r/pWC1mcrxhju.js:77
[    1445ms] [ERROR] ErrorUtils caught an error:

Could not find element "u_1_q_vT" [Caught in: Module "__elem_de92090e_1_4_0K"]

Subsequent non-fatal errors won't be logged; see https://fburl.com/debugjs. {column: 180, clientTime: 1775172505, extra: Object, guardList: Array(4), hash: f2pxmw} @ https://static.xx.fbcdn.net/rsrc.php/v4/yO/r/pWC1mcrxhju.js:77
[    1446ms] [ERROR] ErrorUtils caught an error:

Could not find element "u_1_r_u5" [Caught in: Module "__elem_072b8e64_1_4_Wv"]

Subsequent non-fatal errors won't be logged; see https://fburl.com/debugjs. {column: 180, clientTime: 1775172505, extra: Object, guardList: Array(4), hash: f2pxmw} @ https://static.xx.fbcdn.net/rsrc.php/v4/yO/r/pWC1mcrxhju.js:77
