[    1351ms] [ERROR] ErrorUtils caught an error:

Could not find element "u_1_12_Sf" [Caught in: Module "__elem_a588f507_1_0_b/"]

Subsequent non-fatal errors won't be logged; see https://fburl.com/debugjs. {column: 180, clientTime: 1775171754, extra: Object, guardList: Array(4), hash: f2pxmw} @ https://static.xx.fbcdn.net/rsrc.php/v4/yO/r/pWC1mcrxhju.js:77
[    1352ms] [ERROR] ErrorUtils caught an error:

DataStore.get: namespace is required, got undefined

Subsequent non-fatal errors won't be logged; see https://fburl.com/debugjs. {column: 694, clientTime: 1775171754, extra: Object, guardList: Array(4), hash: fpb5ss} @ https://static.xx.fbcdn.net/rsrc.php/v4/yO/r/pWC1mcrxhju.js:77
[    1354ms] [ERROR] ErrorUtils caught an error:

Could not find element "u_1_0_if" [Caught in: Module "__elem_9fc087ed_1_0_fU"]

Subsequent non-fatal errors won't be logged; see https://fburl.com/debugjs. {column: 180, clientTime: 1775171754, extra: Object, guardList: Array(4), hash: f2pxmw} @ https://static.xx.fbcdn.net/rsrc.php/v4/yO/r/pWC1mcrxhju.js:77
[    1355ms] [ERROR] ErrorUtils caught an error:

Could not find element "u_1_0_if" [Caught in: Module "__elem_9fc087ed_1_0_fU"] [Caught in: Requiring module "__elem_9fc087ed_1_0_fU" which threw an exception]

Subsequent non-fatal errors won't be logged; see https://fburl.com/debugjs. {column: 180, clientTime: 1775171754, extra: Object, guardList: Array(4), hash: f2pxmw} @ https://static.xx.fbcdn.net/rsrc.php/v4/yO/r/pWC1mcrxhju.js:77
[    1355ms] [ERROR] ErrorUtils caught an error:

Could not find element "u_1_4_WQ" [Caught in: Module "__elem_9fc087ed_1_1_j9"]

Subsequent non-fatal errors won't be logged; see https://fburl.com/debugjs. {column: 180, clientTime: 1775171754, extra: Object, guardList: Array(4), hash: f2pxmw} @ https://static.xx.fbcdn.net/rsrc.php/v4/yO/r/pWC1mcrxhju.js:77
[    1356ms] [ERROR] ErrorUtils caught an error:

Could not find element "u_1_4_WQ" [Caught in: Module "__elem_9fc087ed_1_1_j9"] [Caught in: Requiring module "__elem_9fc087ed_1_1_j9" which threw an exception]

Subsequent non-fatal errors won't be logged; see https://fburl.com/debugjs. {column: 180, clientTime: 1775171754, extra: Object, guardList: Array(4), hash: f2pxmw} @ https://static.xx.fbcdn.net/rsrc.php/v4/yO/r/pWC1mcrxhju.js:77
[    1356ms] [ERROR] ErrorUtils caught an error:

Could not find element "u_1_1_JF" [Caught in: Module "__elem_9fc087ed_1_2_Kp"]

Subsequent non-fatal errors won't be logged; see https://fburl.com/debugjs. {column: 180, clientTime: 1775171754, extra: Object, guardList: Array(4), hash: f2pxmw} @ https://static.xx.fbcdn.net/rsrc.php/v4/yO/r/pWC1mcrxhju.js:77
[    1357ms] [ERROR] ErrorUtils caught an error:

Could not find element "u_1_1_JF" [Caught in: Module "__elem_9fc087ed_1_2_Kp"] [Caught in: Requiring module "__elem_9fc087ed_1_2_Kp" which threw an exception]

Subsequent non-fatal errors won't be logged; see https://fburl.com/debugjs. {column: 180, clientTime: 1775171754, extra: Object, guardList: Array(4), hash: f2pxmw} @ https://static.xx.fbcdn.net/rsrc.php/v4/yO/r/pWC1mcrxhju.js:77
[    1357ms] [ERROR] ErrorUtils caught an error:

Could not find element "u_1_2_5S" [Caught in: Module "__elem_9fc087ed_1_3_CJ"]

Subsequent non-fatal errors won't be logged; see https://fburl.com/debugjs. {column: 180, clientTime: 1775171754, extra: Object, guardList: Array(4), hash: f2pxmw} @ https://static.xx.fbcdn.net/rsrc.php/v4/yO/r/pWC1mcrxhju.js:77
[    1357ms] [ERROR] ErrorUtils caught an error:

Could not find element "u_1_2_5S" [Caught in: Module "__elem_9fc087ed_1_3_CJ"] [Caught in: Requiring module "__elem_9fc087ed_1_3_CJ" which threw an exception]

Subsequent non-fatal errors won't be logged; see https://fburl.com/debugjs. {column: 180, clientTime: 1775171754, extra: Object, guardList: Array(4), hash: f2pxmw} @ https://static.xx.fbcdn.net/rsrc.php/v4/yO/r/pWC1mcrxhju.js:77
[    1358ms] [ERROR] ErrorUtils caught an error:

Could not find element "u_1_7_Ma" [Caught in: Module "__elem_a588f507_1_2_YC"]

Subsequent non-fatal errors won't be logged; see https://fburl.com/debugjs. {column: 180, clientTime: 1775171754, extra: Object, guardList: Array(4), hash: f2pxmw} @ https://static.xx.fbcdn.net/rsrc.php/v4/yO/r/pWC1mcrxhju.js:77
[    1360ms] [ERROR] ErrorUtils caught an error:

Could not find element "u_1_8_nA" [Caught in: Module "__elem_de92090e_1_0_R1"]

Subsequent non-fatal errors won't be logged; see https://fburl.com/debugjs. {column: 180, clientTime: 1775171754, extra: Object, guardList: Array(4), hash: f2pxmw} @ https://static.xx.fbcdn.net/rsrc.php/v4/yO/r/pWC1mcrxhju.js:77
[    1360ms] [ERROR] ErrorUtils caught an error:

Could not find element "u_1_9_Cp" [Caught in: Module "__elem_072b8e64_1_0_Qi"]

Subsequent non-fatal errors won't be logged; see https://fburl.com/debugjs. {column: 180, clientTime: 1775171754, extra: Object, guardList: Array(4), hash: f2pxmw} @ https://static.xx.fbcdn.net/rsrc.php/v4/yO/r/pWC1mcrxhju.js:77
[    1361ms] [ERROR] ErrorUtils caught an error:

Could not find element "u_1_e_4H" [Caught in: Module "__elem_fc9f538f_1_0_Be"]

Subsequent non-fatal errors won't be logged; see https://fburl.com/debugjs. {column: 180, clientTime: 1775171754, extra: Object, guardList: Array(4), hash: ggaz5d} @ https://static.xx.fbcdn.net/rsrc.php/v4/yO/r/pWC1mcrxhju.js:77
[    1362ms] [ERROR] ErrorUtils caught an error:

Could not find element "u_1_d_18" [Caught in: Module "__elem_fc9f538f_1_1_xz"]

Subsequent non-fatal errors won't be logged; see https://fburl.com/debugjs. {column: 180, clientTime: 1775171754, extra: Object, guardList: Array(4), hash: ggaz5d} @ https://static.xx.fbcdn.net/rsrc.php/v4/yO/r/pWC1mcrxhju.js:77
[    1362ms] [ERROR] ErrorUtils caught an error:

Could not find element "u_1_a_KY" [Caught in: Module "__elem_a588f507_1_3_FE"]

Subsequent non-fatal errors won't be logged; see https://fburl.com/debugjs. {column: 180, clientTime: 1775171754, extra: Object, guardList: Array(4), hash: f2pxmw} @ https://static.xx.fbcdn.net/rsrc.php/v4/yO/r/pWC1mcrxhju.js:77
[    1363ms] [ERROR] ErrorUtils caught an error:

Could not find element "u_1_b_Bg" [Caught in: Module "__elem_de92090e_1_1_et"]

Subsequent non-fatal errors won't be logged; see https://fburl.com/debugjs. {column: 180, clientTime: 1775171754, extra: Object, guardList: Array(4), hash: f2pxmw} @ https://static.xx.fbcdn.net/rsrc.php/v4/yO/r/pWC1mcrxhju.js:77
[    1364ms] [ERROR] ErrorUtils caught an error:

Could not find element "u_1_c_lf" [Caught in: Module "__elem_072b8e64_1_1_kC"]

Subsequent non-fatal errors won't be logged; see https://fburl.com/debugjs. {column: 180, clientTime: 1775171754, extra: Object, guardList: Array(4), hash: f2pxmw} @ https://static.xx.fbcdn.net/rsrc.php/v4/yO/r/pWC1mcrxhju.js:77
[    1365ms] [ERROR] ErrorUtils caught an error:

Could not find element "u_1_3_hC" [Caught in: Module "__elem_9fc087ed_1_4_zM"]

Subsequent non-fatal errors won't be logged; see https://fburl.com/debugjs. {column: 180, clientTime: 1775171754, extra: Object, guardList: Array(4), hash: f2pxmw} @ https://static.xx.fbcdn.net/rsrc.php/v4/yO/r/pWC1mcrxhju.js:77
[    1366ms] [ERROR] ErrorUtils caught an error:

Could not find element "u_1_3_hC" [Caught in: Module "__elem_9fc087ed_1_4_zM"] [Caught in: Requiring module "__elem_9fc087ed_1_4_zM" which threw an exception]

Subsequent non-fatal errors won't be logged; see https://fburl.com/debugjs. {column: 180, clientTime: 1775171754, extra: Object, guardList: Array(4), hash: f2pxmw} @ https://static.xx.fbcdn.net/rsrc.php/v4/yO/r/pWC1mcrxhju.js:77
[    1366ms] [ERROR] ErrorUtils caught an error:

Could not find element "u_1_u_9/" [Caught in: Module "__elem_fc9f538f_1_2_rO"]

Subsequent non-fatal errors won't be logged; see https://fburl.com/debugjs. {column: 180, clientTime: 1775171754, extra: Object, guardList: Array(4), hash: ggaz5d} @ https://static.xx.fbcdn.net/rsrc.php/v4/yO/r/pWC1mcrxhju.js:77
[    1367ms] [ERROR] ErrorUtils caught an error:

Could not find element "u_1_11_ne" [Caught in: Module "__elem_fc9f538f_1_3_SA"]

Subsequent non-fatal errors won't be logged; see https://fburl.com/debugjs. {column: 180, clientTime: 1775171754, extra: Object, guardList: Array(4), hash: ggaz5d} @ https://static.xx.fbcdn.net/rsrc.php/v4/yO/r/pWC1mcrxhju.js:77
[    1367ms] [ERROR] ErrorUtils caught an error:

Could not find element "u_1_10_2A" [Caught in: Module "__elem_fc9f538f_1_4_8K"]

Subsequent non-fatal errors won't be logged; see https://fburl.com/debugjs. {column: 180, clientTime: 1775171754, extra: Object, guardList: Array(4), hash: ggaz5d} @ https://static.xx.fbcdn.net/rsrc.php/v4/yO/r/pWC1mcrxhju.js:77
[    1368ms] [ERROR] ErrorUtils caught an error:

Could not find element "u_1_l_kc" [Caught in: Module "__elem_a588f507_1_4_y6"]

Subsequent non-fatal errors won't be logged; see https://fburl.com/debugjs. {column: 180, clientTime: 1775171754, extra: Object, guardList: Array(4), hash: f2pxmw} @ https://static.xx.fbcdn.net/rsrc.php/v4/yO/r/pWC1mcrxhju.js:77
[    1368ms] [ERROR] ErrorUtils caught an error:

Could not find element "u_1_m_j1" [Caught in: Module "__elem_de92090e_1_2_kI"]

Subsequent non-fatal errors won't be logged; see https://fburl.com/debugjs. {column: 180, clientTime: 1775171754, extra: Object, guardList: Array(4), hash: f2pxmw} @ https://static.xx.fbcdn.net/rsrc.php/v4/yO/r/pWC1mcrxhju.js:77
[    1368ms] [ERROR] ErrorUtils caught an error:

Could not find element "u_1_n_xm" [Caught in: Module "__elem_072b8e64_1_2_Ip"]

Subsequent non-fatal errors won't be logged; see https://fburl.com/debugjs. {column: 180, clientTime: 1775171754, extra: Object, guardList: Array(4), hash: f2pxmw} @ https://static.xx.fbcdn.net/rsrc.php/v4/yO/r/pWC1mcrxhju.js:77
[    1369ms] [ERROR] ErrorUtils caught an error:

Could not find element "u_1_o_R/" [Caught in: Module "__elem_a588f507_1_5_gg"]

Subsequent non-fatal errors won't be logged; see https://fburl.com/debugjs. {column: 180, clientTime: 1775171754, extra: Object, guardList: Array(4), hash: f2pxmw} @ https://static.xx.fbcdn.net/rsrc.php/v4/yO/r/pWC1mcrxhju.js:77
[    1370ms] [ERROR] ErrorUtils caught an error:

Could not find element "u_1_p_pj" [Caught in: Module "__elem_de92090e_1_3_Dk"]

Subsequent non-fatal errors won't be logged; see https://fburl.com/debugjs. {column: 180, clientTime: 1775171754, extra: Object, guardList: Array(4), hash: f2pxmw} @ https://static.xx.fbcdn.net/rsrc.php/v4/yO/r/pWC1mcrxhju.js:77
[    1370ms] [ERROR] ErrorUtils caught an error:

Could not find element "u_1_q_O/" [Caught in: Module "__elem_072b8e64_1_3_mf"]

Subsequent non-fatal errors won't be logged; see https://fburl.com/debugjs. {column: 180, clientTime: 1775171754, extra: Object, guardList: Array(4), hash: f2pxmw} @ https://static.xx.fbcdn.net/rsrc.php/v4/yO/r/pWC1mcrxhju.js:77
[    1371ms] [ERROR] ErrorUtils caught an error:

Could not find element "u_1_r_qU" [Caught in: Module "__elem_a588f507_1_6_Dv"]

Subsequent non-fatal errors won't be logged; see https://fburl.com/debugjs. {column: 180, clientTime: 1775171754, extra: Object, guardList: Array(4), hash: f2pxmw} @ https://static.xx.fbcdn.net/rsrc.php/v4/yO/r/pWC1mcrxhju.js:77
[    1372ms] [ERROR] ErrorUtils caught an error:

Could not find element "u_1_s_Xy" [Caught in: Module "__elem_de92090e_1_4_qq"]

Subsequent non-fatal errors won't be logged; see https://fburl.com/debugjs. {column: 180, clientTime: 1775171754, extra: Object, guardList: Array(4), hash: f2pxmw} @ https://static.xx.fbcdn.net/rsrc.php/v4/yO/r/pWC1mcrxhju.js:77
[    1373ms] [ERROR] ErrorUtils caught an error:

Could not find element "u_1_t_+4" [Caught in: Module "__elem_072b8e64_1_4_sA"]

Subsequent non-fatal errors won't be logged; see https://fburl.com/debugjs. {column: 180, clientTime: 1775171754, extra: Object, guardList: Array(4), hash: f2pxmw} @ https://static.xx.fbcdn.net/rsrc.php/v4/yO/r/pWC1mcrxhju.js:77
