[    1685ms] [ERROR] ErrorUtils caught an error:

Could not find element "u_1_12_e7" [Caught in: Module "__elem_a588f507_1_0_Tj"]

Subsequent non-fatal errors won't be logged; see https://fburl.com/debugjs. {column: 180, clientTime: 1775172912, extra: Object, guardList: Array(4), hash: f2pxmw} @ https://static.xx.fbcdn.net/rsrc.php/v4/yO/r/pWC1mcrxhju.js:77
[    1686ms] [ERROR] ErrorUtils caught an error:

DataStore.get: namespace is required, got undefined

Subsequent non-fatal errors won't be logged; see https://fburl.com/debugjs. {column: 694, clientTime: 1775172912, extra: Object, guardList: Array(4), hash: fpb5ss} @ https://static.xx.fbcdn.net/rsrc.php/v4/yO/r/pWC1mcrxhju.js:77
[    1687ms] [ERROR] ErrorUtils caught an error:

Could not find element "u_1_0_SQ" [Caught in: Module "__elem_9fc087ed_1_0_vl"]

Subsequent non-fatal errors won't be logged; see https://fburl.com/debugjs. {column: 180, clientTime: 1775172912, extra: Object, guardList: Array(4), hash: f2pxmw} @ https://static.xx.fbcdn.net/rsrc.php/v4/yO/r/pWC1mcrxhju.js:77
[    1687ms] [ERROR] ErrorUtils caught an error:

Could not find element "u_1_0_SQ" [Caught in: Module "__elem_9fc087ed_1_0_vl"] [Caught in: Requiring module "__elem_9fc087ed_1_0_vl" which threw an exception]

Subsequent non-fatal errors won't be logged; see https://fburl.com/debugjs. {column: 180, clientTime: 1775172912, extra: Object, guardList: Array(4), hash: f2pxmw} @ https://static.xx.fbcdn.net/rsrc.php/v4/yO/r/pWC1mcrxhju.js:77
[    1688ms] [ERROR] ErrorUtils caught an error:

Could not find element "u_1_4_FX" [Caught in: Module "__elem_9fc087ed_1_1_Q/"]

Subsequent non-fatal errors won't be logged; see https://fburl.com/debugjs. {column: 180, clientTime: 1775172912, extra: Object, guardList: Array(4), hash: f2pxmw} @ https://static.xx.fbcdn.net/rsrc.php/v4/yO/r/pWC1mcrxhju.js:77
[    1688ms] [ERROR] ErrorUtils caught an error:

Could not find element "u_1_4_FX" [Caught in: Module "__elem_9fc087ed_1_1_Q/"] [Caught in: Requiring module "__elem_9fc087ed_1_1_Q/" which threw an exception]

Subsequent non-fatal errors won't be logged; see https://fburl.com/debugjs. {column: 180, clientTime: 1775172912, extra: Object, guardList: Array(4), hash: f2pxmw} @ https://static.xx.fbcdn.net/rsrc.php/v4/yO/r/pWC1mcrxhju.js:77
[    1688ms] [ERROR] ErrorUtils caught an error:

Could not find element "u_1_1_Ih" [Caught in: Module "__elem_9fc087ed_1_2_bE"]

Subsequent non-fatal errors won't be logged; see https://fburl.com/debugjs. {column: 180, clientTime: 1775172912, extra: Object, guardList: Array(4), hash: f2pxmw} @ https://static.xx.fbcdn.net/rsrc.php/v4/yO/r/pWC1mcrxhju.js:77
[    1688ms] [ERROR] ErrorUtils caught an error:

Could not find element "u_1_1_Ih" [Caught in: Module "__elem_9fc087ed_1_2_bE"] [Caught in: Requiring module "__elem_9fc087ed_1_2_bE" which threw an exception]

Subsequent non-fatal errors won't be logged; see https://fburl.com/debugjs. {column: 180, clientTime: 1775172912, extra: Object, guardList: Array(4), hash: f2pxmw} @ https://static.xx.fbcdn.net/rsrc.php/v4/yO/r/pWC1mcrxhju.js:77
[    1689ms] [ERROR] ErrorUtils caught an error:

Could not find element "u_1_7_aR" [Caught in: Module "__elem_a588f507_1_2_e5"]

Subsequent non-fatal errors won't be logged; see https://fburl.com/debugjs. {column: 180, clientTime: 1775172912, extra: Object, guardList: Array(4), hash: f2pxmw} @ https://static.xx.fbcdn.net/rsrc.php/v4/yO/r/pWC1mcrxhju.js:77
[    1689ms] [ERROR] ErrorUtils caught an error:

Could not find element "u_1_8_bs" [Caught in: Module "__elem_de92090e_1_0_nx"]

Subsequent non-fatal errors won't be logged; see https://fburl.com/debugjs. {column: 180, clientTime: 1775172912, extra: Object, guardList: Array(4), hash: f2pxmw} @ https://static.xx.fbcdn.net/rsrc.php/v4/yO/r/pWC1mcrxhju.js:77
[    1689ms] [ERROR] ErrorUtils caught an error:

Could not find element "u_1_9_SH" [Caught in: Module "__elem_072b8e64_1_0_n4"]

Subsequent non-fatal errors won't be logged; see https://fburl.com/debugjs. {column: 180, clientTime: 1775172912, extra: Object, guardList: Array(4), hash: f2pxmw} @ https://static.xx.fbcdn.net/rsrc.php/v4/yO/r/pWC1mcrxhju.js:77
[    1690ms] [ERROR] ErrorUtils caught an error:

Could not find element "u_1_e_+F" [Caught in: Module "__elem_fc9f538f_1_0_yV"]

Subsequent non-fatal errors won't be logged; see https://fburl.com/debugjs. {column: 180, clientTime: 1775172912, extra: Object, guardList: Array(4), hash: ggaz5d} @ https://static.xx.fbcdn.net/rsrc.php/v4/yO/r/pWC1mcrxhju.js:77
[    1690ms] [ERROR] ErrorUtils caught an error:

Could not find element "u_1_a_80" [Caught in: Module "__elem_a588f507_1_3_rZ"]

Subsequent non-fatal errors won't be logged; see https://fburl.com/debugjs. {column: 180, clientTime: 1775172912, extra: Object, guardList: Array(4), hash: f2pxmw} @ https://static.xx.fbcdn.net/rsrc.php/v4/yO/r/pWC1mcrxhju.js:77
[    1691ms] [ERROR] ErrorUtils caught an error:

Could not find element "u_1_b_ky" [Caught in: Module "__elem_de92090e_1_1_tj"]

Subsequent non-fatal errors won't be logged; see https://fburl.com/debugjs. {column: 180, clientTime: 1775172912, extra: Object, guardList: Array(4), hash: f2pxmw} @ https://static.xx.fbcdn.net/rsrc.php/v4/yO/r/pWC1mcrxhju.js:77
[    1691ms] [ERROR] ErrorUtils caught an error:

Could not find element "u_1_c_fP" [Caught in: Module "__elem_072b8e64_1_1_ui"]

Subsequent non-fatal errors won't be logged; see https://fburl.com/debugjs. {column: 180, clientTime: 1775172912, extra: Object, guardList: Array(4), hash: f2pxmw} @ https://static.xx.fbcdn.net/rsrc.php/v4/yO/r/pWC1mcrxhju.js:77
[    1691ms] [ERROR] ErrorUtils caught an error:

Could not find element "u_1_d_zO" [Caught in: Module "__elem_fc9f538f_1_1_mG"]

Subsequent non-fatal errors won't be logged; see https://fburl.com/debugjs. {column: 180, clientTime: 1775172912, extra: Object, guardList: Array(4), hash: ggaz5d} @ https://static.xx.fbcdn.net/rsrc.php/v4/yO/r/pWC1mcrxhju.js:77
[    1692ms] [ERROR] ErrorUtils caught an error:

Could not find element "u_1_3_qB" [Caught in: Module "__elem_9fc087ed_1_3_RZ"]

Subsequent non-fatal errors won't be logged; see https://fburl.com/debugjs. {column: 180, clientTime: 1775172912, extra: Object, guardList: Array(4), hash: f2pxmw} @ https://static.xx.fbcdn.net/rsrc.php/v4/yO/r/pWC1mcrxhju.js:77
[    1692ms] [ERROR] ErrorUtils caught an error:

Could not find element "u_1_3_qB" [Caught in: Module "__elem_9fc087ed_1_3_RZ"] [Caught in: Requiring module "__elem_9fc087ed_1_3_RZ" which threw an exception]

Subsequent non-fatal errors won't be logged; see https://fburl.com/debugjs. {column: 180, clientTime: 1775172912, extra: Object, guardList: Array(4), hash: f2pxmw} @ https://static.xx.fbcdn.net/rsrc.php/v4/yO/r/pWC1mcrxhju.js:77
[    1692ms] [ERROR] ErrorUtils caught an error:

Could not find element "u_1_2_X7" [Caught in: Module "__elem_9fc087ed_1_4_m8"]

Subsequent non-fatal errors won't be logged; see https://fburl.com/debugjs. {column: 180, clientTime: 1775172912, extra: Object, guardList: Array(4), hash: f2pxmw} @ https://static.xx.fbcdn.net/rsrc.php/v4/yO/r/pWC1mcrxhju.js:77
[    1693ms] [ERROR] ErrorUtils caught an error:

Could not find element "u_1_2_X7" [Caught in: Module "__elem_9fc087ed_1_4_m8"] [Caught in: Requiring module "__elem_9fc087ed_1_4_m8" which threw an exception]

Subsequent non-fatal errors won't be logged; see https://fburl.com/debugjs. {column: 180, clientTime: 1775172912, extra: Object, guardList: Array(4), hash: f2pxmw} @ https://static.xx.fbcdn.net/rsrc.php/v4/yO/r/pWC1mcrxhju.js:77
[    1693ms] [ERROR] ErrorUtils caught an error:

Could not find element "u_1_u_+v" [Caught in: Module "__elem_fc9f538f_1_2_kv"]

Subsequent non-fatal errors won't be logged; see https://fburl.com/debugjs. {column: 180, clientTime: 1775172912, extra: Object, guardList: Array(4), hash: ggaz5d} @ https://static.xx.fbcdn.net/rsrc.php/v4/yO/r/pWC1mcrxhju.js:77
[    1693ms] [ERROR] ErrorUtils caught an error:

Could not find element "u_1_11_Uo" [Caught in: Module "__elem_fc9f538f_1_3_tJ"]

Subsequent non-fatal errors won't be logged; see https://fburl.com/debugjs. {column: 180, clientTime: 1775172912, extra: Object, guardList: Array(4), hash: ggaz5d} @ https://static.xx.fbcdn.net/rsrc.php/v4/yO/r/pWC1mcrxhju.js:77
[    1694ms] [ERROR] ErrorUtils caught an error:

Could not find element "u_1_10_eb" [Caught in: Module "__elem_fc9f538f_1_4_GT"]

Subsequent non-fatal errors won't be logged; see https://fburl.com/debugjs. {column: 180, clientTime: 1775172912, extra: Object, guardList: Array(4), hash: ggaz5d} @ https://static.xx.fbcdn.net/rsrc.php/v4/yO/r/pWC1mcrxhju.js:77
[    1694ms] [ERROR] ErrorUtils caught an error:

Could not find element "u_1_l_WS" [Caught in: Module "__elem_a588f507_1_4_xB"]

Subsequent non-fatal errors won't be logged; see https://fburl.com/debugjs. {column: 180, clientTime: 1775172912, extra: Object, guardList: Array(4), hash: f2pxmw} @ https://static.xx.fbcdn.net/rsrc.php/v4/yO/r/pWC1mcrxhju.js:77
[    1694ms] [ERROR] ErrorUtils caught an error:

Could not find element "u_1_m_qa" [Caught in: Module "__elem_de92090e_1_2_HI"]

Subsequent non-fatal errors won't be logged; see https://fburl.com/debugjs. {column: 180, clientTime: 1775172912, extra: Object, guardList: Array(4), hash: f2pxmw} @ https://static.xx.fbcdn.net/rsrc.php/v4/yO/r/pWC1mcrxhju.js:77
[    1695ms] [ERROR] ErrorUtils caught an error:

Could not find element "u_1_n_wZ" [Caught in: Module "__elem_072b8e64_1_2_PC"]

Subsequent non-fatal errors won't be logged; see https://fburl.com/debugjs. {column: 180, clientTime: 1775172912, extra: Object, guardList: Array(4), hash: f2pxmw} @ https://static.xx.fbcdn.net/rsrc.php/v4/yO/r/pWC1mcrxhju.js:77
[    1695ms] [ERROR] ErrorUtils caught an error:

Could not find element "u_1_o_Mf" [Caught in: Module "__elem_a588f507_1_5_AT"]

Subsequent non-fatal errors won't be logged; see https://fburl.com/debugjs. {column: 180, clientTime: 1775172912, extra: Object, guardList: Array(4), hash: f2pxmw} @ https://static.xx.fbcdn.net/rsrc.php/v4/yO/r/pWC1mcrxhju.js:77
[    1696ms] [ERROR] ErrorUtils caught an error:

Could not find element "u_1_p_rS" [Caught in: Module "__elem_de92090e_1_3_1V"]

Subsequent non-fatal errors won't be logged; see https://fburl.com/debugjs. {column: 180, clientTime: 1775172912, extra: Object, guardList: Array(4), hash: f2pxmw} @ https://static.xx.fbcdn.net/rsrc.php/v4/yO/r/pWC1mcrxhju.js:77
[    1696ms] [ERROR] ErrorUtils caught an error:

Could not find element "u_1_q_oI" [Caught in: Module "__elem_072b8e64_1_3_9X"]

Subsequent non-fatal errors won't be logged; see https://fburl.com/debugjs. {column: 180, clientTime: 1775172912, extra: Object, guardList: Array(4), hash: f2pxmw} @ https://static.xx.fbcdn.net/rsrc.php/v4/yO/r/pWC1mcrxhju.js:77
[    1697ms] [ERROR] ErrorUtils caught an error:

Could not find element "u_1_r_zL" [Caught in: Module "__elem_a588f507_1_6_IO"]

Subsequent non-fatal errors won't be logged; see https://fburl.com/debugjs. {column: 180, clientTime: 1775172912, extra: Object, guardList: Array(4), hash: f2pxmw} @ https://static.xx.fbcdn.net/rsrc.php/v4/yO/r/pWC1mcrxhju.js:77
[    1697ms] [ERROR] ErrorUtils caught an error:

Could not find element "u_1_s_Pg" [Caught in: Module "__elem_de92090e_1_4_Fy"]

Subsequent non-fatal errors won't be logged; see https://fburl.com/debugjs. {column: 180, clientTime: 1775172912, extra: Object, guardList: Array(4), hash: f2pxmw} @ https://static.xx.fbcdn.net/rsrc.php/v4/yO/r/pWC1mcrxhju.js:77
[    1698ms] [ERROR] ErrorUtils caught an error:

Could not find element "u_1_t_Ah" [Caught in: Module "__elem_072b8e64_1_4_Ht"]

Subsequent non-fatal errors won't be logged; see https://fburl.com/debugjs. {column: 180, clientTime: 1775172912, extra: Object, guardList: Array(4), hash: f2pxmw} @ https://static.xx.fbcdn.net/rsrc.php/v4/yO/r/pWC1mcrxhju.js:77
