[    1221ms] [ERROR] ErrorUtils caught an error:

Could not find element "u_1_12_yS" [Caught in: Module "__elem_a588f507_1_0_vq"]

Subsequent non-fatal errors won't be logged; see https://fburl.com/debugjs. {column: 180, clientTime: 1775172571, extra: Object, guardList: Array(4), hash: f2pxmw} @ https://static.xx.fbcdn.net/rsrc.php/v4/yO/r/pWC1mcrxhju.js:77
[    1221ms] [ERROR] ErrorUtils caught an error:

DataStore.get: namespace is required, got undefined

Subsequent non-fatal errors won't be logged; see https://fburl.com/debugjs. {column: 694, clientTime: 1775172571, extra: Object, guardList: Array(4), hash: fpb5ss} @ https://static.xx.fbcdn.net/rsrc.php/v4/yO/r/pWC1mcrxhju.js:77
[    1222ms] [ERROR] ErrorUtils caught an error:

Could not find element "u_1_4_UH" [Caught in: Module "__elem_9fc087ed_1_0_Nv"]

Subsequent non-fatal errors won't be logged; see https://fburl.com/debugjs. {column: 180, clientTime: 1775172571, extra: Object, guardList: Array(4), hash: f2pxmw} @ https://static.xx.fbcdn.net/rsrc.php/v4/yO/r/pWC1mcrxhju.js:77
[    1222ms] [ERROR] ErrorUtils caught an error:

Could not find element "u_1_4_UH" [Caught in: Module "__elem_9fc087ed_1_0_Nv"] [Caught in: Requiring module "__elem_9fc087ed_1_0_Nv" which threw an exception]

Subsequent non-fatal errors won't be logged; see https://fburl.com/debugjs. {column: 180, clientTime: 1775172571, extra: Object, guardList: Array(4), hash: f2pxmw} @ https://static.xx.fbcdn.net/rsrc.php/v4/yO/r/pWC1mcrxhju.js:77
[    1223ms] [ERROR] ErrorUtils caught an error:

Could not find element "u_1_0_Lw" [Caught in: Module "__elem_9fc087ed_1_1_O/"]

Subsequent non-fatal errors won't be logged; see https://fburl.com/debugjs. {column: 180, clientTime: 1775172571, extra: Object, guardList: Array(4), hash: f2pxmw} @ https://static.xx.fbcdn.net/rsrc.php/v4/yO/r/pWC1mcrxhju.js:77
[    1223ms] [ERROR] ErrorUtils caught an error:

Could not find element "u_1_0_Lw" [Caught in: Module "__elem_9fc087ed_1_1_O/"] [Caught in: Requiring module "__elem_9fc087ed_1_1_O/" which threw an exception]

Subsequent non-fatal errors won't be logged; see https://fburl.com/debugjs. {column: 180, clientTime: 1775172571, extra: Object, guardList: Array(4), hash: f2pxmw} @ https://static.xx.fbcdn.net/rsrc.php/v4/yO/r/pWC1mcrxhju.js:77
[    1223ms] [ERROR] ErrorUtils caught an error:

Could not find element "u_1_1_51" [Caught in: Module "__elem_9fc087ed_1_2_3y"]

Subsequent non-fatal errors won't be logged; see https://fburl.com/debugjs. {column: 180, clientTime: 1775172571, extra: Object, guardList: Array(4), hash: f2pxmw} @ https://static.xx.fbcdn.net/rsrc.php/v4/yO/r/pWC1mcrxhju.js:77
[    1224ms] [ERROR] ErrorUtils caught an error:

Could not find element "u_1_1_51" [Caught in: Module "__elem_9fc087ed_1_2_3y"] [Caught in: Requiring module "__elem_9fc087ed_1_2_3y" which threw an exception]

Subsequent non-fatal errors won't be logged; see https://fburl.com/debugjs. {column: 180, clientTime: 1775172571, extra: Object, guardList: Array(4), hash: f2pxmw} @ https://static.xx.fbcdn.net/rsrc.php/v4/yO/r/pWC1mcrxhju.js:77
[    1224ms] [ERROR] ErrorUtils caught an error:

Could not find element "u_1_2_ux" [Caught in: Module "__elem_9fc087ed_1_3_9D"]

Subsequent non-fatal errors won't be logged; see https://fburl.com/debugjs. {column: 180, clientTime: 1775172571, extra: Object, guardList: Array(4), hash: f2pxmw} @ https://static.xx.fbcdn.net/rsrc.php/v4/yO/r/pWC1mcrxhju.js:77
[    1224ms] [ERROR] ErrorUtils caught an error:

Could not find element "u_1_2_ux" [Caught in: Module "__elem_9fc087ed_1_3_9D"] [Caught in: Requiring module "__elem_9fc087ed_1_3_9D" which threw an exception]

Subsequent non-fatal errors won't be logged; see https://fburl.com/debugjs. {column: 180, clientTime: 1775172571, extra: Object, guardList: Array(4), hash: f2pxmw} @ https://static.xx.fbcdn.net/rsrc.php/v4/yO/r/pWC1mcrxhju.js:77
[    1225ms] [ERROR] ErrorUtils caught an error:

Could not find element "u_1_7_Om" [Caught in: Module "__elem_a588f507_1_2_8d"]

Subsequent non-fatal errors won't be logged; see https://fburl.com/debugjs. {column: 180, clientTime: 1775172571, extra: Object, guardList: Array(4), hash: f2pxmw} @ https://static.xx.fbcdn.net/rsrc.php/v4/yO/r/pWC1mcrxhju.js:77
[    1225ms] [ERROR] ErrorUtils caught an error:

Could not find element "u_1_8_5C" [Caught in: Module "__elem_de92090e_1_0_1s"]

Subsequent non-fatal errors won't be logged; see https://fburl.com/debugjs. {column: 180, clientTime: 1775172571, extra: Object, guardList: Array(4), hash: f2pxmw} @ https://static.xx.fbcdn.net/rsrc.php/v4/yO/r/pWC1mcrxhju.js:77
[    1226ms] [ERROR] ErrorUtils caught an error:

Could not find element "u_1_9_le" [Caught in: Module "__elem_072b8e64_1_0_wp"]

Subsequent non-fatal errors won't be logged; see https://fburl.com/debugjs. {column: 180, clientTime: 1775172571, extra: Object, guardList: Array(4), hash: f2pxmw} @ https://static.xx.fbcdn.net/rsrc.php/v4/yO/r/pWC1mcrxhju.js:77
[    1226ms] [ERROR] ErrorUtils caught an error:

Could not find element "u_1_a_0J" [Caught in: Module "__elem_a588f507_1_3_3q"]

Subsequent non-fatal errors won't be logged; see https://fburl.com/debugjs. {column: 180, clientTime: 1775172571, extra: Object, guardList: Array(4), hash: f2pxmw} @ https://static.xx.fbcdn.net/rsrc.php/v4/yO/r/pWC1mcrxhju.js:77
[    1226ms] [ERROR] ErrorUtils caught an error:

Could not find element "u_1_b_8A" [Caught in: Module "__elem_de92090e_1_1_QW"]

Subsequent non-fatal errors won't be logged; see https://fburl.com/debugjs. {column: 180, clientTime: 1775172571, extra: Object, guardList: Array(4), hash: f2pxmw} @ https://static.xx.fbcdn.net/rsrc.php/v4/yO/r/pWC1mcrxhju.js:77
[    1227ms] [ERROR] ErrorUtils caught an error:

Could not find element "u_1_c_jT" [Caught in: Module "__elem_072b8e64_1_1_er"]

Subsequent non-fatal errors won't be logged; see https://fburl.com/debugjs. {column: 180, clientTime: 1775172571, extra: Object, guardList: Array(4), hash: f2pxmw} @ https://static.xx.fbcdn.net/rsrc.php/v4/yO/r/pWC1mcrxhju.js:77
[    1227ms] [ERROR] ErrorUtils caught an error:

Could not find element "u_1_e_C2" [Caught in: Module "__elem_fc9f538f_1_0_r8"]

Subsequent non-fatal errors won't be logged; see https://fburl.com/debugjs. {column: 180, clientTime: 1775172571, extra: Object, guardList: Array(4), hash: ggaz5d} @ https://static.xx.fbcdn.net/rsrc.php/v4/yO/r/pWC1mcrxhju.js:77
[    1228ms] [ERROR] ErrorUtils caught an error:

Could not find element "u_1_d_zV" [Caught in: Module "__elem_fc9f538f_1_1_kz"]

Subsequent non-fatal errors won't be logged; see https://fburl.com/debugjs. {column: 180, clientTime: 1775172571, extra: Object, guardList: Array(4), hash: ggaz5d} @ https://static.xx.fbcdn.net/rsrc.php/v4/yO/r/pWC1mcrxhju.js:77
[    1228ms] [ERROR] ErrorUtils caught an error:

Could not find element "u_1_3_pl" [Caught in: Module "__elem_9fc087ed_1_4_3q"]

Subsequent non-fatal errors won't be logged; see https://fburl.com/debugjs. {column: 180, clientTime: 1775172571, extra: Object, guardList: Array(4), hash: f2pxmw} @ https://static.xx.fbcdn.net/rsrc.php/v4/yO/r/pWC1mcrxhju.js:77
[    1228ms] [ERROR] ErrorUtils caught an error:

Could not find element "u_1_3_pl" [Caught in: Module "__elem_9fc087ed_1_4_3q"] [Caught in: Requiring module "__elem_9fc087ed_1_4_3q" which threw an exception]

Subsequent non-fatal errors won't be logged; see https://fburl.com/debugjs. {column: 180, clientTime: 1775172571, extra: Object, guardList: Array(4), hash: f2pxmw} @ https://static.xx.fbcdn.net/rsrc.php/v4/yO/r/pWC1mcrxhju.js:77
[    1228ms] [ERROR] ErrorUtils caught an error:

Could not find element "u_1_u_C4" [Caught in: Module "__elem_fc9f538f_1_2_OI"]

Subsequent non-fatal errors won't be logged; see https://fburl.com/debugjs. {column: 180, clientTime: 1775172571, extra: Object, guardList: Array(4), hash: ggaz5d} @ https://static.xx.fbcdn.net/rsrc.php/v4/yO/r/pWC1mcrxhju.js:77
[    1229ms] [ERROR] ErrorUtils caught an error:

Could not find element "u_1_11_QF" [Caught in: Module "__elem_fc9f538f_1_3_R+"]

Subsequent non-fatal errors won't be logged; see https://fburl.com/debugjs. {column: 180, clientTime: 1775172571, extra: Object, guardList: Array(4), hash: ggaz5d} @ https://static.xx.fbcdn.net/rsrc.php/v4/yO/r/pWC1mcrxhju.js:77
[    1229ms] [ERROR] ErrorUtils caught an error:

Could not find element "u_1_v_sJ" [Caught in: Module "__elem_fc9f538f_1_4_kU"]

Subsequent non-fatal errors won't be logged; see https://fburl.com/debugjs. {column: 180, clientTime: 1775172571, extra: Object, guardList: Array(4), hash: ggaz5d} @ https://static.xx.fbcdn.net/rsrc.php/v4/yO/r/pWC1mcrxhju.js:77
[    1229ms] [ERROR] ErrorUtils caught an error:

Could not find element "u_1_l_/Q" [Caught in: Module "__elem_a588f507_1_4_QY"]

Subsequent non-fatal errors won't be logged; see https://fburl.com/debugjs. {column: 180, clientTime: 1775172571, extra: Object, guardList: Array(4), hash: f2pxmw} @ https://static.xx.fbcdn.net/rsrc.php/v4/yO/r/pWC1mcrxhju.js:77
[    1230ms] [ERROR] ErrorUtils caught an error:

Could not find element "u_1_m_dZ" [Caught in: Module "__elem_de92090e_1_2_eg"]

Subsequent non-fatal errors won't be logged; see https://fburl.com/debugjs. {column: 180, clientTime: 1775172571, extra: Object, guardList: Array(4), hash: f2pxmw} @ https://static.xx.fbcdn.net/rsrc.php/v4/yO/r/pWC1mcrxhju.js:77
[    1230ms] [ERROR] ErrorUtils caught an error:

Could not find element "u_1_n_vX" [Caught in: Module "__elem_072b8e64_1_2_vy"]

Subsequent non-fatal errors won't be logged; see https://fburl.com/debugjs. {column: 180, clientTime: 1775172571, extra: Object, guardList: Array(4), hash: f2pxmw} @ https://static.xx.fbcdn.net/rsrc.php/v4/yO/r/pWC1mcrxhju.js:77
[    1230ms] [ERROR] ErrorUtils caught an error:

Could not find element "u_1_o_tj" [Caught in: Module "__elem_a588f507_1_5_R3"]

Subsequent non-fatal errors won't be logged; see https://fburl.com/debugjs. {column: 180, clientTime: 1775172571, extra: Object, guardList: Array(4), hash: f2pxmw} @ https://static.xx.fbcdn.net/rsrc.php/v4/yO/r/pWC1mcrxhju.js:77
[    1231ms] [ERROR] ErrorUtils caught an error:

Could not find element "u_1_p_RD" [Caught in: Module "__elem_de92090e_1_3_8D"]

Subsequent non-fatal errors won't be logged; see https://fburl.com/debugjs. {column: 180, clientTime: 1775172571, extra: Object, guardList: Array(4), hash: f2pxmw} @ https://static.xx.fbcdn.net/rsrc.php/v4/yO/r/pWC1mcrxhju.js:77
[    1231ms] [ERROR] ErrorUtils caught an error:

Could not find element "u_1_q_eq" [Caught in: Module "__elem_072b8e64_1_3_6n"]

Subsequent non-fatal errors won't be logged; see https://fburl.com/debugjs. {column: 180, clientTime: 1775172571, extra: Object, guardList: Array(4), hash: f2pxmw} @ https://static.xx.fbcdn.net/rsrc.php/v4/yO/r/pWC1mcrxhju.js:77
[    1231ms] [ERROR] ErrorUtils caught an error:

Could not find element "u_1_r_Nt" [Caught in: Module "__elem_a588f507_1_6_fR"]

Subsequent non-fatal errors won't be logged; see https://fburl.com/debugjs. {column: 180, clientTime: 1775172571, extra: Object, guardList: Array(4), hash: f2pxmw} @ https://static.xx.fbcdn.net/rsrc.php/v4/yO/r/pWC1mcrxhju.js:77
[    1231ms] [ERROR] ErrorUtils caught an error:

Could not find element "u_1_s_+I" [Caught in: Module "__elem_de92090e_1_4_1f"]

Subsequent non-fatal errors won't be logged; see https://fburl.com/debugjs. {column: 180, clientTime: 1775172571, extra: Object, guardList: Array(4), hash: f2pxmw} @ https://static.xx.fbcdn.net/rsrc.php/v4/yO/r/pWC1mcrxhju.js:77
[    1232ms] [ERROR] ErrorUtils caught an error:

Could not find element "u_1_t_GC" [Caught in: Module "__elem_072b8e64_1_4_mW"]

Subsequent non-fatal errors won't be logged; see https://fburl.com/debugjs. {column: 180, clientTime: 1775172571, extra: Object, guardList: Array(4), hash: f2pxmw} @ https://static.xx.fbcdn.net/rsrc.php/v4/yO/r/pWC1mcrxhju.js:77
