[    1206ms] [ERROR] ErrorUtils caught an error:

Could not find element "u_1_12_wi" [Caught in: Module "__elem_a588f507_1_0_Bp"]

Subsequent non-fatal errors won't be logged; see https://fburl.com/debugjs. {column: 180, clientTime: 1775172538, extra: Object, guardList: Array(4), hash: f2pxmw} @ https://static.xx.fbcdn.net/rsrc.php/v4/yO/r/pWC1mcrxhju.js:77
[    1206ms] [ERROR] ErrorUtils caught an error:

DataStore.get: namespace is required, got undefined

Subsequent non-fatal errors won't be logged; see https://fburl.com/debugjs. {column: 694, clientTime: 1775172538, extra: Object, guardList: Array(4), hash: fpb5ss} @ https://static.xx.fbcdn.net/rsrc.php/v4/yO/r/pWC1mcrxhju.js:77
[    1207ms] [ERROR] ErrorUtils caught an error:

Could not find element "u_1_0_dN" [Caught in: Module "__elem_9fc087ed_1_0_Rv"]

Subsequent non-fatal errors won't be logged; see https://fburl.com/debugjs. {column: 180, clientTime: 1775172538, extra: Object, guardList: Array(4), hash: f2pxmw} @ https://static.xx.fbcdn.net/rsrc.php/v4/yO/r/pWC1mcrxhju.js:77
[    1207ms] [ERROR] ErrorUtils caught an error:

Could not find element "u_1_0_dN" [Caught in: Module "__elem_9fc087ed_1_0_Rv"] [Caught in: Requiring module "__elem_9fc087ed_1_0_Rv" which threw an exception]

Subsequent non-fatal errors won't be logged; see https://fburl.com/debugjs. {column: 180, clientTime: 1775172538, extra: Object, guardList: Array(4), hash: f2pxmw} @ https://static.xx.fbcdn.net/rsrc.php/v4/yO/r/pWC1mcrxhju.js:77
[    1208ms] [ERROR] ErrorUtils caught an error:

Could not find element "u_1_4_PI" [Caught in: Module "__elem_9fc087ed_1_1_oc"]

Subsequent non-fatal errors won't be logged; see https://fburl.com/debugjs. {column: 180, clientTime: 1775172538, extra: Object, guardList: Array(4), hash: f2pxmw} @ https://static.xx.fbcdn.net/rsrc.php/v4/yO/r/pWC1mcrxhju.js:77
[    1208ms] [ERROR] ErrorUtils caught an error:

Could not find element "u_1_4_PI" [Caught in: Module "__elem_9fc087ed_1_1_oc"] [Caught in: Requiring module "__elem_9fc087ed_1_1_oc" which threw an exception]

Subsequent non-fatal errors won't be logged; see https://fburl.com/debugjs. {column: 180, clientTime: 1775172538, extra: Object, guardList: Array(4), hash: f2pxmw} @ https://static.xx.fbcdn.net/rsrc.php/v4/yO/r/pWC1mcrxhju.js:77
[    1208ms] [ERROR] ErrorUtils caught an error:

Could not find element "u_1_1_YZ" [Caught in: Module "__elem_9fc087ed_1_2_JL"]

Subsequent non-fatal errors won't be logged; see https://fburl.com/debugjs. {column: 180, clientTime: 1775172538, extra: Object, guardList: Array(4), hash: f2pxmw} @ https://static.xx.fbcdn.net/rsrc.php/v4/yO/r/pWC1mcrxhju.js:77
[    1209ms] [ERROR] ErrorUtils caught an error:

Could not find element "u_1_1_YZ" [Caught in: Module "__elem_9fc087ed_1_2_JL"] [Caught in: Requiring module "__elem_9fc087ed_1_2_JL" which threw an exception]

Subsequent non-fatal errors won't be logged; see https://fburl.com/debugjs. {column: 180, clientTime: 1775172538, extra: Object, guardList: Array(4), hash: f2pxmw} @ https://static.xx.fbcdn.net/rsrc.php/v4/yO/r/pWC1mcrxhju.js:77
[    1210ms] [ERROR] ErrorUtils caught an error:

Could not find element "u_1_7_7Z" [Caught in: Module "__elem_a588f507_1_2_G7"]

Subsequent non-fatal errors won't be logged; see https://fburl.com/debugjs. {column: 180, clientTime: 1775172538, extra: Object, guardList: Array(4), hash: f2pxmw} @ https://static.xx.fbcdn.net/rsrc.php/v4/yO/r/pWC1mcrxhju.js:77
[    1210ms] [ERROR] ErrorUtils caught an error:

Could not find element "u_1_8_oE" [Caught in: Module "__elem_de92090e_1_0_wf"]

Subsequent non-fatal errors won't be logged; see https://fburl.com/debugjs. {column: 180, clientTime: 1775172538, extra: Object, guardList: Array(4), hash: f2pxmw} @ https://static.xx.fbcdn.net/rsrc.php/v4/yO/r/pWC1mcrxhju.js:77
[    1211ms] [ERROR] ErrorUtils caught an error:

Could not find element "u_1_9_XK" [Caught in: Module "__elem_072b8e64_1_0_pW"]

Subsequent non-fatal errors won't be logged; see https://fburl.com/debugjs. {column: 180, clientTime: 1775172538, extra: Object, guardList: Array(4), hash: f2pxmw} @ https://static.xx.fbcdn.net/rsrc.php/v4/yO/r/pWC1mcrxhju.js:77
[    1211ms] [ERROR] ErrorUtils caught an error:

Could not find element "u_1_d_EN" [Caught in: Module "__elem_fc9f538f_1_0_aE"]

Subsequent non-fatal errors won't be logged; see https://fburl.com/debugjs. {column: 180, clientTime: 1775172538, extra: Object, guardList: Array(4), hash: ggaz5d} @ https://static.xx.fbcdn.net/rsrc.php/v4/yO/r/pWC1mcrxhju.js:77
[    1212ms] [ERROR] ErrorUtils caught an error:

Could not find element "u_1_a_ny" [Caught in: Module "__elem_a588f507_1_3_44"]

Subsequent non-fatal errors won't be logged; see https://fburl.com/debugjs. {column: 180, clientTime: 1775172538, extra: Object, guardList: Array(4), hash: f2pxmw} @ https://static.xx.fbcdn.net/rsrc.php/v4/yO/r/pWC1mcrxhju.js:77
[    1212ms] [ERROR] ErrorUtils caught an error:

Could not find element "u_1_b_e+" [Caught in: Module "__elem_de92090e_1_1_l0"]

Subsequent non-fatal errors won't be logged; see https://fburl.com/debugjs. {column: 180, clientTime: 1775172538, extra: Object, guardList: Array(4), hash: f2pxmw} @ https://static.xx.fbcdn.net/rsrc.php/v4/yO/r/pWC1mcrxhju.js:77
[    1213ms] [ERROR] ErrorUtils caught an error:

Could not find element "u_1_c_FX" [Caught in: Module "__elem_072b8e64_1_1_uH"]

Subsequent non-fatal errors won't be logged; see https://fburl.com/debugjs. {column: 180, clientTime: 1775172538, extra: Object, guardList: Array(4), hash: f2pxmw} @ https://static.xx.fbcdn.net/rsrc.php/v4/yO/r/pWC1mcrxhju.js:77
[    1213ms] [ERROR] ErrorUtils caught an error:

Could not find element "u_1_e_lt" [Caught in: Module "__elem_fc9f538f_1_1_eL"]

Subsequent non-fatal errors won't be logged; see https://fburl.com/debugjs. {column: 180, clientTime: 1775172538, extra: Object, guardList: Array(4), hash: ggaz5d} @ https://static.xx.fbcdn.net/rsrc.php/v4/yO/r/pWC1mcrxhju.js:77
[    1213ms] [ERROR] ErrorUtils caught an error:

Could not find element "u_1_3_n3" [Caught in: Module "__elem_9fc087ed_1_3_Gu"]

Subsequent non-fatal errors won't be logged; see https://fburl.com/debugjs. {column: 180, clientTime: 1775172538, extra: Object, guardList: Array(4), hash: f2pxmw} @ https://static.xx.fbcdn.net/rsrc.php/v4/yO/r/pWC1mcrxhju.js:77
[    1214ms] [ERROR] ErrorUtils caught an error:

Could not find element "u_1_3_n3" [Caught in: Module "__elem_9fc087ed_1_3_Gu"] [Caught in: Requiring module "__elem_9fc087ed_1_3_Gu" which threw an exception]

Subsequent non-fatal errors won't be logged; see https://fburl.com/debugjs. {column: 180, clientTime: 1775172538, extra: Object, guardList: Array(4), hash: f2pxmw} @ https://static.xx.fbcdn.net/rsrc.php/v4/yO/r/pWC1mcrxhju.js:77
[    1214ms] [ERROR] ErrorUtils caught an error:

Could not find element "u_1_2_Vj" [Caught in: Module "__elem_9fc087ed_1_4_t6"]

Subsequent non-fatal errors won't be logged; see https://fburl.com/debugjs. {column: 180, clientTime: 1775172538, extra: Object, guardList: Array(4), hash: f2pxmw} @ https://static.xx.fbcdn.net/rsrc.php/v4/yO/r/pWC1mcrxhju.js:77
[    1214ms] [ERROR] ErrorUtils caught an error:

Could not find element "u_1_2_Vj" [Caught in: Module "__elem_9fc087ed_1_4_t6"] [Caught in: Requiring module "__elem_9fc087ed_1_4_t6" which threw an exception]

Subsequent non-fatal errors won't be logged; see https://fburl.com/debugjs. {column: 180, clientTime: 1775172538, extra: Object, guardList: Array(4), hash: f2pxmw} @ https://static.xx.fbcdn.net/rsrc.php/v4/yO/r/pWC1mcrxhju.js:77
[    1215ms] [ERROR] ErrorUtils caught an error:

Could not find element "u_1_11_FW" [Caught in: Module "__elem_fc9f538f_1_2_qr"]

Subsequent non-fatal errors won't be logged; see https://fburl.com/debugjs. {column: 180, clientTime: 1775172538, extra: Object, guardList: Array(4), hash: ggaz5d} @ https://static.xx.fbcdn.net/rsrc.php/v4/yO/r/pWC1mcrxhju.js:77
[    1215ms] [ERROR] ErrorUtils caught an error:

Could not find element "u_1_10_dM" [Caught in: Module "__elem_fc9f538f_1_3_rs"]

Subsequent non-fatal errors won't be logged; see https://fburl.com/debugjs. {column: 180, clientTime: 1775172538, extra: Object, guardList: Array(4), hash: ggaz5d} @ https://static.xx.fbcdn.net/rsrc.php/v4/yO/r/pWC1mcrxhju.js:77
[    1215ms] [ERROR] ErrorUtils caught an error:

Could not find element "u_1_u_vm" [Caught in: Module "__elem_fc9f538f_1_4_21"]

Subsequent non-fatal errors won't be logged; see https://fburl.com/debugjs. {column: 180, clientTime: 1775172538, extra: Object, guardList: Array(4), hash: ggaz5d} @ https://static.xx.fbcdn.net/rsrc.php/v4/yO/r/pWC1mcrxhju.js:77
[    1216ms] [ERROR] ErrorUtils caught an error:

Could not find element "u_1_l_/h" [Caught in: Module "__elem_a588f507_1_4_C1"]

Subsequent non-fatal errors won't be logged; see https://fburl.com/debugjs. {column: 180, clientTime: 1775172538, extra: Object, guardList: Array(4), hash: f2pxmw} @ https://static.xx.fbcdn.net/rsrc.php/v4/yO/r/pWC1mcrxhju.js:77
[    1216ms] [ERROR] ErrorUtils caught an error:

Could not find element "u_1_m_d2" [Caught in: Module "__elem_de92090e_1_2_Pf"]

Subsequent non-fatal errors won't be logged; see https://fburl.com/debugjs. {column: 180, clientTime: 1775172538, extra: Object, guardList: Array(4), hash: f2pxmw} @ https://static.xx.fbcdn.net/rsrc.php/v4/yO/r/pWC1mcrxhju.js:77
[    1216ms] [ERROR] ErrorUtils caught an error:

Could not find element "u_1_n_tn" [Caught in: Module "__elem_072b8e64_1_2_7f"]

Subsequent non-fatal errors won't be logged; see https://fburl.com/debugjs. {column: 180, clientTime: 1775172538, extra: Object, guardList: Array(4), hash: f2pxmw} @ https://static.xx.fbcdn.net/rsrc.php/v4/yO/r/pWC1mcrxhju.js:77
[    1216ms] [ERROR] ErrorUtils caught an error:

Could not find element "u_1_o_pZ" [Caught in: Module "__elem_a588f507_1_5_We"]

Subsequent non-fatal errors won't be logged; see https://fburl.com/debugjs. {column: 180, clientTime: 1775172538, extra: Object, guardList: Array(4), hash: f2pxmw} @ https://static.xx.fbcdn.net/rsrc.php/v4/yO/r/pWC1mcrxhju.js:77
[    1217ms] [ERROR] ErrorUtils caught an error:

Could not find element "u_1_p_jG" [Caught in: Module "__elem_de92090e_1_3_CO"]

Subsequent non-fatal errors won't be logged; see https://fburl.com/debugjs. {column: 180, clientTime: 1775172538, extra: Object, guardList: Array(4), hash: f2pxmw} @ https://static.xx.fbcdn.net/rsrc.php/v4/yO/r/pWC1mcrxhju.js:77
[    1217ms] [ERROR] ErrorUtils caught an error:

Could not find element "u_1_q_d9" [Caught in: Module "__elem_072b8e64_1_3_SA"]

Subsequent non-fatal errors won't be logged; see https://fburl.com/debugjs. {column: 180, clientTime: 1775172538, extra: Object, guardList: Array(4), hash: f2pxmw} @ https://static.xx.fbcdn.net/rsrc.php/v4/yO/r/pWC1mcrxhju.js:77
[    1217ms] [ERROR] ErrorUtils caught an error:

Could not find element "u_1_r_Gs" [Caught in: Module "__elem_a588f507_1_6_VQ"]

Subsequent non-fatal errors won't be logged; see https://fburl.com/debugjs. {column: 180, clientTime: 1775172538, extra: Object, guardList: Array(4), hash: f2pxmw} @ https://static.xx.fbcdn.net/rsrc.php/v4/yO/r/pWC1mcrxhju.js:77
[    1217ms] [ERROR] ErrorUtils caught an error:

Could not find element "u_1_s_9X" [Caught in: Module "__elem_de92090e_1_4_xw"]

Subsequent non-fatal errors won't be logged; see https://fburl.com/debugjs. {column: 180, clientTime: 1775172538, extra: Object, guardList: Array(4), hash: f2pxmw} @ https://static.xx.fbcdn.net/rsrc.php/v4/yO/r/pWC1mcrxhju.js:77
[    1218ms] [ERROR] ErrorUtils caught an error:

Could not find element "u_1_t_v6" [Caught in: Module "__elem_072b8e64_1_4_ix"]

Subsequent non-fatal errors won't be logged; see https://fburl.com/debugjs. {column: 180, clientTime: 1775172538, extra: Object, guardList: Array(4), hash: f2pxmw} @ https://static.xx.fbcdn.net/rsrc.php/v4/yO/r/pWC1mcrxhju.js:77
