[    1189ms] [ERROR] ErrorUtils caught an error:

Could not find element "u_1_12_AX" [Caught in: Module "__elem_a588f507_1_0_4d"]

Subsequent non-fatal errors won't be logged; see https://fburl.com/debugjs. {column: 180, clientTime: 1775171191, extra: Object, guardList: Array(4), hash: f2pxmw} @ https://static.xx.fbcdn.net/rsrc.php/v4/yO/r/pWC1mcrxhju.js:77
[    1190ms] [ERROR] ErrorUtils caught an error:

DataStore.get: namespace is required, got undefined

Subsequent non-fatal errors won't be logged; see https://fburl.com/debugjs. {column: 694, clientTime: 1775171191, extra: Object, guardList: Array(4), hash: fpb5ss} @ https://static.xx.fbcdn.net/rsrc.php/v4/yO/r/pWC1mcrxhju.js:77
[    1191ms] [ERROR] ErrorUtils caught an error:

Could not find element "u_1_4_dG" [Caught in: Module "__elem_9fc087ed_1_0_+0"]

Subsequent non-fatal errors won't be logged; see https://fburl.com/debugjs. {column: 180, clientTime: 1775171191, extra: Object, guardList: Array(4), hash: f2pxmw} @ https://static.xx.fbcdn.net/rsrc.php/v4/yO/r/pWC1mcrxhju.js:77
[    1192ms] [ERROR] ErrorUtils caught an error:

Could not find element "u_1_4_dG" [Caught in: Module "__elem_9fc087ed_1_0_+0"] [Caught in: Requiring module "__elem_9fc087ed_1_0_+0" which threw an exception]

Subsequent non-fatal errors won't be logged; see https://fburl.com/debugjs. {column: 180, clientTime: 1775171191, extra: Object, guardList: Array(4), hash: f2pxmw} @ https://static.xx.fbcdn.net/rsrc.php/v4/yO/r/pWC1mcrxhju.js:77
[    1192ms] [ERROR] ErrorUtils caught an error:

Could not find element "u_1_0_0N" [Caught in: Module "__elem_9fc087ed_1_1_19"]

Subsequent non-fatal errors won't be logged; see https://fburl.com/debugjs. {column: 180, clientTime: 1775171191, extra: Object, guardList: Array(4), hash: f2pxmw} @ https://static.xx.fbcdn.net/rsrc.php/v4/yO/r/pWC1mcrxhju.js:77
[    1192ms] [ERROR] ErrorUtils caught an error:

Could not find element "u_1_0_0N" [Caught in: Module "__elem_9fc087ed_1_1_19"] [Caught in: Requiring module "__elem_9fc087ed_1_1_19" which threw an exception]

Subsequent non-fatal errors won't be logged; see https://fburl.com/debugjs. {column: 180, clientTime: 1775171191, extra: Object, guardList: Array(4), hash: f2pxmw} @ https://static.xx.fbcdn.net/rsrc.php/v4/yO/r/pWC1mcrxhju.js:77
[    1193ms] [ERROR] ErrorUtils caught an error:

Could not find element "u_1_1_Cy" [Caught in: Module "__elem_9fc087ed_1_2_cn"]

Subsequent non-fatal errors won't be logged; see https://fburl.com/debugjs. {column: 180, clientTime: 1775171191, extra: Object, guardList: Array(4), hash: f2pxmw} @ https://static.xx.fbcdn.net/rsrc.php/v4/yO/r/pWC1mcrxhju.js:77
[    1193ms] [ERROR] ErrorUtils caught an error:

Could not find element "u_1_1_Cy" [Caught in: Module "__elem_9fc087ed_1_2_cn"] [Caught in: Requiring module "__elem_9fc087ed_1_2_cn" which threw an exception]

Subsequent non-fatal errors won't be logged; see https://fburl.com/debugjs. {column: 180, clientTime: 1775171191, extra: Object, guardList: Array(4), hash: f2pxmw} @ https://static.xx.fbcdn.net/rsrc.php/v4/yO/r/pWC1mcrxhju.js:77
[    1193ms] [ERROR] ErrorUtils caught an error:

Could not find element "u_1_2_wJ" [Caught in: Module "__elem_9fc087ed_1_3_Wq"]

Subsequent non-fatal errors won't be logged; see https://fburl.com/debugjs. {column: 180, clientTime: 1775171191, extra: Object, guardList: Array(4), hash: f2pxmw} @ https://static.xx.fbcdn.net/rsrc.php/v4/yO/r/pWC1mcrxhju.js:77
[    1193ms] [ERROR] ErrorUtils caught an error:

Could not find element "u_1_2_wJ" [Caught in: Module "__elem_9fc087ed_1_3_Wq"] [Caught in: Requiring module "__elem_9fc087ed_1_3_Wq" which threw an exception]

Subsequent non-fatal errors won't be logged; see https://fburl.com/debugjs. {column: 180, clientTime: 1775171191, extra: Object, guardList: Array(4), hash: f2pxmw} @ https://static.xx.fbcdn.net/rsrc.php/v4/yO/r/pWC1mcrxhju.js:77
[    1194ms] [ERROR] ErrorUtils caught an error:

Could not find element "u_1_9_YK" [Caught in: Module "__elem_a588f507_1_2_qZ"]

Subsequent non-fatal errors won't be logged; see https://fburl.com/debugjs. {column: 180, clientTime: 1775171191, extra: Object, guardList: Array(4), hash: f2pxmw} @ https://static.xx.fbcdn.net/rsrc.php/v4/yO/r/pWC1mcrxhju.js:77
[    1194ms] [ERROR] ErrorUtils caught an error:

Could not find element "u_1_a_6c" [Caught in: Module "__elem_de92090e_1_0_q5"]

Subsequent non-fatal errors won't be logged; see https://fburl.com/debugjs. {column: 180, clientTime: 1775171191, extra: Object, guardList: Array(4), hash: f2pxmw} @ https://static.xx.fbcdn.net/rsrc.php/v4/yO/r/pWC1mcrxhju.js:77
[    1194ms] [ERROR] ErrorUtils caught an error:

Could not find element "u_1_b_S4" [Caught in: Module "__elem_072b8e64_1_0_aW"]

Subsequent non-fatal errors won't be logged; see https://fburl.com/debugjs. {column: 180, clientTime: 1775171191, extra: Object, guardList: Array(4), hash: f2pxmw} @ https://static.xx.fbcdn.net/rsrc.php/v4/yO/r/pWC1mcrxhju.js:77
[    1194ms] [ERROR] ErrorUtils caught an error:

Could not find element "u_1_c_fa" [Caught in: Module "__elem_a588f507_1_3_1e"]

Subsequent non-fatal errors won't be logged; see https://fburl.com/debugjs. {column: 180, clientTime: 1775171191, extra: Object, guardList: Array(4), hash: f2pxmw} @ https://static.xx.fbcdn.net/rsrc.php/v4/yO/r/pWC1mcrxhju.js:77
[    1195ms] [ERROR] ErrorUtils caught an error:

Could not find element "u_1_d_Lc" [Caught in: Module "__elem_de92090e_1_1_7z"]

Subsequent non-fatal errors won't be logged; see https://fburl.com/debugjs. {column: 180, clientTime: 1775171191, extra: Object, guardList: Array(4), hash: f2pxmw} @ https://static.xx.fbcdn.net/rsrc.php/v4/yO/r/pWC1mcrxhju.js:77
[    1195ms] [ERROR] ErrorUtils caught an error:

Could not find element "u_1_e_zw" [Caught in: Module "__elem_072b8e64_1_1_no"]

Subsequent non-fatal errors won't be logged; see https://fburl.com/debugjs. {column: 180, clientTime: 1775171191, extra: Object, guardList: Array(4), hash: f2pxmw} @ https://static.xx.fbcdn.net/rsrc.php/v4/yO/r/pWC1mcrxhju.js:77
[    1195ms] [ERROR] ErrorUtils caught an error:

Could not find element "u_1_j_R6" [Caught in: Module "__elem_fc9f538f_1_0_Oz"]

Subsequent non-fatal errors won't be logged; see https://fburl.com/debugjs. {column: 180, clientTime: 1775171191, extra: Object, guardList: Array(4), hash: ggaz5d} @ https://static.xx.fbcdn.net/rsrc.php/v4/yO/r/pWC1mcrxhju.js:77
[    1197ms] [ERROR] ErrorUtils caught an error:

Could not find element "u_1_11_MG" [Caught in: Module "__elem_fc9f538f_1_1_UE"]

Subsequent non-fatal errors won't be logged; see https://fburl.com/debugjs. {column: 180, clientTime: 1775171191, extra: Object, guardList: Array(4), hash: ggaz5d} @ https://static.xx.fbcdn.net/rsrc.php/v4/yO/r/pWC1mcrxhju.js:77
[    1197ms] [ERROR] ErrorUtils caught an error:

Could not find element "u_1_3_OG" [Caught in: Module "__elem_9fc087ed_1_4_Q8"]

Subsequent non-fatal errors won't be logged; see https://fburl.com/debugjs. {column: 180, clientTime: 1775171191, extra: Object, guardList: Array(4), hash: f2pxmw} @ https://static.xx.fbcdn.net/rsrc.php/v4/yO/r/pWC1mcrxhju.js:77
[    1197ms] [ERROR] ErrorUtils caught an error:

Could not find element "u_1_3_OG" [Caught in: Module "__elem_9fc087ed_1_4_Q8"] [Caught in: Requiring module "__elem_9fc087ed_1_4_Q8" which threw an exception]

Subsequent non-fatal errors won't be logged; see https://fburl.com/debugjs. {column: 180, clientTime: 1775171191, extra: Object, guardList: Array(4), hash: f2pxmw} @ https://static.xx.fbcdn.net/rsrc.php/v4/yO/r/pWC1mcrxhju.js:77
[    1198ms] [ERROR] ErrorUtils caught an error:

Could not find element "u_1_i_So" [Caught in: Module "__elem_fc9f538f_1_2_sc"]

Subsequent non-fatal errors won't be logged; see https://fburl.com/debugjs. {column: 180, clientTime: 1775171191, extra: Object, guardList: Array(4), hash: ggaz5d} @ https://static.xx.fbcdn.net/rsrc.php/v4/yO/r/pWC1mcrxhju.js:77
[    1198ms] [ERROR] ErrorUtils caught an error:

Could not find element "u_1_f_mN" [Caught in: Module "__elem_a588f507_1_4_2V"]

Subsequent non-fatal errors won't be logged; see https://fburl.com/debugjs. {column: 180, clientTime: 1775171191, extra: Object, guardList: Array(4), hash: f2pxmw} @ https://static.xx.fbcdn.net/rsrc.php/v4/yO/r/pWC1mcrxhju.js:77
[    1198ms] [ERROR] ErrorUtils caught an error:

Could not find element "u_1_g_Wk" [Caught in: Module "__elem_de92090e_1_2_lU"]

Subsequent non-fatal errors won't be logged; see https://fburl.com/debugjs. {column: 180, clientTime: 1775171191, extra: Object, guardList: Array(4), hash: f2pxmw} @ https://static.xx.fbcdn.net/rsrc.php/v4/yO/r/pWC1mcrxhju.js:77
[    1199ms] [ERROR] ErrorUtils caught an error:

Could not find element "u_1_h_rQ" [Caught in: Module "__elem_072b8e64_1_2_TN"]

Subsequent non-fatal errors won't be logged; see https://fburl.com/debugjs. {column: 180, clientTime: 1775171191, extra: Object, guardList: Array(4), hash: f2pxmw} @ https://static.xx.fbcdn.net/rsrc.php/v4/yO/r/pWC1mcrxhju.js:77
[    1199ms] [ERROR] ErrorUtils caught an error:

Could not find element "u_1_u_5j" [Caught in: Module "__elem_fc9f538f_1_3_3V"]

Subsequent non-fatal errors won't be logged; see https://fburl.com/debugjs. {column: 180, clientTime: 1775171191, extra: Object, guardList: Array(4), hash: ggaz5d} @ https://static.xx.fbcdn.net/rsrc.php/v4/yO/r/pWC1mcrxhju.js:77
[    1199ms] [ERROR] ErrorUtils caught an error:

Could not find element "u_1_v_FA" [Caught in: Module "__elem_fc9f538f_1_4_3X"]

Subsequent non-fatal errors won't be logged; see https://fburl.com/debugjs. {column: 180, clientTime: 1775171191, extra: Object, guardList: Array(4), hash: ggaz5d} @ https://static.xx.fbcdn.net/rsrc.php/v4/yO/r/pWC1mcrxhju.js:77
[    1200ms] [ERROR] ErrorUtils caught an error:

Could not find element "u_1_o_kA" [Caught in: Module "__elem_a588f507_1_5_Jn"]

Subsequent non-fatal errors won't be logged; see https://fburl.com/debugjs. {column: 180, clientTime: 1775171191, extra: Object, guardList: Array(4), hash: f2pxmw} @ https://static.xx.fbcdn.net/rsrc.php/v4/yO/r/pWC1mcrxhju.js:77
[    1200ms] [ERROR] ErrorUtils caught an error:

Could not find element "u_1_p_jo" [Caught in: Module "__elem_de92090e_1_3_Fq"]

Subsequent non-fatal errors won't be logged; see https://fburl.com/debugjs. {column: 180, clientTime: 1775171191, extra: Object, guardList: Array(4), hash: f2pxmw} @ https://static.xx.fbcdn.net/rsrc.php/v4/yO/r/pWC1mcrxhju.js:77
[    1200ms] [ERROR] ErrorUtils caught an error:

Could not find element "u_1_q_p2" [Caught in: Module "__elem_072b8e64_1_3_Jq"]

Subsequent non-fatal errors won't be logged; see https://fburl.com/debugjs. {column: 180, clientTime: 1775171191, extra: Object, guardList: Array(4), hash: f2pxmw} @ https://static.xx.fbcdn.net/rsrc.php/v4/yO/r/pWC1mcrxhju.js:77
[    1201ms] [ERROR] ErrorUtils caught an error:

Could not find element "u_1_r_6w" [Caught in: Module "__elem_a588f507_1_6_Em"]

Subsequent non-fatal errors won't be logged; see https://fburl.com/debugjs. {column: 180, clientTime: 1775171191, extra: Object, guardList: Array(4), hash: f2pxmw} @ https://static.xx.fbcdn.net/rsrc.php/v4/yO/r/pWC1mcrxhju.js:77
[    1201ms] [ERROR] ErrorUtils caught an error:

Could not find element "u_1_s_us" [Caught in: Module "__elem_de92090e_1_4_GS"]

Subsequent non-fatal errors won't be logged; see https://fburl.com/debugjs. {column: 180, clientTime: 1775171191, extra: Object, guardList: Array(4), hash: f2pxmw} @ https://static.xx.fbcdn.net/rsrc.php/v4/yO/r/pWC1mcrxhju.js:77
[    1201ms] [ERROR] ErrorUtils caught an error:

Could not find element "u_1_t_n2" [Caught in: Module "__elem_072b8e64_1_4_GR"]

Subsequent non-fatal errors won't be logged; see https://fburl.com/debugjs. {column: 180, clientTime: 1775171191, extra: Object, guardList: Array(4), hash: f2pxmw} @ https://static.xx.fbcdn.net/rsrc.php/v4/yO/r/pWC1mcrxhju.js:77
