[    1225ms] [ERROR] ErrorUtils caught an error:

Could not find element "u_1_12_z+" [Caught in: Module "__elem_a588f507_1_0_Gg"]

Subsequent non-fatal errors won't be logged; see https://fburl.com/debugjs. {column: 180, clientTime: 1775172586, extra: Object, guardList: Array(4), hash: f2pxmw} @ https://static.xx.fbcdn.net/rsrc.php/v4/yO/r/pWC1mcrxhju.js:77
[    1226ms] [ERROR] ErrorUtils caught an error:

DataStore.get: namespace is required, got undefined

Subsequent non-fatal errors won't be logged; see https://fburl.com/debugjs. {column: 694, clientTime: 1775172586, extra: Object, guardList: Array(4), hash: fpb5ss} @ https://static.xx.fbcdn.net/rsrc.php/v4/yO/r/pWC1mcrxhju.js:77
[    1227ms] [ERROR] ErrorUtils caught an error:

Could not find element "u_1_4_fe" [Caught in: Module "__elem_9fc087ed_1_0_KR"]

Subsequent non-fatal errors won't be logged; see https://fburl.com/debugjs. {column: 180, clientTime: 1775172586, extra: Object, guardList: Array(4), hash: f2pxmw} @ https://static.xx.fbcdn.net/rsrc.php/v4/yO/r/pWC1mcrxhju.js:77
[    1228ms] [ERROR] ErrorUtils caught an error:

Could not find element "u_1_4_fe" [Caught in: Module "__elem_9fc087ed_1_0_KR"] [Caught in: Requiring module "__elem_9fc087ed_1_0_KR" which threw an exception]

Subsequent non-fatal errors won't be logged; see https://fburl.com/debugjs. {column: 180, clientTime: 1775172586, extra: Object, guardList: Array(4), hash: f2pxmw} @ https://static.xx.fbcdn.net/rsrc.php/v4/yO/r/pWC1mcrxhju.js:77
[    1228ms] [ERROR] ErrorUtils caught an error:

Could not find element "u_1_0_6G" [Caught in: Module "__elem_9fc087ed_1_1_2P"]

Subsequent non-fatal errors won't be logged; see https://fburl.com/debugjs. {column: 180, clientTime: 1775172586, extra: Object, guardList: Array(4), hash: f2pxmw} @ https://static.xx.fbcdn.net/rsrc.php/v4/yO/r/pWC1mcrxhju.js:77
[    1228ms] [ERROR] ErrorUtils caught an error:

Could not find element "u_1_0_6G" [Caught in: Module "__elem_9fc087ed_1_1_2P"] [Caught in: Requiring module "__elem_9fc087ed_1_1_2P" which threw an exception]

Subsequent non-fatal errors won't be logged; see https://fburl.com/debugjs. {column: 180, clientTime: 1775172586, extra: Object, guardList: Array(4), hash: f2pxmw} @ https://static.xx.fbcdn.net/rsrc.php/v4/yO/r/pWC1mcrxhju.js:77
[    1229ms] [ERROR] ErrorUtils caught an error:

Could not find element "u_1_1_4D" [Caught in: Module "__elem_9fc087ed_1_2_8g"]

Subsequent non-fatal errors won't be logged; see https://fburl.com/debugjs. {column: 180, clientTime: 1775172586, extra: Object, guardList: Array(4), hash: f2pxmw} @ https://static.xx.fbcdn.net/rsrc.php/v4/yO/r/pWC1mcrxhju.js:77
[    1232ms] [ERROR] ErrorUtils caught an error:

Could not find element "u_1_1_4D" [Caught in: Module "__elem_9fc087ed_1_2_8g"] [Caught in: Requiring module "__elem_9fc087ed_1_2_8g" which threw an exception]

Subsequent non-fatal errors won't be logged; see https://fburl.com/debugjs. {column: 180, clientTime: 1775172586, extra: Object, guardList: Array(4), hash: f2pxmw} @ https://static.xx.fbcdn.net/rsrc.php/v4/yO/r/pWC1mcrxhju.js:77
[    1232ms] [ERROR] ErrorUtils caught an error:

Could not find element "u_1_9_Lv" [Caught in: Module "__elem_a588f507_1_2_HW"]

Subsequent non-fatal errors won't be logged; see https://fburl.com/debugjs. {column: 180, clientTime: 1775172586, extra: Object, guardList: Array(4), hash: f2pxmw} @ https://static.xx.fbcdn.net/rsrc.php/v4/yO/r/pWC1mcrxhju.js:77
[    1233ms] [ERROR] ErrorUtils caught an error:

Could not find element "u_1_a_BE" [Caught in: Module "__elem_de92090e_1_0_9t"]

Subsequent non-fatal errors won't be logged; see https://fburl.com/debugjs. {column: 180, clientTime: 1775172586, extra: Object, guardList: Array(4), hash: f2pxmw} @ https://static.xx.fbcdn.net/rsrc.php/v4/yO/r/pWC1mcrxhju.js:77
[    1233ms] [ERROR] ErrorUtils caught an error:

Could not find element "u_1_b_E6" [Caught in: Module "__elem_072b8e64_1_0_DI"]

Subsequent non-fatal errors won't be logged; see https://fburl.com/debugjs. {column: 180, clientTime: 1775172586, extra: Object, guardList: Array(4), hash: f2pxmw} @ https://static.xx.fbcdn.net/rsrc.php/v4/yO/r/pWC1mcrxhju.js:77
[    1234ms] [ERROR] ErrorUtils caught an error:

Could not find element "u_1_i_hd" [Caught in: Module "__elem_fc9f538f_1_0_c4"]

Subsequent non-fatal errors won't be logged; see https://fburl.com/debugjs. {column: 180, clientTime: 1775172586, extra: Object, guardList: Array(4), hash: ggaz5d} @ https://static.xx.fbcdn.net/rsrc.php/v4/yO/r/pWC1mcrxhju.js:77
[    1235ms] [ERROR] ErrorUtils caught an error:

Could not find element "u_1_j_5G" [Caught in: Module "__elem_fc9f538f_1_1_6L"]

Subsequent non-fatal errors won't be logged; see https://fburl.com/debugjs. {column: 180, clientTime: 1775172586, extra: Object, guardList: Array(4), hash: ggaz5d} @ https://static.xx.fbcdn.net/rsrc.php/v4/yO/r/pWC1mcrxhju.js:77
[    1235ms] [ERROR] ErrorUtils caught an error:

Could not find element "u_1_11_nh" [Caught in: Module "__elem_fc9f538f_1_2_Nc"]

Subsequent non-fatal errors won't be logged; see https://fburl.com/debugjs. {column: 180, clientTime: 1775172586, extra: Object, guardList: Array(4), hash: ggaz5d} @ https://static.xx.fbcdn.net/rsrc.php/v4/yO/r/pWC1mcrxhju.js:77
[    1235ms] [ERROR] ErrorUtils caught an error:

Could not find element "u_1_c_q8" [Caught in: Module "__elem_a588f507_1_3_Rx"]

Subsequent non-fatal errors won't be logged; see https://fburl.com/debugjs. {column: 180, clientTime: 1775172586, extra: Object, guardList: Array(4), hash: f2pxmw} @ https://static.xx.fbcdn.net/rsrc.php/v4/yO/r/pWC1mcrxhju.js:77
[    1236ms] [ERROR] ErrorUtils caught an error:

Could not find element "u_1_d_Ah" [Caught in: Module "__elem_de92090e_1_1_5m"]

Subsequent non-fatal errors won't be logged; see https://fburl.com/debugjs. {column: 180, clientTime: 1775172586, extra: Object, guardList: Array(4), hash: f2pxmw} @ https://static.xx.fbcdn.net/rsrc.php/v4/yO/r/pWC1mcrxhju.js:77
[    1236ms] [ERROR] ErrorUtils caught an error:

Could not find element "u_1_e_RF" [Caught in: Module "__elem_072b8e64_1_1_sz"]

Subsequent non-fatal errors won't be logged; see https://fburl.com/debugjs. {column: 180, clientTime: 1775172586, extra: Object, guardList: Array(4), hash: f2pxmw} @ https://static.xx.fbcdn.net/rsrc.php/v4/yO/r/pWC1mcrxhju.js:77
[    1237ms] [ERROR] ErrorUtils caught an error:

Could not find element "u_1_f_o2" [Caught in: Module "__elem_a588f507_1_4_lk"]

Subsequent non-fatal errors won't be logged; see https://fburl.com/debugjs. {column: 180, clientTime: 1775172586, extra: Object, guardList: Array(4), hash: f2pxmw} @ https://static.xx.fbcdn.net/rsrc.php/v4/yO/r/pWC1mcrxhju.js:77
[    1237ms] [ERROR] ErrorUtils caught an error:

Could not find element "u_1_g_lp" [Caught in: Module "__elem_de92090e_1_2_lX"]

Subsequent non-fatal errors won't be logged; see https://fburl.com/debugjs. {column: 180, clientTime: 1775172586, extra: Object, guardList: Array(4), hash: f2pxmw} @ https://static.xx.fbcdn.net/rsrc.php/v4/yO/r/pWC1mcrxhju.js:77
[    1238ms] [ERROR] ErrorUtils caught an error:

Could not find element "u_1_h_ig" [Caught in: Module "__elem_072b8e64_1_2_KT"]

Subsequent non-fatal errors won't be logged; see https://fburl.com/debugjs. {column: 180, clientTime: 1775172586, extra: Object, guardList: Array(4), hash: f2pxmw} @ https://static.xx.fbcdn.net/rsrc.php/v4/yO/r/pWC1mcrxhju.js:77
[    1238ms] [ERROR] ErrorUtils caught an error:

Could not find element "u_1_2_Nn" [Caught in: Module "__elem_9fc087ed_1_3_wV"]

Subsequent non-fatal errors won't be logged; see https://fburl.com/debugjs. {column: 180, clientTime: 1775172586, extra: Object, guardList: Array(4), hash: f2pxmw} @ https://static.xx.fbcdn.net/rsrc.php/v4/yO/r/pWC1mcrxhju.js:77
[    1239ms] [ERROR] ErrorUtils caught an error:

Could not find element "u_1_2_Nn" [Caught in: Module "__elem_9fc087ed_1_3_wV"] [Caught in: Requiring module "__elem_9fc087ed_1_3_wV" which threw an exception]

Subsequent non-fatal errors won't be logged; see https://fburl.com/debugjs. {column: 180, clientTime: 1775172586, extra: Object, guardList: Array(4), hash: f2pxmw} @ https://static.xx.fbcdn.net/rsrc.php/v4/yO/r/pWC1mcrxhju.js:77
[    1239ms] [ERROR] ErrorUtils caught an error:

Could not find element "u_1_u_7M" [Caught in: Module "__elem_fc9f538f_1_3_Vw"]

Subsequent non-fatal errors won't be logged; see https://fburl.com/debugjs. {column: 180, clientTime: 1775172586, extra: Object, guardList: Array(4), hash: ggaz5d} @ https://static.xx.fbcdn.net/rsrc.php/v4/yO/r/pWC1mcrxhju.js:77
[    1239ms] [ERROR] ErrorUtils caught an error:

Could not find element "u_1_3_EM" [Caught in: Module "__elem_9fc087ed_1_4_Mt"]

Subsequent non-fatal errors won't be logged; see https://fburl.com/debugjs. {column: 180, clientTime: 1775172586, extra: Object, guardList: Array(4), hash: f2pxmw} @ https://static.xx.fbcdn.net/rsrc.php/v4/yO/r/pWC1mcrxhju.js:77
[    1240ms] [ERROR] ErrorUtils caught an error:

Could not find element "u_1_3_EM" [Caught in: Module "__elem_9fc087ed_1_4_Mt"] [Caught in: Requiring module "__elem_9fc087ed_1_4_Mt" which threw an exception]

Subsequent non-fatal errors won't be logged; see https://fburl.com/debugjs. {column: 180, clientTime: 1775172586, extra: Object, guardList: Array(4), hash: f2pxmw} @ https://static.xx.fbcdn.net/rsrc.php/v4/yO/r/pWC1mcrxhju.js:77
[    1240ms] [ERROR] ErrorUtils caught an error:

Could not find element "u_1_m_8f" [Caught in: Module "__elem_a588f507_1_5_2C"]

Subsequent non-fatal errors won't be logged; see https://fburl.com/debugjs. {column: 180, clientTime: 1775172586, extra: Object, guardList: Array(4), hash: f2pxmw} @ https://static.xx.fbcdn.net/rsrc.php/v4/yO/r/pWC1mcrxhju.js:77
[    1240ms] [ERROR] ErrorUtils caught an error:

Could not find element "u_1_n_bV" [Caught in: Module "__elem_de92090e_1_3_AA"]

Subsequent non-fatal errors won't be logged; see https://fburl.com/debugjs. {column: 180, clientTime: 1775172586, extra: Object, guardList: Array(4), hash: f2pxmw} @ https://static.xx.fbcdn.net/rsrc.php/v4/yO/r/pWC1mcrxhju.js:77
[    1241ms] [ERROR] ErrorUtils caught an error:

Could not find element "u_1_o_QO" [Caught in: Module "__elem_072b8e64_1_3_53"]

Subsequent non-fatal errors won't be logged; see https://fburl.com/debugjs. {column: 180, clientTime: 1775172586, extra: Object, guardList: Array(4), hash: f2pxmw} @ https://static.xx.fbcdn.net/rsrc.php/v4/yO/r/pWC1mcrxhju.js:77
[    1241ms] [ERROR] ErrorUtils caught an error:

Could not find element "u_1_10_gk" [Caught in: Module "__elem_fc9f538f_1_4_vq"]

Subsequent non-fatal errors won't be logged; see https://fburl.com/debugjs. {column: 180, clientTime: 1775172586, extra: Object, guardList: Array(4), hash: ggaz5d} @ https://static.xx.fbcdn.net/rsrc.php/v4/yO/r/pWC1mcrxhju.js:77
[    1242ms] [ERROR] ErrorUtils caught an error:

Could not find element "u_1_r_qP" [Caught in: Module "__elem_a588f507_1_6_A2"]

Subsequent non-fatal errors won't be logged; see https://fburl.com/debugjs. {column: 180, clientTime: 1775172586, extra: Object, guardList: Array(4), hash: f2pxmw} @ https://static.xx.fbcdn.net/rsrc.php/v4/yO/r/pWC1mcrxhju.js:77
[    1242ms] [ERROR] ErrorUtils caught an error:

Could not find element "u_1_s_uq" [Caught in: Module "__elem_de92090e_1_4_c1"]

Subsequent non-fatal errors won't be logged; see https://fburl.com/debugjs. {column: 180, clientTime: 1775172586, extra: Object, guardList: Array(4), hash: f2pxmw} @ https://static.xx.fbcdn.net/rsrc.php/v4/yO/r/pWC1mcrxhju.js:77
[    1243ms] [ERROR] ErrorUtils caught an error:

Could not find element "u_1_t_6c" [Caught in: Module "__elem_072b8e64_1_4_U+"]

Subsequent non-fatal errors won't be logged; see https://fburl.com/debugjs. {column: 180, clientTime: 1775172586, extra: Object, guardList: Array(4), hash: f2pxmw} @ https://static.xx.fbcdn.net/rsrc.php/v4/yO/r/pWC1mcrxhju.js:77
