[    1253ms] [ERROR] ErrorUtils caught an error:

Could not find element "u_1_12_MG" [Caught in: Module "__elem_a588f507_1_0_Ry"]

Subsequent non-fatal errors won't be logged; see https://fburl.com/debugjs. {column: 180, clientTime: 1775171748, extra: Object, guardList: Array(4), hash: f2pxmw} @ https://static.xx.fbcdn.net/rsrc.php/v4/yO/r/pWC1mcrxhju.js:77
[    1254ms] [ERROR] ErrorUtils caught an error:

DataStore.get: namespace is required, got undefined

Subsequent non-fatal errors won't be logged; see https://fburl.com/debugjs. {column: 694, clientTime: 1775171748, extra: Object, guardList: Array(4), hash: fpb5ss} @ https://static.xx.fbcdn.net/rsrc.php/v4/yO/r/pWC1mcrxhju.js:77
[    1255ms] [ERROR] ErrorUtils caught an error:

Could not find element "u_1_0_Ds" [Caught in: Module "__elem_9fc087ed_1_0_1/"]

Subsequent non-fatal errors won't be logged; see https://fburl.com/debugjs. {column: 180, clientTime: 1775171748, extra: Object, guardList: Array(4), hash: f2pxmw} @ https://static.xx.fbcdn.net/rsrc.php/v4/yO/r/pWC1mcrxhju.js:77
[    1256ms] [ERROR] ErrorUtils caught an error:

Could not find element "u_1_0_Ds" [Caught in: Module "__elem_9fc087ed_1_0_1/"] [Caught in: Requiring module "__elem_9fc087ed_1_0_1/" which threw an exception]

Subsequent non-fatal errors won't be logged; see https://fburl.com/debugjs. {column: 180, clientTime: 1775171748, extra: Object, guardList: Array(4), hash: f2pxmw} @ https://static.xx.fbcdn.net/rsrc.php/v4/yO/r/pWC1mcrxhju.js:77
[    1257ms] [ERROR] ErrorUtils caught an error:

Could not find element "u_1_4_ra" [Caught in: Module "__elem_9fc087ed_1_1_j7"]

Subsequent non-fatal errors won't be logged; see https://fburl.com/debugjs. {column: 180, clientTime: 1775171748, extra: Object, guardList: Array(4), hash: f2pxmw} @ https://static.xx.fbcdn.net/rsrc.php/v4/yO/r/pWC1mcrxhju.js:77
[    1257ms] [ERROR] ErrorUtils caught an error:

Could not find element "u_1_4_ra" [Caught in: Module "__elem_9fc087ed_1_1_j7"] [Caught in: Requiring module "__elem_9fc087ed_1_1_j7" which threw an exception]

Subsequent non-fatal errors won't be logged; see https://fburl.com/debugjs. {column: 180, clientTime: 1775171748, extra: Object, guardList: Array(4), hash: f2pxmw} @ https://static.xx.fbcdn.net/rsrc.php/v4/yO/r/pWC1mcrxhju.js:77
[    1257ms] [ERROR] ErrorUtils caught an error:

Could not find element "u_1_1_pq" [Caught in: Module "__elem_9fc087ed_1_2_if"]

Subsequent non-fatal errors won't be logged; see https://fburl.com/debugjs. {column: 180, clientTime: 1775171748, extra: Object, guardList: Array(4), hash: f2pxmw} @ https://static.xx.fbcdn.net/rsrc.php/v4/yO/r/pWC1mcrxhju.js:77
[    1258ms] [ERROR] ErrorUtils caught an error:

Could not find element "u_1_1_pq" [Caught in: Module "__elem_9fc087ed_1_2_if"] [Caught in: Requiring module "__elem_9fc087ed_1_2_if" which threw an exception]

Subsequent non-fatal errors won't be logged; see https://fburl.com/debugjs. {column: 180, clientTime: 1775171748, extra: Object, guardList: Array(4), hash: f2pxmw} @ https://static.xx.fbcdn.net/rsrc.php/v4/yO/r/pWC1mcrxhju.js:77
[    1258ms] [ERROR] ErrorUtils caught an error:

Could not find element "u_1_2_en" [Caught in: Module "__elem_9fc087ed_1_3_N6"]

Subsequent non-fatal errors won't be logged; see https://fburl.com/debugjs. {column: 180, clientTime: 1775171748, extra: Object, guardList: Array(4), hash: f2pxmw} @ https://static.xx.fbcdn.net/rsrc.php/v4/yO/r/pWC1mcrxhju.js:77
[    1258ms] [ERROR] ErrorUtils caught an error:

Could not find element "u_1_2_en" [Caught in: Module "__elem_9fc087ed_1_3_N6"] [Caught in: Requiring module "__elem_9fc087ed_1_3_N6" which threw an exception]

Subsequent non-fatal errors won't be logged; see https://fburl.com/debugjs. {column: 180, clientTime: 1775171748, extra: Object, guardList: Array(4), hash: f2pxmw} @ https://static.xx.fbcdn.net/rsrc.php/v4/yO/r/pWC1mcrxhju.js:77
[    1259ms] [ERROR] ErrorUtils caught an error:

Could not find element "u_1_e_x3" [Caught in: Module "__elem_fc9f538f_1_0_Ex"]

Subsequent non-fatal errors won't be logged; see https://fburl.com/debugjs. {column: 180, clientTime: 1775171748, extra: Object, guardList: Array(4), hash: ggaz5d} @ https://static.xx.fbcdn.net/rsrc.php/v4/yO/r/pWC1mcrxhju.js:77
[    1260ms] [ERROR] ErrorUtils caught an error:

Could not find element "u_1_d_ay" [Caught in: Module "__elem_fc9f538f_1_1_jX"]

Subsequent non-fatal errors won't be logged; see https://fburl.com/debugjs. {column: 180, clientTime: 1775171748, extra: Object, guardList: Array(4), hash: ggaz5d} @ https://static.xx.fbcdn.net/rsrc.php/v4/yO/r/pWC1mcrxhju.js:77
[    1260ms] [ERROR] ErrorUtils caught an error:

Could not find element "u_1_a_+0" [Caught in: Module "__elem_a588f507_1_2_Kk"]

Subsequent non-fatal errors won't be logged; see https://fburl.com/debugjs. {column: 180, clientTime: 1775171748, extra: Object, guardList: Array(4), hash: f2pxmw} @ https://static.xx.fbcdn.net/rsrc.php/v4/yO/r/pWC1mcrxhju.js:77
[    1260ms] [ERROR] ErrorUtils caught an error:

Could not find element "u_1_7_8i" [Caught in: Module "__elem_a588f507_1_3_JF"]

Subsequent non-fatal errors won't be logged; see https://fburl.com/debugjs. {column: 180, clientTime: 1775171748, extra: Object, guardList: Array(4), hash: f2pxmw} @ https://static.xx.fbcdn.net/rsrc.php/v4/yO/r/pWC1mcrxhju.js:77
[    1261ms] [ERROR] ErrorUtils caught an error:

Could not find element "u_1_8_s4" [Caught in: Module "__elem_de92090e_1_0_3K"]

Subsequent non-fatal errors won't be logged; see https://fburl.com/debugjs. {column: 180, clientTime: 1775171748, extra: Object, guardList: Array(4), hash: f2pxmw} @ https://static.xx.fbcdn.net/rsrc.php/v4/yO/r/pWC1mcrxhju.js:77
[    1261ms] [ERROR] ErrorUtils caught an error:

Could not find element "u_1_9_SP" [Caught in: Module "__elem_072b8e64_1_0_tV"]

Subsequent non-fatal errors won't be logged; see https://fburl.com/debugjs. {column: 180, clientTime: 1775171748, extra: Object, guardList: Array(4), hash: f2pxmw} @ https://static.xx.fbcdn.net/rsrc.php/v4/yO/r/pWC1mcrxhju.js:77
[    1262ms] [ERROR] ErrorUtils caught an error:

Could not find element "u_1_b_QY" [Caught in: Module "__elem_de92090e_1_1_j3"]

Subsequent non-fatal errors won't be logged; see https://fburl.com/debugjs. {column: 180, clientTime: 1775171748, extra: Object, guardList: Array(4), hash: f2pxmw} @ https://static.xx.fbcdn.net/rsrc.php/v4/yO/r/pWC1mcrxhju.js:77
[    1262ms] [ERROR] ErrorUtils caught an error:

Could not find element "u_1_c_L6" [Caught in: Module "__elem_072b8e64_1_1_N6"]

Subsequent non-fatal errors won't be logged; see https://fburl.com/debugjs. {column: 180, clientTime: 1775171748, extra: Object, guardList: Array(4), hash: f2pxmw} @ https://static.xx.fbcdn.net/rsrc.php/v4/yO/r/pWC1mcrxhju.js:77
[    1263ms] [ERROR] ErrorUtils caught an error:

Could not find element "u_1_3_wn" [Caught in: Module "__elem_9fc087ed_1_4_Y/"]

Subsequent non-fatal errors won't be logged; see https://fburl.com/debugjs. {column: 180, clientTime: 1775171748, extra: Object, guardList: Array(4), hash: f2pxmw} @ https://static.xx.fbcdn.net/rsrc.php/v4/yO/r/pWC1mcrxhju.js:77
[    1263ms] [ERROR] ErrorUtils caught an error:

Could not find element "u_1_3_wn" [Caught in: Module "__elem_9fc087ed_1_4_Y/"] [Caught in: Requiring module "__elem_9fc087ed_1_4_Y/" which threw an exception]

Subsequent non-fatal errors won't be logged; see https://fburl.com/debugjs. {column: 180, clientTime: 1775171748, extra: Object, guardList: Array(4), hash: f2pxmw} @ https://static.xx.fbcdn.net/rsrc.php/v4/yO/r/pWC1mcrxhju.js:77
[    1263ms] [ERROR] ErrorUtils caught an error:

Could not find element "u_1_10_I2" [Caught in: Module "__elem_fc9f538f_1_2_D4"]

Subsequent non-fatal errors won't be logged; see https://fburl.com/debugjs. {column: 180, clientTime: 1775171748, extra: Object, guardList: Array(4), hash: ggaz5d} @ https://static.xx.fbcdn.net/rsrc.php/v4/yO/r/pWC1mcrxhju.js:77
[    1264ms] [ERROR] ErrorUtils caught an error:

Could not find element "u_1_z_rK" [Caught in: Module "__elem_fc9f538f_1_3_CD"]

Subsequent non-fatal errors won't be logged; see https://fburl.com/debugjs. {column: 180, clientTime: 1775171748, extra: Object, guardList: Array(4), hash: ggaz5d} @ https://static.xx.fbcdn.net/rsrc.php/v4/yO/r/pWC1mcrxhju.js:77
[    1264ms] [ERROR] ErrorUtils caught an error:

Could not find element "u_1_11_cD" [Caught in: Module "__elem_fc9f538f_1_4_4E"]

Subsequent non-fatal errors won't be logged; see https://fburl.com/debugjs. {column: 180, clientTime: 1775171748, extra: Object, guardList: Array(4), hash: ggaz5d} @ https://static.xx.fbcdn.net/rsrc.php/v4/yO/r/pWC1mcrxhju.js:77
[    1264ms] [ERROR] ErrorUtils caught an error:

Could not find element "u_1_l_9o" [Caught in: Module "__elem_a588f507_1_4_sn"]

Subsequent non-fatal errors won't be logged; see https://fburl.com/debugjs. {column: 180, clientTime: 1775171748, extra: Object, guardList: Array(4), hash: f2pxmw} @ https://static.xx.fbcdn.net/rsrc.php/v4/yO/r/pWC1mcrxhju.js:77
[    1265ms] [ERROR] ErrorUtils caught an error:

Could not find element "u_1_m_lj" [Caught in: Module "__elem_de92090e_1_2_gu"]

Subsequent non-fatal errors won't be logged; see https://fburl.com/debugjs. {column: 180, clientTime: 1775171748, extra: Object, guardList: Array(4), hash: f2pxmw} @ https://static.xx.fbcdn.net/rsrc.php/v4/yO/r/pWC1mcrxhju.js:77
[    1265ms] [ERROR] ErrorUtils caught an error:

Could not find element "u_1_n_0i" [Caught in: Module "__elem_072b8e64_1_2_ks"]

Subsequent non-fatal errors won't be logged; see https://fburl.com/debugjs. {column: 180, clientTime: 1775171748, extra: Object, guardList: Array(4), hash: f2pxmw} @ https://static.xx.fbcdn.net/rsrc.php/v4/yO/r/pWC1mcrxhju.js:77
[    1266ms] [ERROR] ErrorUtils caught an error:

Could not find element "u_1_o_IH" [Caught in: Module "__elem_a588f507_1_5_PH"]

Subsequent non-fatal errors won't be logged; see https://fburl.com/debugjs. {column: 180, clientTime: 1775171748, extra: Object, guardList: Array(4), hash: f2pxmw} @ https://static.xx.fbcdn.net/rsrc.php/v4/yO/r/pWC1mcrxhju.js:77
[    1266ms] [ERROR] ErrorUtils caught an error:

Could not find element "u_1_p_ne" [Caught in: Module "__elem_de92090e_1_3_bg"]

Subsequent non-fatal errors won't be logged; see https://fburl.com/debugjs. {column: 180, clientTime: 1775171748, extra: Object, guardList: Array(4), hash: f2pxmw} @ https://static.xx.fbcdn.net/rsrc.php/v4/yO/r/pWC1mcrxhju.js:77
[    1266ms] [ERROR] ErrorUtils caught an error:

Could not find element "u_1_q_n5" [Caught in: Module "__elem_072b8e64_1_3_h8"]

Subsequent non-fatal errors won't be logged; see https://fburl.com/debugjs. {column: 180, clientTime: 1775171748, extra: Object, guardList: Array(4), hash: f2pxmw} @ https://static.xx.fbcdn.net/rsrc.php/v4/yO/r/pWC1mcrxhju.js:77
[    1267ms] [ERROR] ErrorUtils caught an error:

Could not find element "u_1_r_pp" [Caught in: Module "__elem_a588f507_1_6_5N"]

Subsequent non-fatal errors won't be logged; see https://fburl.com/debugjs. {column: 180, clientTime: 1775171748, extra: Object, guardList: Array(4), hash: f2pxmw} @ https://static.xx.fbcdn.net/rsrc.php/v4/yO/r/pWC1mcrxhju.js:77
[    1268ms] [ERROR] ErrorUtils caught an error:

Could not find element "u_1_s_fd" [Caught in: Module "__elem_de92090e_1_4_Ad"]

Subsequent non-fatal errors won't be logged; see https://fburl.com/debugjs. {column: 180, clientTime: 1775171748, extra: Object, guardList: Array(4), hash: f2pxmw} @ https://static.xx.fbcdn.net/rsrc.php/v4/yO/r/pWC1mcrxhju.js:77
[    1269ms] [ERROR] ErrorUtils caught an error:

Could not find element "u_1_t_M2" [Caught in: Module "__elem_072b8e64_1_4_j/"]

Subsequent non-fatal errors won't be logged; see https://fburl.com/debugjs. {column: 180, clientTime: 1775171748, extra: Object, guardList: Array(4), hash: f2pxmw} @ https://static.xx.fbcdn.net/rsrc.php/v4/yO/r/pWC1mcrxhju.js:77
