[    3784ms] [ERROR] ErrorUtils caught an error:

Could not find element "u_1_12_5l" [Caught in: Module "__elem_a588f507_1_0_ok"]

Subsequent non-fatal errors won't be logged; see https://fburl.com/debugjs. {column: 180, clientTime: 1775172829, extra: Object, guardList: Array(4), hash: f2pxmw} @ https://static.xx.fbcdn.net/rsrc.php/v4/yO/r/pWC1mcrxhju.js:77
[    3785ms] [ERROR] ErrorUtils caught an error:

DataStore.get: namespace is required, got undefined

Subsequent non-fatal errors won't be logged; see https://fburl.com/debugjs. {column: 694, clientTime: 1775172829, extra: Object, guardList: Array(4), hash: fpb5ss} @ https://static.xx.fbcdn.net/rsrc.php/v4/yO/r/pWC1mcrxhju.js:77
[    3786ms] [ERROR] ErrorUtils caught an error:

Could not find element "u_1_0_9U" [Caught in: Module "__elem_9fc087ed_1_0_iu"]

Subsequent non-fatal errors won't be logged; see https://fburl.com/debugjs. {column: 180, clientTime: 1775172829, extra: Object, guardList: Array(4), hash: f2pxmw} @ https://static.xx.fbcdn.net/rsrc.php/v4/yO/r/pWC1mcrxhju.js:77
[    3787ms] [ERROR] ErrorUtils caught an error:

Could not find element "u_1_0_9U" [Caught in: Module "__elem_9fc087ed_1_0_iu"] [Caught in: Requiring module "__elem_9fc087ed_1_0_iu" which threw an exception]

Subsequent non-fatal errors won't be logged; see https://fburl.com/debugjs. {column: 180, clientTime: 1775172829, extra: Object, guardList: Array(4), hash: f2pxmw} @ https://static.xx.fbcdn.net/rsrc.php/v4/yO/r/pWC1mcrxhju.js:77
[    3787ms] [ERROR] ErrorUtils caught an error:

Could not find element "u_1_4_hn" [Caught in: Module "__elem_9fc087ed_1_1_rO"]

Subsequent non-fatal errors won't be logged; see https://fburl.com/debugjs. {column: 180, clientTime: 1775172829, extra: Object, guardList: Array(4), hash: f2pxmw} @ https://static.xx.fbcdn.net/rsrc.php/v4/yO/r/pWC1mcrxhju.js:77
[    3787ms] [ERROR] ErrorUtils caught an error:

Could not find element "u_1_4_hn" [Caught in: Module "__elem_9fc087ed_1_1_rO"] [Caught in: Requiring module "__elem_9fc087ed_1_1_rO" which threw an exception]

Subsequent non-fatal errors won't be logged; see https://fburl.com/debugjs. {column: 180, clientTime: 1775172829, extra: Object, guardList: Array(4), hash: f2pxmw} @ https://static.xx.fbcdn.net/rsrc.php/v4/yO/r/pWC1mcrxhju.js:77
[    3788ms] [ERROR] ErrorUtils caught an error:

Could not find element "u_1_1_Ne" [Caught in: Module "__elem_9fc087ed_1_2_m3"]

Subsequent non-fatal errors won't be logged; see https://fburl.com/debugjs. {column: 180, clientTime: 1775172829, extra: Object, guardList: Array(4), hash: f2pxmw} @ https://static.xx.fbcdn.net/rsrc.php/v4/yO/r/pWC1mcrxhju.js:77
[    3788ms] [ERROR] ErrorUtils caught an error:

Could not find element "u_1_1_Ne" [Caught in: Module "__elem_9fc087ed_1_2_m3"] [Caught in: Requiring module "__elem_9fc087ed_1_2_m3" which threw an exception]

Subsequent non-fatal errors won't be logged; see https://fburl.com/debugjs. {column: 180, clientTime: 1775172829, extra: Object, guardList: Array(4), hash: f2pxmw} @ https://static.xx.fbcdn.net/rsrc.php/v4/yO/r/pWC1mcrxhju.js:77
[    3789ms] [ERROR] ErrorUtils caught an error:

Could not find element "u_1_2_Du" [Caught in: Module "__elem_9fc087ed_1_3_uR"]

Subsequent non-fatal errors won't be logged; see https://fburl.com/debugjs. {column: 180, clientTime: 1775172829, extra: Object, guardList: Array(4), hash: f2pxmw} @ https://static.xx.fbcdn.net/rsrc.php/v4/yO/r/pWC1mcrxhju.js:77
[    3789ms] [ERROR] ErrorUtils caught an error:

Could not find element "u_1_2_Du" [Caught in: Module "__elem_9fc087ed_1_3_uR"] [Caught in: Requiring module "__elem_9fc087ed_1_3_uR" which threw an exception]

Subsequent non-fatal errors won't be logged; see https://fburl.com/debugjs. {column: 180, clientTime: 1775172829, extra: Object, guardList: Array(4), hash: f2pxmw} @ https://static.xx.fbcdn.net/rsrc.php/v4/yO/r/pWC1mcrxhju.js:77
[    3789ms] [ERROR] ErrorUtils caught an error:

Could not find element "u_1_7_0p" [Caught in: Module "__elem_a588f507_1_2_iS"]

Subsequent non-fatal errors won't be logged; see https://fburl.com/debugjs. {column: 180, clientTime: 1775172829, extra: Object, guardList: Array(4), hash: f2pxmw} @ https://static.xx.fbcdn.net/rsrc.php/v4/yO/r/pWC1mcrxhju.js:77
[    3790ms] [ERROR] ErrorUtils caught an error:

Could not find element "u_1_8_Qi" [Caught in: Module "__elem_de92090e_1_0_5n"]

Subsequent non-fatal errors won't be logged; see https://fburl.com/debugjs. {column: 180, clientTime: 1775172829, extra: Object, guardList: Array(4), hash: f2pxmw} @ https://static.xx.fbcdn.net/rsrc.php/v4/yO/r/pWC1mcrxhju.js:77
[    3790ms] [ERROR] ErrorUtils caught an error:

Could not find element "u_1_9_l4" [Caught in: Module "__elem_072b8e64_1_0_m+"]

Subsequent non-fatal errors won't be logged; see https://fburl.com/debugjs. {column: 180, clientTime: 1775172829, extra: Object, guardList: Array(4), hash: f2pxmw} @ https://static.xx.fbcdn.net/rsrc.php/v4/yO/r/pWC1mcrxhju.js:77
[    3790ms] [ERROR] ErrorUtils caught an error:

Could not find element "u_1_a_aI" [Caught in: Module "__elem_a588f507_1_3_79"]

Subsequent non-fatal errors won't be logged; see https://fburl.com/debugjs. {column: 180, clientTime: 1775172829, extra: Object, guardList: Array(4), hash: f2pxmw} @ https://static.xx.fbcdn.net/rsrc.php/v4/yO/r/pWC1mcrxhju.js:77
[    3791ms] [ERROR] ErrorUtils caught an error:

Could not find element "u_1_b_T8" [Caught in: Module "__elem_de92090e_1_1_lw"]

Subsequent non-fatal errors won't be logged; see https://fburl.com/debugjs. {column: 180, clientTime: 1775172829, extra: Object, guardList: Array(4), hash: f2pxmw} @ https://static.xx.fbcdn.net/rsrc.php/v4/yO/r/pWC1mcrxhju.js:77
[    3791ms] [ERROR] ErrorUtils caught an error:

Could not find element "u_1_c_8d" [Caught in: Module "__elem_072b8e64_1_1_JV"]

Subsequent non-fatal errors won't be logged; see https://fburl.com/debugjs. {column: 180, clientTime: 1775172829, extra: Object, guardList: Array(4), hash: f2pxmw} @ https://static.xx.fbcdn.net/rsrc.php/v4/yO/r/pWC1mcrxhju.js:77
[    3792ms] [ERROR] ErrorUtils caught an error:

Could not find element "u_1_e_/e" [Caught in: Module "__elem_fc9f538f_1_0_pP"]

Subsequent non-fatal errors won't be logged; see https://fburl.com/debugjs. {column: 180, clientTime: 1775172829, extra: Object, guardList: Array(4), hash: ggaz5d} @ https://static.xx.fbcdn.net/rsrc.php/v4/yO/r/pWC1mcrxhju.js:77
[    3793ms] [ERROR] ErrorUtils caught an error:

Could not find element "u_1_3_Tk" [Caught in: Module "__elem_9fc087ed_1_4_v/"]

Subsequent non-fatal errors won't be logged; see https://fburl.com/debugjs. {column: 180, clientTime: 1775172829, extra: Object, guardList: Array(4), hash: f2pxmw} @ https://static.xx.fbcdn.net/rsrc.php/v4/yO/r/pWC1mcrxhju.js:77
[    3793ms] [ERROR] ErrorUtils caught an error:

Could not find element "u_1_3_Tk" [Caught in: Module "__elem_9fc087ed_1_4_v/"] [Caught in: Requiring module "__elem_9fc087ed_1_4_v/" which threw an exception]

Subsequent non-fatal errors won't be logged; see https://fburl.com/debugjs. {column: 180, clientTime: 1775172829, extra: Object, guardList: Array(4), hash: f2pxmw} @ https://static.xx.fbcdn.net/rsrc.php/v4/yO/r/pWC1mcrxhju.js:77
[    3794ms] [ERROR] ErrorUtils caught an error:

Could not find element "u_1_d_re" [Caught in: Module "__elem_fc9f538f_1_1_Xn"]

Subsequent non-fatal errors won't be logged; see https://fburl.com/debugjs. {column: 180, clientTime: 1775172829, extra: Object, guardList: Array(4), hash: ggaz5d} @ https://static.xx.fbcdn.net/rsrc.php/v4/yO/r/pWC1mcrxhju.js:77
[    3795ms] [ERROR] ErrorUtils caught an error:

Could not find element "u_1_u_qw" [Caught in: Module "__elem_fc9f538f_1_2_aN"]

Subsequent non-fatal errors won't be logged; see https://fburl.com/debugjs. {column: 180, clientTime: 1775172829, extra: Object, guardList: Array(4), hash: ggaz5d} @ https://static.xx.fbcdn.net/rsrc.php/v4/yO/r/pWC1mcrxhju.js:77
[    3795ms] [ERROR] ErrorUtils caught an error:

Could not find element "u_1_10_3x" [Caught in: Module "__elem_fc9f538f_1_3_St"]

Subsequent non-fatal errors won't be logged; see https://fburl.com/debugjs. {column: 180, clientTime: 1775172829, extra: Object, guardList: Array(4), hash: ggaz5d} @ https://static.xx.fbcdn.net/rsrc.php/v4/yO/r/pWC1mcrxhju.js:77
[    3796ms] [ERROR] ErrorUtils caught an error:

Could not find element "u_1_11_QZ" [Caught in: Module "__elem_fc9f538f_1_4_fp"]

Subsequent non-fatal errors won't be logged; see https://fburl.com/debugjs. {column: 180, clientTime: 1775172829, extra: Object, guardList: Array(4), hash: ggaz5d} @ https://static.xx.fbcdn.net/rsrc.php/v4/yO/r/pWC1mcrxhju.js:77
[    3796ms] [ERROR] ErrorUtils caught an error:

Could not find element "u_1_l_qA" [Caught in: Module "__elem_a588f507_1_4_s4"]

Subsequent non-fatal errors won't be logged; see https://fburl.com/debugjs. {column: 180, clientTime: 1775172829, extra: Object, guardList: Array(4), hash: f2pxmw} @ https://static.xx.fbcdn.net/rsrc.php/v4/yO/r/pWC1mcrxhju.js:77
[    3797ms] [ERROR] ErrorUtils caught an error:

Could not find element "u_1_m_SO" [Caught in: Module "__elem_de92090e_1_2_b/"]

Subsequent non-fatal errors won't be logged; see https://fburl.com/debugjs. {column: 180, clientTime: 1775172829, extra: Object, guardList: Array(4), hash: f2pxmw} @ https://static.xx.fbcdn.net/rsrc.php/v4/yO/r/pWC1mcrxhju.js:77
[    3797ms] [ERROR] ErrorUtils caught an error:

Could not find element "u_1_n_n7" [Caught in: Module "__elem_072b8e64_1_2_SL"]

Subsequent non-fatal errors won't be logged; see https://fburl.com/debugjs. {column: 180, clientTime: 1775172829, extra: Object, guardList: Array(4), hash: f2pxmw} @ https://static.xx.fbcdn.net/rsrc.php/v4/yO/r/pWC1mcrxhju.js:77
[    3798ms] [ERROR] ErrorUtils caught an error:

Could not find element "u_1_o_Tv" [Caught in: Module "__elem_a588f507_1_5_zR"]

Subsequent non-fatal errors won't be logged; see https://fburl.com/debugjs. {column: 180, clientTime: 1775172829, extra: Object, guardList: Array(4), hash: f2pxmw} @ https://static.xx.fbcdn.net/rsrc.php/v4/yO/r/pWC1mcrxhju.js:77
[    3798ms] [ERROR] ErrorUtils caught an error:

Could not find element "u_1_p_cE" [Caught in: Module "__elem_de92090e_1_3_tS"]

Subsequent non-fatal errors won't be logged; see https://fburl.com/debugjs. {column: 180, clientTime: 1775172829, extra: Object, guardList: Array(4), hash: f2pxmw} @ https://static.xx.fbcdn.net/rsrc.php/v4/yO/r/pWC1mcrxhju.js:77
[    3799ms] [ERROR] ErrorUtils caught an error:

Could not find element "u_1_q_Uw" [Caught in: Module "__elem_072b8e64_1_3_V7"]

Subsequent non-fatal errors won't be logged; see https://fburl.com/debugjs. {column: 180, clientTime: 1775172829, extra: Object, guardList: Array(4), hash: f2pxmw} @ https://static.xx.fbcdn.net/rsrc.php/v4/yO/r/pWC1mcrxhju.js:77
[    3799ms] [ERROR] ErrorUtils caught an error:

Could not find element "u_1_r_fZ" [Caught in: Module "__elem_a588f507_1_6_HX"]

Subsequent non-fatal errors won't be logged; see https://fburl.com/debugjs. {column: 180, clientTime: 1775172829, extra: Object, guardList: Array(4), hash: f2pxmw} @ https://static.xx.fbcdn.net/rsrc.php/v4/yO/r/pWC1mcrxhju.js:77
[    3800ms] [ERROR] ErrorUtils caught an error:

Could not find element "u_1_s_Iv" [Caught in: Module "__elem_de92090e_1_4_Mj"]

Subsequent non-fatal errors won't be logged; see https://fburl.com/debugjs. {column: 180, clientTime: 1775172829, extra: Object, guardList: Array(4), hash: f2pxmw} @ https://static.xx.fbcdn.net/rsrc.php/v4/yO/r/pWC1mcrxhju.js:77
[    3801ms] [ERROR] ErrorUtils caught an error:

Could not find element "u_1_t_KX" [Caught in: Module "__elem_072b8e64_1_4_Eu"]

Subsequent non-fatal errors won't be logged; see https://fburl.com/debugjs. {column: 180, clientTime: 1775172829, extra: Object, guardList: Array(4), hash: f2pxmw} @ https://static.xx.fbcdn.net/rsrc.php/v4/yO/r/pWC1mcrxhju.js:77
