[    1286ms] [ERROR] ErrorUtils caught an error:

Could not find element "u_1_12_6U" [Caught in: Module "__elem_a588f507_1_0_Em"]

Subsequent non-fatal errors won't be logged; see https://fburl.com/debugjs. {column: 180, clientTime: 1775172551, extra: Object, guardList: Array(4), hash: f2pxmw} @ https://static.xx.fbcdn.net/rsrc.php/v4/yO/r/pWC1mcrxhju.js:77
[    1287ms] [ERROR] ErrorUtils caught an error:

DataStore.get: namespace is required, got undefined

Subsequent non-fatal errors won't be logged; see https://fburl.com/debugjs. {column: 694, clientTime: 1775172551, extra: Object, guardList: Array(4), hash: fpb5ss} @ https://static.xx.fbcdn.net/rsrc.php/v4/yO/r/pWC1mcrxhju.js:77
[    1288ms] [ERROR] ErrorUtils caught an error:

Could not find element "u_1_4_cB" [Caught in: Module "__elem_9fc087ed_1_0_Z+"]

Subsequent non-fatal errors won't be logged; see https://fburl.com/debugjs. {column: 180, clientTime: 1775172551, extra: Object, guardList: Array(4), hash: f2pxmw} @ https://static.xx.fbcdn.net/rsrc.php/v4/yO/r/pWC1mcrxhju.js:77
[    1289ms] [ERROR] ErrorUtils caught an error:

Could not find element "u_1_4_cB" [Caught in: Module "__elem_9fc087ed_1_0_Z+"] [Caught in: Requiring module "__elem_9fc087ed_1_0_Z+" which threw an exception]

Subsequent non-fatal errors won't be logged; see https://fburl.com/debugjs. {column: 180, clientTime: 1775172551, extra: Object, guardList: Array(4), hash: f2pxmw} @ https://static.xx.fbcdn.net/rsrc.php/v4/yO/r/pWC1mcrxhju.js:77
[    1290ms] [ERROR] ErrorUtils caught an error:

Could not find element "u_1_0_NK" [Caught in: Module "__elem_9fc087ed_1_1_jn"]

Subsequent non-fatal errors won't be logged; see https://fburl.com/debugjs. {column: 180, clientTime: 1775172551, extra: Object, guardList: Array(4), hash: f2pxmw} @ https://static.xx.fbcdn.net/rsrc.php/v4/yO/r/pWC1mcrxhju.js:77
[    1290ms] [ERROR] ErrorUtils caught an error:

Could not find element "u_1_0_NK" [Caught in: Module "__elem_9fc087ed_1_1_jn"] [Caught in: Requiring module "__elem_9fc087ed_1_1_jn" which threw an exception]

Subsequent non-fatal errors won't be logged; see https://fburl.com/debugjs. {column: 180, clientTime: 1775172551, extra: Object, guardList: Array(4), hash: f2pxmw} @ https://static.xx.fbcdn.net/rsrc.php/v4/yO/r/pWC1mcrxhju.js:77
[    1291ms] [ERROR] ErrorUtils caught an error:

Could not find element "u_1_1_Pf" [Caught in: Module "__elem_9fc087ed_1_2_lh"]

Subsequent non-fatal errors won't be logged; see https://fburl.com/debugjs. {column: 180, clientTime: 1775172551, extra: Object, guardList: Array(4), hash: f2pxmw} @ https://static.xx.fbcdn.net/rsrc.php/v4/yO/r/pWC1mcrxhju.js:77
[    1291ms] [ERROR] ErrorUtils caught an error:

Could not find element "u_1_1_Pf" [Caught in: Module "__elem_9fc087ed_1_2_lh"] [Caught in: Requiring module "__elem_9fc087ed_1_2_lh" which threw an exception]

Subsequent non-fatal errors won't be logged; see https://fburl.com/debugjs. {column: 180, clientTime: 1775172551, extra: Object, guardList: Array(4), hash: f2pxmw} @ https://static.xx.fbcdn.net/rsrc.php/v4/yO/r/pWC1mcrxhju.js:77
[    1291ms] [ERROR] ErrorUtils caught an error:

Could not find element "u_1_9_lu" [Caught in: Module "__elem_a588f507_1_2_b0"]

Subsequent non-fatal errors won't be logged; see https://fburl.com/debugjs. {column: 180, clientTime: 1775172551, extra: Object, guardList: Array(4), hash: f2pxmw} @ https://static.xx.fbcdn.net/rsrc.php/v4/yO/r/pWC1mcrxhju.js:77
[    1292ms] [ERROR] ErrorUtils caught an error:

Could not find element "u_1_a_cW" [Caught in: Module "__elem_de92090e_1_0_y4"]

Subsequent non-fatal errors won't be logged; see https://fburl.com/debugjs. {column: 180, clientTime: 1775172551, extra: Object, guardList: Array(4), hash: f2pxmw} @ https://static.xx.fbcdn.net/rsrc.php/v4/yO/r/pWC1mcrxhju.js:77
[    1292ms] [ERROR] ErrorUtils caught an error:

Could not find element "u_1_b_Dq" [Caught in: Module "__elem_072b8e64_1_0_Bq"]

Subsequent non-fatal errors won't be logged; see https://fburl.com/debugjs. {column: 180, clientTime: 1775172551, extra: Object, guardList: Array(4), hash: f2pxmw} @ https://static.xx.fbcdn.net/rsrc.php/v4/yO/r/pWC1mcrxhju.js:77
[    1293ms] [ERROR] ErrorUtils caught an error:

Could not find element "u_1_j_pv" [Caught in: Module "__elem_fc9f538f_1_0_8/"]

Subsequent non-fatal errors won't be logged; see https://fburl.com/debugjs. {column: 180, clientTime: 1775172551, extra: Object, guardList: Array(4), hash: ggaz5d} @ https://static.xx.fbcdn.net/rsrc.php/v4/yO/r/pWC1mcrxhju.js:77
[    1293ms] [ERROR] ErrorUtils caught an error:

Could not find element "u_1_c_bS" [Caught in: Module "__elem_a588f507_1_3_P5"]

Subsequent non-fatal errors won't be logged; see https://fburl.com/debugjs. {column: 180, clientTime: 1775172551, extra: Object, guardList: Array(4), hash: f2pxmw} @ https://static.xx.fbcdn.net/rsrc.php/v4/yO/r/pWC1mcrxhju.js:77
[    1293ms] [ERROR] ErrorUtils caught an error:

Could not find element "u_1_d_72" [Caught in: Module "__elem_de92090e_1_1_xB"]

Subsequent non-fatal errors won't be logged; see https://fburl.com/debugjs. {column: 180, clientTime: 1775172551, extra: Object, guardList: Array(4), hash: f2pxmw} @ https://static.xx.fbcdn.net/rsrc.php/v4/yO/r/pWC1mcrxhju.js:77
[    1294ms] [ERROR] ErrorUtils caught an error:

Could not find element "u_1_e_X2" [Caught in: Module "__elem_072b8e64_1_1_Bf"]

Subsequent non-fatal errors won't be logged; see https://fburl.com/debugjs. {column: 180, clientTime: 1775172551, extra: Object, guardList: Array(4), hash: f2pxmw} @ https://static.xx.fbcdn.net/rsrc.php/v4/yO/r/pWC1mcrxhju.js:77
[    1294ms] [ERROR] ErrorUtils caught an error:

Could not find element "u_1_f_U4" [Caught in: Module "__elem_a588f507_1_4_2A"]

Subsequent non-fatal errors won't be logged; see https://fburl.com/debugjs. {column: 180, clientTime: 1775172551, extra: Object, guardList: Array(4), hash: f2pxmw} @ https://static.xx.fbcdn.net/rsrc.php/v4/yO/r/pWC1mcrxhju.js:77
[    1295ms] [ERROR] ErrorUtils caught an error:

Could not find element "u_1_g_sU" [Caught in: Module "__elem_de92090e_1_2_5C"]

Subsequent non-fatal errors won't be logged; see https://fburl.com/debugjs. {column: 180, clientTime: 1775172551, extra: Object, guardList: Array(4), hash: f2pxmw} @ https://static.xx.fbcdn.net/rsrc.php/v4/yO/r/pWC1mcrxhju.js:77
[    1295ms] [ERROR] ErrorUtils caught an error:

Could not find element "u_1_h_fu" [Caught in: Module "__elem_072b8e64_1_2_gI"]

Subsequent non-fatal errors won't be logged; see https://fburl.com/debugjs. {column: 180, clientTime: 1775172551, extra: Object, guardList: Array(4), hash: f2pxmw} @ https://static.xx.fbcdn.net/rsrc.php/v4/yO/r/pWC1mcrxhju.js:77
[    1295ms] [ERROR] ErrorUtils caught an error:

Could not find element "u_1_i_kG" [Caught in: Module "__elem_fc9f538f_1_1_o+"]

Subsequent non-fatal errors won't be logged; see https://fburl.com/debugjs. {column: 180, clientTime: 1775172551, extra: Object, guardList: Array(4), hash: ggaz5d} @ https://static.xx.fbcdn.net/rsrc.php/v4/yO/r/pWC1mcrxhju.js:77
[    1296ms] [ERROR] ErrorUtils caught an error:

Could not find element "u_1_2_bJ" [Caught in: Module "__elem_9fc087ed_1_3_N1"]

Subsequent non-fatal errors won't be logged; see https://fburl.com/debugjs. {column: 180, clientTime: 1775172551, extra: Object, guardList: Array(4), hash: f2pxmw} @ https://static.xx.fbcdn.net/rsrc.php/v4/yO/r/pWC1mcrxhju.js:77
[    1296ms] [ERROR] ErrorUtils caught an error:

Could not find element "u_1_2_bJ" [Caught in: Module "__elem_9fc087ed_1_3_N1"] [Caught in: Requiring module "__elem_9fc087ed_1_3_N1" which threw an exception]

Subsequent non-fatal errors won't be logged; see https://fburl.com/debugjs. {column: 180, clientTime: 1775172551, extra: Object, guardList: Array(4), hash: f2pxmw} @ https://static.xx.fbcdn.net/rsrc.php/v4/yO/r/pWC1mcrxhju.js:77
[    1297ms] [ERROR] ErrorUtils caught an error:

Could not find element "u_1_11_9a" [Caught in: Module "__elem_fc9f538f_1_2_Bo"]

Subsequent non-fatal errors won't be logged; see https://fburl.com/debugjs. {column: 180, clientTime: 1775172551, extra: Object, guardList: Array(4), hash: ggaz5d} @ https://static.xx.fbcdn.net/rsrc.php/v4/yO/r/pWC1mcrxhju.js:77
[    1297ms] [ERROR] ErrorUtils caught an error:

Could not find element "u_1_3_OL" [Caught in: Module "__elem_9fc087ed_1_4_wg"]

Subsequent non-fatal errors won't be logged; see https://fburl.com/debugjs. {column: 180, clientTime: 1775172551, extra: Object, guardList: Array(4), hash: f2pxmw} @ https://static.xx.fbcdn.net/rsrc.php/v4/yO/r/pWC1mcrxhju.js:77
[    1298ms] [ERROR] ErrorUtils caught an error:

Could not find element "u_1_3_OL" [Caught in: Module "__elem_9fc087ed_1_4_wg"] [Caught in: Requiring module "__elem_9fc087ed_1_4_wg" which threw an exception]

Subsequent non-fatal errors won't be logged; see https://fburl.com/debugjs. {column: 180, clientTime: 1775172551, extra: Object, guardList: Array(4), hash: f2pxmw} @ https://static.xx.fbcdn.net/rsrc.php/v4/yO/r/pWC1mcrxhju.js:77
[    1299ms] [ERROR] ErrorUtils caught an error:

Could not find element "u_1_10_P6" [Caught in: Module "__elem_fc9f538f_1_3_lc"]

Subsequent non-fatal errors won't be logged; see https://fburl.com/debugjs. {column: 180, clientTime: 1775172551, extra: Object, guardList: Array(4), hash: ggaz5d} @ https://static.xx.fbcdn.net/rsrc.php/v4/yO/r/pWC1mcrxhju.js:77
[    1299ms] [ERROR] ErrorUtils caught an error:

Could not find element "u_1_u_dW" [Caught in: Module "__elem_fc9f538f_1_4_85"]

Subsequent non-fatal errors won't be logged; see https://fburl.com/debugjs. {column: 180, clientTime: 1775172551, extra: Object, guardList: Array(4), hash: ggaz5d} @ https://static.xx.fbcdn.net/rsrc.php/v4/yO/r/pWC1mcrxhju.js:77
[    1300ms] [ERROR] ErrorUtils caught an error:

Could not find element "u_1_o_CE" [Caught in: Module "__elem_a588f507_1_5_vO"]

Subsequent non-fatal errors won't be logged; see https://fburl.com/debugjs. {column: 180, clientTime: 1775172551, extra: Object, guardList: Array(4), hash: f2pxmw} @ https://static.xx.fbcdn.net/rsrc.php/v4/yO/r/pWC1mcrxhju.js:77
[    1300ms] [ERROR] ErrorUtils caught an error:

Could not find element "u_1_p_tA" [Caught in: Module "__elem_de92090e_1_3_56"]

Subsequent non-fatal errors won't be logged; see https://fburl.com/debugjs. {column: 180, clientTime: 1775172551, extra: Object, guardList: Array(4), hash: f2pxmw} @ https://static.xx.fbcdn.net/rsrc.php/v4/yO/r/pWC1mcrxhju.js:77
[    1301ms] [ERROR] ErrorUtils caught an error:

Could not find element "u_1_q_0L" [Caught in: Module "__elem_072b8e64_1_3_yA"]

Subsequent non-fatal errors won't be logged; see https://fburl.com/debugjs. {column: 180, clientTime: 1775172551, extra: Object, guardList: Array(4), hash: f2pxmw} @ https://static.xx.fbcdn.net/rsrc.php/v4/yO/r/pWC1mcrxhju.js:77
[    1301ms] [ERROR] ErrorUtils caught an error:

Could not find element "u_1_r_Lt" [Caught in: Module "__elem_a588f507_1_6_YM"]

Subsequent non-fatal errors won't be logged; see https://fburl.com/debugjs. {column: 180, clientTime: 1775172551, extra: Object, guardList: Array(4), hash: f2pxmw} @ https://static.xx.fbcdn.net/rsrc.php/v4/yO/r/pWC1mcrxhju.js:77
[    1301ms] [ERROR] ErrorUtils caught an error:

Could not find element "u_1_s_ef" [Caught in: Module "__elem_de92090e_1_4_KX"]

Subsequent non-fatal errors won't be logged; see https://fburl.com/debugjs. {column: 180, clientTime: 1775172551, extra: Object, guardList: Array(4), hash: f2pxmw} @ https://static.xx.fbcdn.net/rsrc.php/v4/yO/r/pWC1mcrxhju.js:77
[    1301ms] [ERROR] ErrorUtils caught an error:

Could not find element "u_1_t_Ql" [Caught in: Module "__elem_072b8e64_1_4_4u"]

Subsequent non-fatal errors won't be logged; see https://fburl.com/debugjs. {column: 180, clientTime: 1775172551, extra: Object, guardList: Array(4), hash: f2pxmw} @ https://static.xx.fbcdn.net/rsrc.php/v4/yO/r/pWC1mcrxhju.js:77
