[     202ms] [INFO] %cDownload the React DevTools for a better development experience: https://react.dev/link/react-devtools font-weight:bold @ http://localhost:3000/_next/static/chunks/0.0o_next_dist_12j4grt._.js:2431
[     236ms] [LOG] [HMR] connected @ http://localhost:3000/_next/static/chunks/0.0o_next_dist_12j4grt._.js:2431
[     408ms] [WARNING] Image with src "/mfu-logo.png" has either width or height modified, but not the other. If you use CSS to change the size of your image, also include the styles 'width: "auto"' or 'height: "auto"' to maintain the aspect ratio. @ http://localhost:3000/_next/static/chunks/0.0o_next_dist_12j4grt._.js:2431
[     408ms] [WARNING] Image with src "/logo.png" has either width or height modified, but not the other. If you use CSS to change the size of your image, also include the styles 'width: "auto"' or 'height: "auto"' to maintain the aspect ratio. @ http://localhost:3000/_next/static/chunks/0.0o_next_dist_12j4grt._.js:2431
[    9742ms] [LOG] [Fast Refresh] rebuilding @ http://localhost:3000/_next/static/chunks/0.0o_next_dist_12j4grt._.js:2431
[    9898ms] [LOG] [Fast Refresh] done in 265ms @ http://localhost:3000/_next/static/chunks/0.0o_next_dist_12j4grt._.js:2431
[   62900ms] [LOG] [Fast Refresh] rebuilding @ http://localhost:3000/_next/static/chunks/0.0o_next_dist_12j4grt._.js:2431
[   63289ms] [LOG] [Fast Refresh] done in 492ms @ http://localhost:3000/_next/static/chunks/0.0o_next_dist_12j4grt._.js:2431
[  241933ms] [LOG] [Fast Refresh] rebuilding @ http://localhost:3000/_next/static/chunks/0.0o_next_dist_12j4grt._.js:2431
[  242171ms] [LOG] [Fast Refresh] done in 340ms @ http://localhost:3000/_next/static/chunks/0.0o_next_dist_12j4grt._.js:2431
[  598342ms] [LOG] [Fast Refresh] rebuilding @ http://localhost:3000/_next/static/chunks/0.0o_next_dist_12j4grt._.js:2431
[  598625ms] [LOG] [Fast Refresh] done in 377ms @ http://localhost:3000/_next/static/chunks/0.0o_next_dist_12j4grt._.js:2431
[  600180ms] [LOG] [Fast Refresh] rebuilding @ http://localhost:3000/_next/static/chunks/0.0o_next_dist_12j4grt._.js:2431
[  600213ms] [LOG] [Fast Refresh] done in 103ms @ http://localhost:3000/_next/static/chunks/0.0o_next_dist_12j4grt._.js:2431
[  602134ms] [LOG] [Fast Refresh] rebuilding @ http://localhost:3000/_next/static/chunks/0.0o_next_dist_12j4grt._.js:2431
[  602167ms] [LOG] [Fast Refresh] done in 110ms @ http://localhost:3000/_next/static/chunks/0.0o_next_dist_12j4grt._.js:2431
[  614669ms] [LOG] [Fast Refresh] rebuilding @ http://localhost:3000/_next/static/chunks/0.0o_next_dist_12j4grt._.js:2431
[  614886ms] [LOG] [Fast Refresh] done in 280ms @ http://localhost:3000/_next/static/chunks/0.0o_next_dist_12j4grt._.js:2431
[  615982ms] [LOG] [Fast Refresh] rebuilding @ http://localhost:3000/_next/static/chunks/0.0o_next_dist_12j4grt._.js:2431
[  616025ms] [LOG] [Fast Refresh] done in 115ms @ http://localhost:3000/_next/static/chunks/0.0o_next_dist_12j4grt._.js:2431
[  617296ms] [LOG] [Fast Refresh] rebuilding @ http://localhost:3000/_next/static/chunks/0.0o_next_dist_12j4grt._.js:2431
[  617313ms] [WARNING] Image with src "/logo-light.png" has either width or height modified, but not the other. If you use CSS to change the size of your image, also include the styles 'width: "auto"' or 'height: "auto"' to maintain the aspect ratio. @ http://localhost:3000/_next/static/chunks/0.0o_next_dist_12j4grt._.js:2431
[  617317ms] [LOG] [Fast Refresh] done in 59ms @ http://localhost:3000/_next/static/chunks/0.0o_next_dist_12j4grt._.js:2431
[  626987ms] [LOG] [Fast Refresh] rebuilding @ http://localhost:3000/_next/static/chunks/0.0o_next_dist_12j4grt._.js:2431
[  627015ms] [LOG] [Fast Refresh] done in 93ms @ http://localhost:3000/_next/static/chunks/0.0o_next_dist_12j4grt._.js:2431
[  635837ms] [LOG] [Fast Refresh] rebuilding @ http://localhost:3000/_next/static/chunks/0.0o_next_dist_12j4grt._.js:2431
[  635860ms] [LOG] [Fast Refresh] done in 96ms @ http://localhost:3000/_next/static/chunks/0.0o_next_dist_12j4grt._.js:2431
[  641473ms] [LOG] [Fast Refresh] rebuilding @ http://localhost:3000/_next/static/chunks/0.0o_next_dist_12j4grt._.js:2431
[  641521ms] [LOG] [Fast Refresh] done in 113ms @ http://localhost:3000/_next/static/chunks/0.0o_next_dist_12j4grt._.js:2431
[  644955ms] [LOG] [Fast Refresh] rebuilding @ http://localhost:3000/_next/static/chunks/0.0o_next_dist_12j4grt._.js:2431
[  645019ms] [LOG] [Fast Refresh] done in 133ms @ http://localhost:3000/_next/static/chunks/0.0o_next_dist_12j4grt._.js:2431
[  650008ms] [LOG] [Fast Refresh] rebuilding @ http://localhost:3000/_next/static/chunks/0.0o_next_dist_12j4grt._.js:2431
[  650038ms] [LOG] [Fast Refresh] done in 74ms @ http://localhost:3000/_next/static/chunks/0.0o_next_dist_12j4grt._.js:2431
[  650867ms] [LOG] [Fast Refresh] rebuilding @ http://localhost:3000/_next/static/chunks/0.0o_next_dist_12j4grt._.js:2431
[  650897ms] [LOG] [Fast Refresh] done in 93ms @ http://localhost:3000/_next/static/chunks/0.0o_next_dist_12j4grt._.js:2431
[  651960ms] [LOG] [Fast Refresh] rebuilding @ http://localhost:3000/_next/static/chunks/0.0o_next_dist_12j4grt._.js:2431
[  651974ms] [LOG] [Fast Refresh] done in 64ms @ http://localhost:3000/_next/static/chunks/0.0o_next_dist_12j4grt._.js:2431
[  652747ms] [LOG] [Fast Refresh] rebuilding @ http://localhost:3000/_next/static/chunks/0.0o_next_dist_12j4grt._.js:2431
[  652777ms] [LOG] [Fast Refresh] done in 75ms @ http://localhost:3000/_next/static/chunks/0.0o_next_dist_12j4grt._.js:2431
[  657486ms] [LOG] [Fast Refresh] rebuilding @ http://localhost:3000/_next/static/chunks/0.0o_next_dist_12j4grt._.js:2431
[  657489ms] [LOG] [Fast Refresh] done in 106ms @ http://localhost:3000/_next/static/chunks/0.0o_next_dist_12j4grt._.js:2431
[  658979ms] [LOG] [Fast Refresh] rebuilding @ http://localhost:3000/_next/static/chunks/0.0o_next_dist_12j4grt._.js:2431
[  659027ms] [LOG] [Fast Refresh] done in 118ms @ http://localhost:3000/_next/static/chunks/0.0o_next_dist_12j4grt._.js:2431
[  664168ms] [LOG] [Fast Refresh] rebuilding @ http://localhost:3000/_next/static/chunks/0.0o_next_dist_12j4grt._.js:2431
[  664453ms] [LOG] [Fast Refresh] done in 347ms @ http://localhost:3000/_next/static/chunks/0.0o_next_dist_12j4grt._.js:2431
[  939399ms] [LOG] [Fast Refresh] rebuilding @ http://localhost:3000/_next/static/chunks/0.0o_next_dist_12j4grt._.js:2431
[  939739ms] [LOG] [Fast Refresh] done in 448ms @ http://localhost:3000/_next/static/chunks/0.0o_next_dist_12j4grt._.js:2431
[  940124ms] [LOG] [Fast Refresh] rebuilding @ http://localhost:3000/_next/static/chunks/0.0o_next_dist_12j4grt._.js:2431
[  940244ms] [LOG] [Fast Refresh] done in 220ms @ http://localhost:3000/_next/static/chunks/0.0o_next_dist_12j4grt._.js:2431
[ 1057453ms] [LOG] [Fast Refresh] rebuilding @ http://localhost:3000/_next/static/chunks/0.0o_next_dist_12j4grt._.js:2431
[ 1057500ms] [LOG] [Fast Refresh] done in 119ms @ http://localhost:3000/_next/static/chunks/0.0o_next_dist_12j4grt._.js:2431
[ 1088804ms] [LOG] [Fast Refresh] rebuilding @ http://localhost:3000/_next/static/chunks/0.0o_next_dist_12j4grt._.js:2431
[ 1088874ms] [LOG] [Fast Refresh] done in 171ms @ http://localhost:3000/_next/static/chunks/0.0o_next_dist_12j4grt._.js:2431
[ 1088977ms] [LOG] [Fast Refresh] rebuilding @ http://localhost:3000/_next/static/chunks/0.0o_next_dist_12j4grt._.js:2431
[ 1089039ms] [LOG] [Fast Refresh] done in 162ms @ http://localhost:3000/_next/static/chunks/0.0o_next_dist_12j4grt._.js:2431
[ 1089149ms] [LOG] [Fast Refresh] rebuilding @ http://localhost:3000/_next/static/chunks/0.0o_next_dist_12j4grt._.js:2431
[ 1089202ms] [LOG] [Fast Refresh] done in 161ms @ http://localhost:3000/_next/static/chunks/0.0o_next_dist_12j4grt._.js:2431
[ 1095376ms] [LOG] [Fast Refresh] rebuilding @ http://localhost:3000/_next/static/chunks/0.0o_next_dist_12j4grt._.js:2431
[ 1095771ms] [LOG] [Fast Refresh] done in 422ms @ http://localhost:3000/_next/static/chunks/0.0o_next_dist_12j4grt._.js:2431
[ 1095932ms] [LOG] [Fast Refresh] rebuilding @ http://localhost:3000/_next/static/chunks/0.0o_next_dist_12j4grt._.js:2431
[ 1095935ms] [LOG] [Fast Refresh] done in 107ms @ http://localhost:3000/_next/static/chunks/0.0o_next_dist_12j4grt._.js:2431
[ 1096098ms] [LOG] [Fast Refresh] rebuilding @ http://localhost:3000/_next/static/chunks/0.0o_next_dist_12j4grt._.js:2431
[ 1096109ms] [LOG] [Fast Refresh] done in 115ms @ http://localhost:3000/_next/static/chunks/0.0o_next_dist_12j4grt._.js:2431
[ 1109774ms] [LOG] [Fast Refresh] rebuilding @ http://localhost:3000/_next/static/chunks/0.0o_next_dist_12j4grt._.js:2431
[ 1109804ms] [LOG] [Fast Refresh] done in 77ms @ http://localhost:3000/_next/static/chunks/0.0o_next_dist_12j4grt._.js:2431
[ 1116284ms] [LOG] [Fast Refresh] rebuilding @ http://localhost:3000/_next/static/chunks/0.0o_next_dist_12j4grt._.js:2431
[ 1116322ms] [LOG] [Fast Refresh] done in 66ms @ http://localhost:3000/_next/static/chunks/0.0o_next_dist_12j4grt._.js:2431
[ 1139366ms] [LOG] [Fast Refresh] rebuilding @ http://localhost:3000/_next/static/chunks/0.0o_next_dist_12j4grt._.js:2431
[ 1139684ms] [LOG] [Fast Refresh] done in 424ms @ http://localhost:3000/_next/static/chunks/0.0o_next_dist_12j4grt._.js:2431
[ 1183554ms] [LOG] [Fast Refresh] rebuilding @ http://localhost:3000/_next/static/chunks/0.0o_next_dist_12j4grt._.js:2431
[ 1183652ms] [LOG] [Fast Refresh] done in 194ms @ http://localhost:3000/_next/static/chunks/0.0o_next_dist_12j4grt._.js:2431
[ 1183756ms] [LOG] [Fast Refresh] rebuilding @ http://localhost:3000/_next/static/chunks/0.0o_next_dist_12j4grt._.js:2431
[ 1183770ms] [LOG] [Fast Refresh] done in 117ms @ http://localhost:3000/_next/static/chunks/0.0o_next_dist_12j4grt._.js:2431
[ 1202276ms] [LOG] [Fast Refresh] rebuilding @ http://localhost:3000/_next/static/chunks/0.0o_next_dist_12j4grt._.js:2431
[ 1202293ms] [LOG] [Fast Refresh] done in 104ms @ http://localhost:3000/_next/static/chunks/0.0o_next_dist_12j4grt._.js:2431
[ 1212292ms] [LOG] [Fast Refresh] rebuilding @ http://localhost:3000/_next/static/chunks/0.0o_next_dist_12j4grt._.js:2431
[ 1212521ms] [LOG] [Fast Refresh] done in 345ms @ http://localhost:3000/_next/static/chunks/0.0o_next_dist_12j4grt._.js:2431
[ 1212902ms] [LOG] [Fast Refresh] rebuilding @ http://localhost:3000/_next/static/chunks/0.0o_next_dist_12j4grt._.js:2431
[ 1212970ms] [LOG] [Fast Refresh] done in 172ms @ http://localhost:3000/_next/static/chunks/0.0o_next_dist_12j4grt._.js:2431
[ 1543299ms] [LOG] [Fast Refresh] rebuilding @ http://localhost:3000/_next/static/chunks/0.0o_next_dist_12j4grt._.js:2431
[ 1543323ms] [LOG] [Fast Refresh] done in 94ms @ http://localhost:3000/_next/static/chunks/0.0o_next_dist_12j4grt._.js:2431
[ 1666672ms] [LOG] [Fast Refresh] rebuilding @ http://localhost:3000/_next/static/chunks/0.0o_next_dist_12j4grt._.js:2431
[ 1667017ms] [LOG] [Fast Refresh] done in 445ms @ http://localhost:3000/_next/static/chunks/0.0o_next_dist_12j4grt._.js:2431
[ 1777108ms] [LOG] [Fast Refresh] rebuilding @ http://localhost:3000/_next/static/chunks/0.0o_next_dist_12j4grt._.js:2431
[ 1777156ms] [LOG] [Fast Refresh] done in 119ms @ http://localhost:3000/_next/static/chunks/0.0o_next_dist_12j4grt._.js:2431
[ 1786599ms] [LOG] [Fast Refresh] rebuilding @ http://localhost:3000/_next/static/chunks/0.0o_next_dist_12j4grt._.js:2431
[ 1786615ms] [LOG] [Fast Refresh] done in 105ms @ http://localhost:3000/_next/static/chunks/0.0o_next_dist_12j4grt._.js:2431
[ 1797319ms] [LOG] [Fast Refresh] rebuilding @ http://localhost:3000/_next/static/chunks/0.0o_next_dist_12j4grt._.js:2431
[ 1797349ms] [LOG] [Fast Refresh] done in 91ms @ http://localhost:3000/_next/static/chunks/0.0o_next_dist_12j4grt._.js:2431
[ 1802190ms] [LOG] [Fast Refresh] rebuilding @ http://localhost:3000/_next/static/chunks/0.0o_next_dist_12j4grt._.js:2431
[ 1802221ms] [LOG] [Fast Refresh] done in 90ms @ http://localhost:3000/_next/static/chunks/0.0o_next_dist_12j4grt._.js:2431
[ 1845278ms] [LOG] [Fast Refresh] rebuilding @ http://localhost:3000/_next/static/chunks/0.0o_next_dist_12j4grt._.js:2431
[ 1845640ms] [LOG] [Fast Refresh] done in 468ms @ http://localhost:3000/_next/static/chunks/0.0o_next_dist_12j4grt._.js:2431
[ 2229787ms] [LOG] [Fast Refresh] rebuilding @ http://localhost:3000/_next/static/chunks/0.0o_next_dist_12j4grt._.js:2431
[ 2229834ms] [LOG] [Fast Refresh] done in 125ms @ http://localhost:3000/_next/static/chunks/0.0o_next_dist_12j4grt._.js:2431
[ 2257545ms] [LOG] [Fast Refresh] rebuilding @ http://localhost:3000/_next/static/chunks/0.0o_next_dist_12j4grt._.js:2431
[ 2257552ms] [LOG] [Fast Refresh] done in 101ms @ http://localhost:3000/_next/static/chunks/0.0o_next_dist_12j4grt._.js:2431
[ 2264328ms] [LOG] [Fast Refresh] rebuilding @ http://localhost:3000/_next/static/chunks/0.0o_next_dist_12j4grt._.js:2431
[ 2264701ms] [LOG] [Fast Refresh] done in 478ms @ http://localhost:3000/_next/static/chunks/0.0o_next_dist_12j4grt._.js:2431
[ 2288259ms] [LOG] [Fast Refresh] rebuilding @ http://localhost:3000/_next/static/chunks/0.0o_next_dist_12j4grt._.js:2431
[ 2288329ms] [LOG] [Fast Refresh] done in 182ms @ http://localhost:3000/_next/static/chunks/0.0o_next_dist_12j4grt._.js:2431
[ 2288433ms] [LOG] [Fast Refresh] rebuilding @ http://localhost:3000/_next/static/chunks/0.0o_next_dist_12j4grt._.js:2431
[ 2288516ms] [LOG] [Fast Refresh] done in 184ms @ http://localhost:3000/_next/static/chunks/0.0o_next_dist_12j4grt._.js:2431
[ 2298936ms] [LOG] [Fast Refresh] rebuilding @ http://localhost:3000/_next/static/chunks/0.0o_next_dist_12j4grt._.js:2431
[ 2299602ms] [LOG] [Fast Refresh] done in 607ms @ http://localhost:3000/_next/static/chunks/0.0o_next_dist_12j4grt._.js:2431
[ 2299777ms] [LOG] [Fast Refresh] rebuilding @ http://localhost:3000/_next/static/chunks/0.0o_next_dist_12j4grt._.js:2431
[ 2299783ms] [LOG] [Fast Refresh] done in 110ms @ http://localhost:3000/_next/static/chunks/0.0o_next_dist_12j4grt._.js:2431
[ 2300027ms] [LOG] [Fast Refresh] rebuilding @ http://localhost:3000/_next/static/chunks/0.0o_next_dist_12j4grt._.js:2431
[ 2300082ms] [LOG] [Fast Refresh] done in 156ms @ http://localhost:3000/_next/static/chunks/0.0o_next_dist_12j4grt._.js:2431
[ 2312293ms] [LOG] [Fast Refresh] rebuilding @ http://localhost:3000/_next/static/chunks/0.0o_next_dist_12j4grt._.js:2431
[ 2312344ms] [LOG] [Fast Refresh] done in 122ms @ http://localhost:3000/_next/static/chunks/0.0o_next_dist_12j4grt._.js:2431
[ 2315349ms] [LOG] [Fast Refresh] rebuilding @ http://localhost:3000/_next/static/chunks/0.0o_next_dist_12j4grt._.js:2431
[ 2315365ms] [LOG] [Fast Refresh] done in 121ms @ http://localhost:3000/_next/static/chunks/0.0o_next_dist_12j4grt._.js:2431
[ 2324376ms] [LOG] [Fast Refresh] rebuilding @ http://localhost:3000/_next/static/chunks/0.0o_next_dist_12j4grt._.js:2431
[ 2324402ms] [LOG] [Fast Refresh] done in 82ms @ http://localhost:3000/_next/static/chunks/0.0o_next_dist_12j4grt._.js:2431
[ 2325527ms] [LOG] [Fast Refresh] rebuilding @ http://localhost:3000/_next/static/chunks/0.0o_next_dist_12j4grt._.js:2431
[ 2325562ms] [LOG] [Fast Refresh] done in 87ms @ http://localhost:3000/_next/static/chunks/0.0o_next_dist_12j4grt._.js:2431
[ 2353247ms] [LOG] [Fast Refresh] rebuilding @ http://localhost:3000/_next/static/chunks/0.0o_next_dist_12j4grt._.js:2431
[ 2353556ms] [LOG] [Fast Refresh] done in 418ms @ http://localhost:3000/_next/static/chunks/0.0o_next_dist_12j4grt._.js:2431
[ 2354034ms] [LOG] [Fast Refresh] rebuilding @ http://localhost:3000/_next/static/chunks/0.0o_next_dist_12j4grt._.js:2431
[ 2354157ms] [LOG] [Fast Refresh] done in 230ms @ http://localhost:3000/_next/static/chunks/0.0o_next_dist_12j4grt._.js:2431
[ 2500435ms] [LOG] [Fast Refresh] rebuilding @ http://localhost:3000/_next/static/chunks/0.0o_next_dist_12j4grt._.js:2431
[ 2500475ms] [LOG] [Fast Refresh] done in 154ms @ http://localhost:3000/_next/static/chunks/0.0o_next_dist_12j4grt._.js:2431
[ 2562990ms] [LOG] [Fast Refresh] rebuilding @ http://localhost:3000/_next/static/chunks/0.0o_next_dist_12j4grt._.js:2431
[ 2563037ms] [LOG] [Fast Refresh] done in 125ms @ http://localhost:3000/_next/static/chunks/0.0o_next_dist_12j4grt._.js:2431
[ 2564269ms] [LOG] [Fast Refresh] rebuilding @ http://localhost:3000/_next/static/chunks/0.0o_next_dist_12j4grt._.js:2431
[ 2564302ms] [LOG] [Fast Refresh] done in 105ms @ http://localhost:3000/_next/static/chunks/0.0o_next_dist_12j4grt._.js:2431
[ 2565767ms] [LOG] [Fast Refresh] rebuilding @ http://localhost:3000/_next/static/chunks/0.0o_next_dist_12j4grt._.js:2431
[ 2565807ms] [LOG] [Fast Refresh] done in 39ms @ http://localhost:3000/_next/static/chunks/0.0o_next_dist_12j4grt._.js:2431
[ 2566533ms] [LOG] [Fast Refresh] rebuilding @ http://localhost:3000/_next/static/chunks/0.0o_next_dist_12j4grt._.js:2431
[ 2566557ms] [LOG] [Fast Refresh] done in 65ms @ http://localhost:3000/_next/static/chunks/0.0o_next_dist_12j4grt._.js:2431
[ 2567622ms] [LOG] [Fast Refresh] rebuilding @ http://localhost:3000/_next/static/chunks/0.0o_next_dist_12j4grt._.js:2431
[ 2567651ms] [LOG] [Fast Refresh] done in 52ms @ http://localhost:3000/_next/static/chunks/0.0o_next_dist_12j4grt._.js:2431
[ 2577834ms] [LOG] [Fast Refresh] rebuilding @ http://localhost:3000/_next/static/chunks/0.0o_next_dist_12j4grt._.js:2431
[ 2577920ms] [LOG] [Fast Refresh] done in 154ms @ http://localhost:3000/_next/static/chunks/0.0o_next_dist_12j4grt._.js:2431
[ 2587558ms] [LOG] [Fast Refresh] rebuilding @ http://localhost:3000/_next/static/chunks/0.0o_next_dist_12j4grt._.js:2431
[ 2587842ms] [LOG] [Fast Refresh] done in 399ms @ http://localhost:3000/_next/static/chunks/0.0o_next_dist_12j4grt._.js:2431
[ 2642706ms] [LOG] [Fast Refresh] rebuilding @ http://localhost:3000/_next/static/chunks/0.0o_next_dist_12j4grt._.js:2431
[ 2642733ms] [LOG] [Fast Refresh] done in 37ms @ http://localhost:3000/_next/static/chunks/0.0o_next_dist_12j4grt._.js:2431
[ 2643581ms] [LOG] [Fast Refresh] rebuilding @ http://localhost:3000/_next/static/chunks/0.0o_next_dist_12j4grt._.js:2431
[ 2643610ms] [LOG] [Fast Refresh] done in 61ms @ http://localhost:3000/_next/static/chunks/0.0o_next_dist_12j4grt._.js:2431
[ 2644278ms] [LOG] [Fast Refresh] rebuilding @ http://localhost:3000/_next/static/chunks/0.0o_next_dist_12j4grt._.js:2431
[ 2644345ms] [LOG] [Fast Refresh] done in 131ms @ http://localhost:3000/_next/static/chunks/0.0o_next_dist_12j4grt._.js:2431
[ 2644985ms] [LOG] [Fast Refresh] rebuilding @ http://localhost:3000/_next/static/chunks/0.0o_next_dist_12j4grt._.js:2431
[ 2645011ms] [LOG] [Fast Refresh] done in 67ms @ http://localhost:3000/_next/static/chunks/0.0o_next_dist_12j4grt._.js:2431
[ 2646167ms] [LOG] [Fast Refresh] rebuilding @ http://localhost:3000/_next/static/chunks/0.0o_next_dist_12j4grt._.js:2431
[ 2646196ms] [LOG] [Fast Refresh] done in 75ms @ http://localhost:3000/_next/static/chunks/0.0o_next_dist_12j4grt._.js:2431
[ 2646356ms] [LOG] [Fast Refresh] rebuilding @ http://localhost:3000/_next/static/chunks/0.0o_next_dist_12j4grt._.js:2431
[ 2646383ms] [LOG] [Fast Refresh] done in 54ms @ http://localhost:3000/_next/static/chunks/0.0o_next_dist_12j4grt._.js:2431
[ 2683742ms] [LOG] [Fast Refresh] rebuilding @ http://localhost:3000/_next/static/chunks/0.0o_next_dist_12j4grt._.js:2431
[ 2684119ms] [LOG] [Fast Refresh] done in 483ms @ http://localhost:3000/_next/static/chunks/0.0o_next_dist_12j4grt._.js:2431
[ 2805418ms] [LOG] [Fast Refresh] rebuilding @ http://localhost:3000/_next/static/chunks/0.0o_next_dist_12j4grt._.js:2431
[ 2805480ms] [LOG] [Fast Refresh] done in 130ms @ http://localhost:3000/_next/static/chunks/0.0o_next_dist_12j4grt._.js:2431
[ 2817672ms] [LOG] [Fast Refresh] rebuilding @ http://localhost:3000/_next/static/chunks/0.0o_next_dist_12j4grt._.js:2431
[ 2817700ms] [LOG] [Fast Refresh] done in 59ms @ http://localhost:3000/_next/static/chunks/0.0o_next_dist_12j4grt._.js:2431
[ 2822419ms] [LOG] [Fast Refresh] rebuilding @ http://localhost:3000/_next/static/chunks/0.0o_next_dist_12j4grt._.js:2431
[ 2822446ms] [LOG] [Fast Refresh] done in 94ms @ http://localhost:3000/_next/static/chunks/0.0o_next_dist_12j4grt._.js:2431
[ 2830551ms] [LOG] [Fast Refresh] rebuilding @ http://localhost:3000/_next/static/chunks/0.0o_next_dist_12j4grt._.js:2431
[ 2830580ms] [LOG] [Fast Refresh] done in 80ms @ http://localhost:3000/_next/static/chunks/0.0o_next_dist_12j4grt._.js:2431
[ 2842803ms] [LOG] [Fast Refresh] rebuilding @ http://localhost:3000/_next/static/chunks/0.0o_next_dist_12j4grt._.js:2431
[ 2842829ms] [LOG] [Fast Refresh] done in 97ms @ http://localhost:3000/_next/static/chunks/0.0o_next_dist_12j4grt._.js:2431
[ 2849070ms] [LOG] [Fast Refresh] rebuilding @ http://localhost:3000/_next/static/chunks/0.0o_next_dist_12j4grt._.js:2431
[ 2849102ms] [LOG] [Fast Refresh] done in 126ms @ http://localhost:3000/_next/static/chunks/0.0o_next_dist_12j4grt._.js:2431
[ 2864872ms] [LOG] [Fast Refresh] rebuilding @ http://localhost:3000/_next/static/chunks/0.0o_next_dist_12j4grt._.js:2431
[ 2865177ms] [LOG] [Fast Refresh] done in 420ms @ http://localhost:3000/_next/static/chunks/0.0o_next_dist_12j4grt._.js:2431
