[    1738ms] [ERROR] ErrorUtils caught an error:

Could not find element "u_1_12_u3" [Caught in: Module "__elem_a588f507_1_0_rv"]

Subsequent non-fatal errors won't be logged; see https://fburl.com/debugjs. {column: 180, clientTime: 1775172815, extra: Object, guardList: Array(4), hash: f2pxmw} @ https://static.xx.fbcdn.net/rsrc.php/v4/yO/r/pWC1mcrxhju.js:77
[    1739ms] [ERROR] ErrorUtils caught an error:

DataStore.get: namespace is required, got undefined

Subsequent non-fatal errors won't be logged; see https://fburl.com/debugjs. {column: 694, clientTime: 1775172815, extra: Object, guardList: Array(4), hash: fpb5ss} @ https://static.xx.fbcdn.net/rsrc.php/v4/yO/r/pWC1mcrxhju.js:77
[    1740ms] [ERROR] ErrorUtils caught an error:

Could not find element "u_1_4_nh" [Caught in: Module "__elem_9fc087ed_1_0_RK"]

Subsequent non-fatal errors won't be logged; see https://fburl.com/debugjs. {column: 180, clientTime: 1775172815, extra: Object, guardList: Array(4), hash: f2pxmw} @ https://static.xx.fbcdn.net/rsrc.php/v4/yO/r/pWC1mcrxhju.js:77
[    1741ms] [ERROR] ErrorUtils caught an error:

Could not find element "u_1_4_nh" [Caught in: Module "__elem_9fc087ed_1_0_RK"] [Caught in: Requiring module "__elem_9fc087ed_1_0_RK" which threw an exception]

Subsequent non-fatal errors won't be logged; see https://fburl.com/debugjs. {column: 180, clientTime: 1775172815, extra: Object, guardList: Array(4), hash: f2pxmw} @ https://static.xx.fbcdn.net/rsrc.php/v4/yO/r/pWC1mcrxhju.js:77
[    1741ms] [ERROR] ErrorUtils caught an error:

Could not find element "u_1_0_WI" [Caught in: Module "__elem_9fc087ed_1_1_jp"]

Subsequent non-fatal errors won't be logged; see https://fburl.com/debugjs. {column: 180, clientTime: 1775172815, extra: Object, guardList: Array(4), hash: f2pxmw} @ https://static.xx.fbcdn.net/rsrc.php/v4/yO/r/pWC1mcrxhju.js:77
[    1741ms] [ERROR] ErrorUtils caught an error:

Could not find element "u_1_0_WI" [Caught in: Module "__elem_9fc087ed_1_1_jp"] [Caught in: Requiring module "__elem_9fc087ed_1_1_jp" which threw an exception]

Subsequent non-fatal errors won't be logged; see https://fburl.com/debugjs. {column: 180, clientTime: 1775172815, extra: Object, guardList: Array(4), hash: f2pxmw} @ https://static.xx.fbcdn.net/rsrc.php/v4/yO/r/pWC1mcrxhju.js:77
[    1742ms] [ERROR] ErrorUtils caught an error:

Could not find element "u_1_1_ik" [Caught in: Module "__elem_9fc087ed_1_2_sU"]

Subsequent non-fatal errors won't be logged; see https://fburl.com/debugjs. {column: 180, clientTime: 1775172815, extra: Object, guardList: Array(4), hash: f2pxmw} @ https://static.xx.fbcdn.net/rsrc.php/v4/yO/r/pWC1mcrxhju.js:77
[    1742ms] [ERROR] ErrorUtils caught an error:

Could not find element "u_1_1_ik" [Caught in: Module "__elem_9fc087ed_1_2_sU"] [Caught in: Requiring module "__elem_9fc087ed_1_2_sU" which threw an exception]

Subsequent non-fatal errors won't be logged; see https://fburl.com/debugjs. {column: 180, clientTime: 1775172815, extra: Object, guardList: Array(4), hash: f2pxmw} @ https://static.xx.fbcdn.net/rsrc.php/v4/yO/r/pWC1mcrxhju.js:77
[    1743ms] [ERROR] ErrorUtils caught an error:

Could not find element "u_1_2_CA" [Caught in: Module "__elem_9fc087ed_1_3_gU"]

Subsequent non-fatal errors won't be logged; see https://fburl.com/debugjs. {column: 180, clientTime: 1775172815, extra: Object, guardList: Array(4), hash: f2pxmw} @ https://static.xx.fbcdn.net/rsrc.php/v4/yO/r/pWC1mcrxhju.js:77
[    1743ms] [ERROR] ErrorUtils caught an error:

Could not find element "u_1_2_CA" [Caught in: Module "__elem_9fc087ed_1_3_gU"] [Caught in: Requiring module "__elem_9fc087ed_1_3_gU" which threw an exception]

Subsequent non-fatal errors won't be logged; see https://fburl.com/debugjs. {column: 180, clientTime: 1775172815, extra: Object, guardList: Array(4), hash: f2pxmw} @ https://static.xx.fbcdn.net/rsrc.php/v4/yO/r/pWC1mcrxhju.js:77
[    1743ms] [ERROR] ErrorUtils caught an error:

Could not find element "u_1_7_xY" [Caught in: Module "__elem_a588f507_1_2_sK"]

Subsequent non-fatal errors won't be logged; see https://fburl.com/debugjs. {column: 180, clientTime: 1775172815, extra: Object, guardList: Array(4), hash: f2pxmw} @ https://static.xx.fbcdn.net/rsrc.php/v4/yO/r/pWC1mcrxhju.js:77
[    1744ms] [ERROR] ErrorUtils caught an error:

Could not find element "u_1_8_xr" [Caught in: Module "__elem_de92090e_1_0_MN"]

Subsequent non-fatal errors won't be logged; see https://fburl.com/debugjs. {column: 180, clientTime: 1775172815, extra: Object, guardList: Array(4), hash: f2pxmw} @ https://static.xx.fbcdn.net/rsrc.php/v4/yO/r/pWC1mcrxhju.js:77
[    1744ms] [ERROR] ErrorUtils caught an error:

Could not find element "u_1_9_aO" [Caught in: Module "__elem_072b8e64_1_0_PC"]

Subsequent non-fatal errors won't be logged; see https://fburl.com/debugjs. {column: 180, clientTime: 1775172815, extra: Object, guardList: Array(4), hash: f2pxmw} @ https://static.xx.fbcdn.net/rsrc.php/v4/yO/r/pWC1mcrxhju.js:77
[    1744ms] [ERROR] ErrorUtils caught an error:

Could not find element "u_1_t_4t" [Caught in: Module "__elem_fc9f538f_1_0_Gt"]

Subsequent non-fatal errors won't be logged; see https://fburl.com/debugjs. {column: 180, clientTime: 1775172815, extra: Object, guardList: Array(4), hash: ggaz5d} @ https://static.xx.fbcdn.net/rsrc.php/v4/yO/r/pWC1mcrxhju.js:77
[    1745ms] [ERROR] ErrorUtils caught an error:

Could not find element "u_1_s_ww" [Caught in: Module "__elem_fc9f538f_1_1_Rt"]

Subsequent non-fatal errors won't be logged; see https://fburl.com/debugjs. {column: 180, clientTime: 1775172815, extra: Object, guardList: Array(4), hash: ggaz5d} @ https://static.xx.fbcdn.net/rsrc.php/v4/yO/r/pWC1mcrxhju.js:77
[    1745ms] [ERROR] ErrorUtils caught an error:

Could not find element "u_1_a_RP" [Caught in: Module "__elem_a588f507_1_3_g+"]

Subsequent non-fatal errors won't be logged; see https://fburl.com/debugjs. {column: 180, clientTime: 1775172815, extra: Object, guardList: Array(4), hash: f2pxmw} @ https://static.xx.fbcdn.net/rsrc.php/v4/yO/r/pWC1mcrxhju.js:77
[    1745ms] [ERROR] ErrorUtils caught an error:

Could not find element "u_1_b_xR" [Caught in: Module "__elem_de92090e_1_1_ou"]

Subsequent non-fatal errors won't be logged; see https://fburl.com/debugjs. {column: 180, clientTime: 1775172815, extra: Object, guardList: Array(4), hash: f2pxmw} @ https://static.xx.fbcdn.net/rsrc.php/v4/yO/r/pWC1mcrxhju.js:77
[    1746ms] [ERROR] ErrorUtils caught an error:

Could not find element "u_1_c_Mj" [Caught in: Module "__elem_072b8e64_1_1_V6"]

Subsequent non-fatal errors won't be logged; see https://fburl.com/debugjs. {column: 180, clientTime: 1775172815, extra: Object, guardList: Array(4), hash: f2pxmw} @ https://static.xx.fbcdn.net/rsrc.php/v4/yO/r/pWC1mcrxhju.js:77
[    1747ms] [ERROR] ErrorUtils caught an error:

Could not find element "u_1_3_63" [Caught in: Module "__elem_9fc087ed_1_4_SA"]

Subsequent non-fatal errors won't be logged; see https://fburl.com/debugjs. {column: 180, clientTime: 1775172815, extra: Object, guardList: Array(4), hash: f2pxmw} @ https://static.xx.fbcdn.net/rsrc.php/v4/yO/r/pWC1mcrxhju.js:77
[    1747ms] [ERROR] ErrorUtils caught an error:

Could not find element "u_1_3_63" [Caught in: Module "__elem_9fc087ed_1_4_SA"] [Caught in: Requiring module "__elem_9fc087ed_1_4_SA" which threw an exception]

Subsequent non-fatal errors won't be logged; see https://fburl.com/debugjs. {column: 180, clientTime: 1775172815, extra: Object, guardList: Array(4), hash: f2pxmw} @ https://static.xx.fbcdn.net/rsrc.php/v4/yO/r/pWC1mcrxhju.js:77
[    1747ms] [ERROR] ErrorUtils caught an error:

Could not find element "u_1_u_/l" [Caught in: Module "__elem_fc9f538f_1_2_no"]

Subsequent non-fatal errors won't be logged; see https://fburl.com/debugjs. {column: 180, clientTime: 1775172815, extra: Object, guardList: Array(4), hash: ggaz5d} @ https://static.xx.fbcdn.net/rsrc.php/v4/yO/r/pWC1mcrxhju.js:77
[    1748ms] [ERROR] ErrorUtils caught an error:

Could not find element "u_1_11_8A" [Caught in: Module "__elem_fc9f538f_1_3_dT"]

Subsequent non-fatal errors won't be logged; see https://fburl.com/debugjs. {column: 180, clientTime: 1775172815, extra: Object, guardList: Array(4), hash: ggaz5d} @ https://static.xx.fbcdn.net/rsrc.php/v4/yO/r/pWC1mcrxhju.js:77
[    1748ms] [ERROR] ErrorUtils caught an error:

Could not find element "u_1_v_b1" [Caught in: Module "__elem_fc9f538f_1_4_tm"]

Subsequent non-fatal errors won't be logged; see https://fburl.com/debugjs. {column: 180, clientTime: 1775172815, extra: Object, guardList: Array(4), hash: ggaz5d} @ https://static.xx.fbcdn.net/rsrc.php/v4/yO/r/pWC1mcrxhju.js:77
[    1748ms] [ERROR] ErrorUtils caught an error:

Could not find element "u_1_j_SU" [Caught in: Module "__elem_a588f507_1_4_o4"]

Subsequent non-fatal errors won't be logged; see https://fburl.com/debugjs. {column: 180, clientTime: 1775172815, extra: Object, guardList: Array(4), hash: f2pxmw} @ https://static.xx.fbcdn.net/rsrc.php/v4/yO/r/pWC1mcrxhju.js:77
[    1749ms] [ERROR] ErrorUtils caught an error:

Could not find element "u_1_k_tX" [Caught in: Module "__elem_de92090e_1_2_0m"]

Subsequent non-fatal errors won't be logged; see https://fburl.com/debugjs. {column: 180, clientTime: 1775172815, extra: Object, guardList: Array(4), hash: f2pxmw} @ https://static.xx.fbcdn.net/rsrc.php/v4/yO/r/pWC1mcrxhju.js:77
[    1749ms] [ERROR] ErrorUtils caught an error:

Could not find element "u_1_l_+b" [Caught in: Module "__elem_072b8e64_1_2_zx"]

Subsequent non-fatal errors won't be logged; see https://fburl.com/debugjs. {column: 180, clientTime: 1775172815, extra: Object, guardList: Array(4), hash: f2pxmw} @ https://static.xx.fbcdn.net/rsrc.php/v4/yO/r/pWC1mcrxhju.js:77
[    1749ms] [ERROR] ErrorUtils caught an error:

Could not find element "u_1_m_JV" [Caught in: Module "__elem_a588f507_1_5_IX"]

Subsequent non-fatal errors won't be logged; see https://fburl.com/debugjs. {column: 180, clientTime: 1775172815, extra: Object, guardList: Array(4), hash: f2pxmw} @ https://static.xx.fbcdn.net/rsrc.php/v4/yO/r/pWC1mcrxhju.js:77
[    1750ms] [ERROR] ErrorUtils caught an error:

Could not find element "u_1_n_5h" [Caught in: Module "__elem_de92090e_1_3_2q"]

Subsequent non-fatal errors won't be logged; see https://fburl.com/debugjs. {column: 180, clientTime: 1775172815, extra: Object, guardList: Array(4), hash: f2pxmw} @ https://static.xx.fbcdn.net/rsrc.php/v4/yO/r/pWC1mcrxhju.js:77
[    1750ms] [ERROR] ErrorUtils caught an error:

Could not find element "u_1_o_De" [Caught in: Module "__elem_072b8e64_1_3_ob"]

Subsequent non-fatal errors won't be logged; see https://fburl.com/debugjs. {column: 180, clientTime: 1775172815, extra: Object, guardList: Array(4), hash: f2pxmw} @ https://static.xx.fbcdn.net/rsrc.php/v4/yO/r/pWC1mcrxhju.js:77
[    1750ms] [ERROR] ErrorUtils caught an error:

Could not find element "u_1_p_vI" [Caught in: Module "__elem_a588f507_1_6_6k"]

Subsequent non-fatal errors won't be logged; see https://fburl.com/debugjs. {column: 180, clientTime: 1775172815, extra: Object, guardList: Array(4), hash: f2pxmw} @ https://static.xx.fbcdn.net/rsrc.php/v4/yO/r/pWC1mcrxhju.js:77
[    1750ms] [ERROR] ErrorUtils caught an error:

Could not find element "u_1_q_Ql" [Caught in: Module "__elem_de92090e_1_4_fq"]

Subsequent non-fatal errors won't be logged; see https://fburl.com/debugjs. {column: 180, clientTime: 1775172815, extra: Object, guardList: Array(4), hash: f2pxmw} @ https://static.xx.fbcdn.net/rsrc.php/v4/yO/r/pWC1mcrxhju.js:77
[    1751ms] [ERROR] ErrorUtils caught an error:

Could not find element "u_1_r_sf" [Caught in: Module "__elem_072b8e64_1_4_9q"]

Subsequent non-fatal errors won't be logged; see https://fburl.com/debugjs. {column: 180, clientTime: 1775172815, extra: Object, guardList: Array(4), hash: f2pxmw} @ https://static.xx.fbcdn.net/rsrc.php/v4/yO/r/pWC1mcrxhju.js:77
