[    1300ms] [ERROR] ErrorUtils caught an error:

Could not find element "u_1_12_xF" [Caught in: Module "__elem_a588f507_1_0_k5"]

Subsequent non-fatal errors won't be logged; see https://fburl.com/debugjs. {column: 180, clientTime: 1775171761, extra: Object, guardList: Array(4), hash: f2pxmw} @ https://static.xx.fbcdn.net/rsrc.php/v4/yO/r/pWC1mcrxhju.js:77
[    1301ms] [ERROR] ErrorUtils caught an error:

DataStore.get: namespace is required, got undefined

Subsequent non-fatal errors won't be logged; see https://fburl.com/debugjs. {column: 694, clientTime: 1775171761, extra: Object, guardList: Array(4), hash: fpb5ss} @ https://static.xx.fbcdn.net/rsrc.php/v4/yO/r/pWC1mcrxhju.js:77
[    1303ms] [ERROR] ErrorUtils caught an error:

Could not find element "u_1_0_+U" [Caught in: Module "__elem_9fc087ed_1_0_8B"]

Subsequent non-fatal errors won't be logged; see https://fburl.com/debugjs. {column: 180, clientTime: 1775171761, extra: Object, guardList: Array(4), hash: f2pxmw} @ https://static.xx.fbcdn.net/rsrc.php/v4/yO/r/pWC1mcrxhju.js:77
[    1304ms] [ERROR] ErrorUtils caught an error:

Could not find element "u_1_4_wM" [Caught in: Module "__elem_9fc087ed_1_1_6z"]

Subsequent non-fatal errors won't be logged; see https://fburl.com/debugjs. {column: 180, clientTime: 1775171761, extra: Object, guardList: Array(4), hash: f2pxmw} @ https://static.xx.fbcdn.net/rsrc.php/v4/yO/r/pWC1mcrxhju.js:77
[    1304ms] [ERROR] ErrorUtils caught an error:

Could not find element "u_1_1_VS" [Caught in: Module "__elem_9fc087ed_1_2_EA"]

Subsequent non-fatal errors won't be logged; see https://fburl.com/debugjs. {column: 180, clientTime: 1775171761, extra: Object, guardList: Array(4), hash: f2pxmw} @ https://static.xx.fbcdn.net/rsrc.php/v4/yO/r/pWC1mcrxhju.js:77
[    1305ms] [ERROR] ErrorUtils caught an error:

Could not find element "u_1_2_k4" [Caught in: Module "__elem_9fc087ed_1_3_lz"]

Subsequent non-fatal errors won't be logged; see https://fburl.com/debugjs. {column: 180, clientTime: 1775171761, extra: Object, guardList: Array(4), hash: f2pxmw} @ https://static.xx.fbcdn.net/rsrc.php/v4/yO/r/pWC1mcrxhju.js:77
[    1306ms] [ERROR] ErrorUtils caught an error:

Could not find element "u_1_3_Xs" [Caught in: Module "__elem_9fc087ed_1_4_OS"]

Subsequent non-fatal errors won't be logged; see https://fburl.com/debugjs. {column: 180, clientTime: 1775171761, extra: Object, guardList: Array(4), hash: f2pxmw} @ https://static.xx.fbcdn.net/rsrc.php/v4/yO/r/pWC1mcrxhju.js:77
[    1306ms] [ERROR] ErrorUtils caught an error:

Could not find element "u_1_2_k4" [Caught in: Module "__elem_9fc087ed_1_3_lz"] [Caught in: Requiring module "__elem_9fc087ed_1_3_lz" which threw an exception]

Subsequent non-fatal errors won't be logged; see https://fburl.com/debugjs. {column: 180, clientTime: 1775171761, extra: Object, guardList: Array(4), hash: f2pxmw} @ https://static.xx.fbcdn.net/rsrc.php/v4/yO/r/pWC1mcrxhju.js:77
[    1306ms] [ERROR] ErrorUtils caught an error:

Could not find element "u_1_1_VS" [Caught in: Module "__elem_9fc087ed_1_2_EA"] [Caught in: Requiring module "__elem_9fc087ed_1_2_EA" which threw an exception]

Subsequent non-fatal errors won't be logged; see https://fburl.com/debugjs. {column: 180, clientTime: 1775171761, extra: Object, guardList: Array(4), hash: f2pxmw} @ https://static.xx.fbcdn.net/rsrc.php/v4/yO/r/pWC1mcrxhju.js:77
[    1307ms] [ERROR] ErrorUtils caught an error:

Could not find element "u_1_4_wM" [Caught in: Module "__elem_9fc087ed_1_1_6z"] [Caught in: Requiring module "__elem_9fc087ed_1_1_6z" which threw an exception]

Subsequent non-fatal errors won't be logged; see https://fburl.com/debugjs. {column: 180, clientTime: 1775171761, extra: Object, guardList: Array(4), hash: f2pxmw} @ https://static.xx.fbcdn.net/rsrc.php/v4/yO/r/pWC1mcrxhju.js:77
[    1307ms] [ERROR] ErrorUtils caught an error:

Could not find element "u_1_0_+U" [Caught in: Module "__elem_9fc087ed_1_0_8B"] [Caught in: Requiring module "__elem_9fc087ed_1_0_8B" which threw an exception]

Subsequent non-fatal errors won't be logged; see https://fburl.com/debugjs. {column: 180, clientTime: 1775171761, extra: Object, guardList: Array(4), hash: f2pxmw} @ https://static.xx.fbcdn.net/rsrc.php/v4/yO/r/pWC1mcrxhju.js:77
[    1307ms] [ERROR] ErrorUtils caught an error:

Could not find element "u_1_3_Xs" [Caught in: Module "__elem_9fc087ed_1_4_OS"] [Caught in: Requiring module "__elem_9fc087ed_1_4_OS" which threw an exception]

Subsequent non-fatal errors won't be logged; see https://fburl.com/debugjs. {column: 180, clientTime: 1775171761, extra: Object, guardList: Array(4), hash: f2pxmw} @ https://static.xx.fbcdn.net/rsrc.php/v4/yO/r/pWC1mcrxhju.js:77
[    1308ms] [ERROR] ErrorUtils caught an error:

Could not find element "u_1_c_cN" [Caught in: Module "__elem_a588f507_1_2_L9"]

Subsequent non-fatal errors won't be logged; see https://fburl.com/debugjs. {column: 180, clientTime: 1775171761, extra: Object, guardList: Array(4), hash: f2pxmw} @ https://static.xx.fbcdn.net/rsrc.php/v4/yO/r/pWC1mcrxhju.js:77
[    1309ms] [ERROR] ErrorUtils caught an error:

Could not find element "u_1_d_Ko" [Caught in: Module "__elem_de92090e_1_0_8d"]

Subsequent non-fatal errors won't be logged; see https://fburl.com/debugjs. {column: 180, clientTime: 1775171761, extra: Object, guardList: Array(4), hash: f2pxmw} @ https://static.xx.fbcdn.net/rsrc.php/v4/yO/r/pWC1mcrxhju.js:77
[    1310ms] [ERROR] ErrorUtils caught an error:

Could not find element "u_1_e_Hn" [Caught in: Module "__elem_072b8e64_1_0_uD"]

Subsequent non-fatal errors won't be logged; see https://fburl.com/debugjs. {column: 180, clientTime: 1775171761, extra: Object, guardList: Array(4), hash: f2pxmw} @ https://static.xx.fbcdn.net/rsrc.php/v4/yO/r/pWC1mcrxhju.js:77
[    1311ms] [ERROR] ErrorUtils caught an error:

Could not find element "u_1_g_XS" [Caught in: Module "__elem_a588f507_1_3_XC"]

Subsequent non-fatal errors won't be logged; see https://fburl.com/debugjs. {column: 180, clientTime: 1775171761, extra: Object, guardList: Array(4), hash: f2pxmw} @ https://static.xx.fbcdn.net/rsrc.php/v4/yO/r/pWC1mcrxhju.js:77
[    1311ms] [ERROR] ErrorUtils caught an error:

Could not find element "u_1_h_AB" [Caught in: Module "__elem_de92090e_1_1_9m"]

Subsequent non-fatal errors won't be logged; see https://fburl.com/debugjs. {column: 180, clientTime: 1775171761, extra: Object, guardList: Array(4), hash: f2pxmw} @ https://static.xx.fbcdn.net/rsrc.php/v4/yO/r/pWC1mcrxhju.js:77
[    1312ms] [ERROR] ErrorUtils caught an error:

Could not find element "u_1_i_kZ" [Caught in: Module "__elem_072b8e64_1_1_mP"]

Subsequent non-fatal errors won't be logged; see https://fburl.com/debugjs. {column: 180, clientTime: 1775171761, extra: Object, guardList: Array(4), hash: f2pxmw} @ https://static.xx.fbcdn.net/rsrc.php/v4/yO/r/pWC1mcrxhju.js:77
[    1312ms] [ERROR] ErrorUtils caught an error:

Could not find element "u_1_j_71" [Caught in: Module "__elem_a588f507_1_4_hz"]

Subsequent non-fatal errors won't be logged; see https://fburl.com/debugjs. {column: 180, clientTime: 1775171761, extra: Object, guardList: Array(4), hash: f2pxmw} @ https://static.xx.fbcdn.net/rsrc.php/v4/yO/r/pWC1mcrxhju.js:77
[    1313ms] [ERROR] ErrorUtils caught an error:

Could not find element "u_1_k_uC" [Caught in: Module "__elem_de92090e_1_2_t7"]

Subsequent non-fatal errors won't be logged; see https://fburl.com/debugjs. {column: 180, clientTime: 1775171761, extra: Object, guardList: Array(4), hash: f2pxmw} @ https://static.xx.fbcdn.net/rsrc.php/v4/yO/r/pWC1mcrxhju.js:77
[    1313ms] [ERROR] ErrorUtils caught an error:

Could not find element "u_1_l_Y0" [Caught in: Module "__elem_072b8e64_1_2_OB"]

Subsequent non-fatal errors won't be logged; see https://fburl.com/debugjs. {column: 180, clientTime: 1775171761, extra: Object, guardList: Array(4), hash: f2pxmw} @ https://static.xx.fbcdn.net/rsrc.php/v4/yO/r/pWC1mcrxhju.js:77
[    1313ms] [ERROR] ErrorUtils caught an error:

Could not find element "u_1_m_F9" [Caught in: Module "__elem_a588f507_1_5_CR"]

Subsequent non-fatal errors won't be logged; see https://fburl.com/debugjs. {column: 180, clientTime: 1775171761, extra: Object, guardList: Array(4), hash: f2pxmw} @ https://static.xx.fbcdn.net/rsrc.php/v4/yO/r/pWC1mcrxhju.js:77
[    1314ms] [ERROR] ErrorUtils caught an error:

Could not find element "u_1_n_3M" [Caught in: Module "__elem_de92090e_1_3_S2"]

Subsequent non-fatal errors won't be logged; see https://fburl.com/debugjs. {column: 180, clientTime: 1775171761, extra: Object, guardList: Array(4), hash: f2pxmw} @ https://static.xx.fbcdn.net/rsrc.php/v4/yO/r/pWC1mcrxhju.js:77
[    1315ms] [ERROR] ErrorUtils caught an error:

Could not find element "u_1_o_Hr" [Caught in: Module "__elem_072b8e64_1_3_2q"]

Subsequent non-fatal errors won't be logged; see https://fburl.com/debugjs. {column: 180, clientTime: 1775171761, extra: Object, guardList: Array(4), hash: f2pxmw} @ https://static.xx.fbcdn.net/rsrc.php/v4/yO/r/pWC1mcrxhju.js:77
[    1315ms] [ERROR] ErrorUtils caught an error:

Could not find element "u_1_p_JP" [Caught in: Module "__elem_a588f507_1_6_Nu"]

Subsequent non-fatal errors won't be logged; see https://fburl.com/debugjs. {column: 180, clientTime: 1775171761, extra: Object, guardList: Array(4), hash: f2pxmw} @ https://static.xx.fbcdn.net/rsrc.php/v4/yO/r/pWC1mcrxhju.js:77
[    1316ms] [ERROR] ErrorUtils caught an error:

Could not find element "u_1_q_Kt" [Caught in: Module "__elem_de92090e_1_4_aR"]

Subsequent non-fatal errors won't be logged; see https://fburl.com/debugjs. {column: 180, clientTime: 1775171761, extra: Object, guardList: Array(4), hash: f2pxmw} @ https://static.xx.fbcdn.net/rsrc.php/v4/yO/r/pWC1mcrxhju.js:77
[    1316ms] [ERROR] ErrorUtils caught an error:

Could not find element "u_1_r_5c" [Caught in: Module "__elem_072b8e64_1_4_QK"]

Subsequent non-fatal errors won't be logged; see https://fburl.com/debugjs. {column: 180, clientTime: 1775171761, extra: Object, guardList: Array(4), hash: f2pxmw} @ https://static.xx.fbcdn.net/rsrc.php/v4/yO/r/pWC1mcrxhju.js:77
[    1317ms] [ERROR] ErrorUtils caught an error:

Could not find element "u_1_t_RP" [Caught in: Module "__elem_fc9f538f_1_0_9M"]

Subsequent non-fatal errors won't be logged; see https://fburl.com/debugjs. {column: 180, clientTime: 1775171761, extra: Object, guardList: Array(4), hash: ggaz5d} @ https://static.xx.fbcdn.net/rsrc.php/v4/yO/r/pWC1mcrxhju.js:77
[    1317ms] [ERROR] ErrorUtils caught an error:

Could not find element "u_1_11_oU" [Caught in: Module "__elem_fc9f538f_1_1_ZK"]

Subsequent non-fatal errors won't be logged; see https://fburl.com/debugjs. {column: 180, clientTime: 1775171761, extra: Object, guardList: Array(4), hash: ggaz5d} @ https://static.xx.fbcdn.net/rsrc.php/v4/yO/r/pWC1mcrxhju.js:77
[    1318ms] [ERROR] ErrorUtils caught an error:

Could not find element "u_1_10_rJ" [Caught in: Module "__elem_fc9f538f_1_2_as"]

Subsequent non-fatal errors won't be logged; see https://fburl.com/debugjs. {column: 180, clientTime: 1775171761, extra: Object, guardList: Array(4), hash: ggaz5d} @ https://static.xx.fbcdn.net/rsrc.php/v4/yO/r/pWC1mcrxhju.js:77
[    1318ms] [ERROR] ErrorUtils caught an error:

Could not find element "u_1_u_i5" [Caught in: Module "__elem_fc9f538f_1_3_iQ"]

Subsequent non-fatal errors won't be logged; see https://fburl.com/debugjs. {column: 180, clientTime: 1775171761, extra: Object, guardList: Array(4), hash: ggaz5d} @ https://static.xx.fbcdn.net/rsrc.php/v4/yO/r/pWC1mcrxhju.js:77
[    1320ms] [ERROR] ErrorUtils caught an error:

Could not find element "u_1_s_nW" [Caught in: Module "__elem_fc9f538f_1_4_Ly"]

Subsequent non-fatal errors won't be logged; see https://fburl.com/debugjs. {column: 180, clientTime: 1775171761, extra: Object, guardList: Array(4), hash: ggaz5d} @ https://static.xx.fbcdn.net/rsrc.php/v4/yO/r/pWC1mcrxhju.js:77
