[    1166ms] [ERROR] ErrorUtils caught an error:

Could not find element "u_1_12_7L" [Caught in: Module "__elem_a588f507_1_0_k9"]

Subsequent non-fatal errors won't be logged; see https://fburl.com/debugjs. {column: 180, clientTime: 1775172597, extra: Object, guardList: Array(4), hash: f2pxmw} @ https://static.xx.fbcdn.net/rsrc.php/v4/yO/r/pWC1mcrxhju.js:77
[    1167ms] [ERROR] ErrorUtils caught an error:

DataStore.get: namespace is required, got undefined

Subsequent non-fatal errors won't be logged; see https://fburl.com/debugjs. {column: 694, clientTime: 1775172597, extra: Object, guardList: Array(4), hash: fpb5ss} @ https://static.xx.fbcdn.net/rsrc.php/v4/yO/r/pWC1mcrxhju.js:77
[    1169ms] [ERROR] ErrorUtils caught an error:

Could not find element "u_1_0_2/" [Caught in: Module "__elem_9fc087ed_1_0_2L"]

Subsequent non-fatal errors won't be logged; see https://fburl.com/debugjs. {column: 180, clientTime: 1775172597, extra: Object, guardList: Array(4), hash: f2pxmw} @ https://static.xx.fbcdn.net/rsrc.php/v4/yO/r/pWC1mcrxhju.js:77
[    1169ms] [ERROR] ErrorUtils caught an error:

Could not find element "u_1_0_2/" [Caught in: Module "__elem_9fc087ed_1_0_2L"] [Caught in: Requiring module "__elem_9fc087ed_1_0_2L" which threw an exception]

Subsequent non-fatal errors won't be logged; see https://fburl.com/debugjs. {column: 180, clientTime: 1775172597, extra: Object, guardList: Array(4), hash: f2pxmw} @ https://static.xx.fbcdn.net/rsrc.php/v4/yO/r/pWC1mcrxhju.js:77
[    1170ms] [ERROR] ErrorUtils caught an error:

Could not find element "u_1_4_9o" [Caught in: Module "__elem_9fc087ed_1_1_XH"]

Subsequent non-fatal errors won't be logged; see https://fburl.com/debugjs. {column: 180, clientTime: 1775172597, extra: Object, guardList: Array(4), hash: f2pxmw} @ https://static.xx.fbcdn.net/rsrc.php/v4/yO/r/pWC1mcrxhju.js:77
[    1170ms] [ERROR] ErrorUtils caught an error:

Could not find element "u_1_4_9o" [Caught in: Module "__elem_9fc087ed_1_1_XH"] [Caught in: Requiring module "__elem_9fc087ed_1_1_XH" which threw an exception]

Subsequent non-fatal errors won't be logged; see https://fburl.com/debugjs. {column: 180, clientTime: 1775172597, extra: Object, guardList: Array(4), hash: f2pxmw} @ https://static.xx.fbcdn.net/rsrc.php/v4/yO/r/pWC1mcrxhju.js:77
[    1170ms] [ERROR] ErrorUtils caught an error:

Could not find element "u_1_1_bZ" [Caught in: Module "__elem_9fc087ed_1_2_u/"]

Subsequent non-fatal errors won't be logged; see https://fburl.com/debugjs. {column: 180, clientTime: 1775172597, extra: Object, guardList: Array(4), hash: f2pxmw} @ https://static.xx.fbcdn.net/rsrc.php/v4/yO/r/pWC1mcrxhju.js:77
[    1171ms] [ERROR] ErrorUtils caught an error:

Could not find element "u_1_1_bZ" [Caught in: Module "__elem_9fc087ed_1_2_u/"] [Caught in: Requiring module "__elem_9fc087ed_1_2_u/" which threw an exception]

Subsequent non-fatal errors won't be logged; see https://fburl.com/debugjs. {column: 180, clientTime: 1775172597, extra: Object, guardList: Array(4), hash: f2pxmw} @ https://static.xx.fbcdn.net/rsrc.php/v4/yO/r/pWC1mcrxhju.js:77
[    1171ms] [ERROR] ErrorUtils caught an error:

Could not find element "u_1_2_2y" [Caught in: Module "__elem_9fc087ed_1_3_vT"]

Subsequent non-fatal errors won't be logged; see https://fburl.com/debugjs. {column: 180, clientTime: 1775172597, extra: Object, guardList: Array(4), hash: f2pxmw} @ https://static.xx.fbcdn.net/rsrc.php/v4/yO/r/pWC1mcrxhju.js:77
[    1171ms] [ERROR] ErrorUtils caught an error:

Could not find element "u_1_2_2y" [Caught in: Module "__elem_9fc087ed_1_3_vT"] [Caught in: Requiring module "__elem_9fc087ed_1_3_vT" which threw an exception]

Subsequent non-fatal errors won't be logged; see https://fburl.com/debugjs. {column: 180, clientTime: 1775172597, extra: Object, guardList: Array(4), hash: f2pxmw} @ https://static.xx.fbcdn.net/rsrc.php/v4/yO/r/pWC1mcrxhju.js:77
[    1171ms] [ERROR] ErrorUtils caught an error:

Could not find element "u_1_7_Kv" [Caught in: Module "__elem_a588f507_1_2_xW"]

Subsequent non-fatal errors won't be logged; see https://fburl.com/debugjs. {column: 180, clientTime: 1775172597, extra: Object, guardList: Array(4), hash: f2pxmw} @ https://static.xx.fbcdn.net/rsrc.php/v4/yO/r/pWC1mcrxhju.js:77
[    1172ms] [ERROR] ErrorUtils caught an error:

Could not find element "u_1_8_GC" [Caught in: Module "__elem_de92090e_1_0_ak"]

Subsequent non-fatal errors won't be logged; see https://fburl.com/debugjs. {column: 180, clientTime: 1775172597, extra: Object, guardList: Array(4), hash: f2pxmw} @ https://static.xx.fbcdn.net/rsrc.php/v4/yO/r/pWC1mcrxhju.js:77
[    1172ms] [ERROR] ErrorUtils caught an error:

Could not find element "u_1_9_xt" [Caught in: Module "__elem_072b8e64_1_0_4i"]

Subsequent non-fatal errors won't be logged; see https://fburl.com/debugjs. {column: 180, clientTime: 1775172597, extra: Object, guardList: Array(4), hash: f2pxmw} @ https://static.xx.fbcdn.net/rsrc.php/v4/yO/r/pWC1mcrxhju.js:77
[    1172ms] [ERROR] ErrorUtils caught an error:

Could not find element "u_1_e_fd" [Caught in: Module "__elem_fc9f538f_1_0_qQ"]

Subsequent non-fatal errors won't be logged; see https://fburl.com/debugjs. {column: 180, clientTime: 1775172597, extra: Object, guardList: Array(4), hash: ggaz5d} @ https://static.xx.fbcdn.net/rsrc.php/v4/yO/r/pWC1mcrxhju.js:77
[    1173ms] [ERROR] ErrorUtils caught an error:

Could not find element "u_1_d_Jb" [Caught in: Module "__elem_fc9f538f_1_1_Pb"]

Subsequent non-fatal errors won't be logged; see https://fburl.com/debugjs. {column: 180, clientTime: 1775172597, extra: Object, guardList: Array(4), hash: ggaz5d} @ https://static.xx.fbcdn.net/rsrc.php/v4/yO/r/pWC1mcrxhju.js:77
[    1173ms] [ERROR] ErrorUtils caught an error:

Could not find element "u_1_a_5n" [Caught in: Module "__elem_a588f507_1_3_1c"]

Subsequent non-fatal errors won't be logged; see https://fburl.com/debugjs. {column: 180, clientTime: 1775172597, extra: Object, guardList: Array(4), hash: f2pxmw} @ https://static.xx.fbcdn.net/rsrc.php/v4/yO/r/pWC1mcrxhju.js:77
[    1173ms] [ERROR] ErrorUtils caught an error:

Could not find element "u_1_b_V4" [Caught in: Module "__elem_de92090e_1_1_xv"]

Subsequent non-fatal errors won't be logged; see https://fburl.com/debugjs. {column: 180, clientTime: 1775172597, extra: Object, guardList: Array(4), hash: f2pxmw} @ https://static.xx.fbcdn.net/rsrc.php/v4/yO/r/pWC1mcrxhju.js:77
[    1173ms] [ERROR] ErrorUtils caught an error:

Could not find element "u_1_c_TR" [Caught in: Module "__elem_072b8e64_1_1_wm"]

Subsequent non-fatal errors won't be logged; see https://fburl.com/debugjs. {column: 180, clientTime: 1775172597, extra: Object, guardList: Array(4), hash: f2pxmw} @ https://static.xx.fbcdn.net/rsrc.php/v4/yO/r/pWC1mcrxhju.js:77
[    1174ms] [ERROR] ErrorUtils caught an error:

Could not find element "u_1_3_Hb" [Caught in: Module "__elem_9fc087ed_1_4_55"]

Subsequent non-fatal errors won't be logged; see https://fburl.com/debugjs. {column: 180, clientTime: 1775172597, extra: Object, guardList: Array(4), hash: f2pxmw} @ https://static.xx.fbcdn.net/rsrc.php/v4/yO/r/pWC1mcrxhju.js:77
[    1174ms] [ERROR] ErrorUtils caught an error:

Could not find element "u_1_3_Hb" [Caught in: Module "__elem_9fc087ed_1_4_55"] [Caught in: Requiring module "__elem_9fc087ed_1_4_55" which threw an exception]

Subsequent non-fatal errors won't be logged; see https://fburl.com/debugjs. {column: 180, clientTime: 1775172597, extra: Object, guardList: Array(4), hash: f2pxmw} @ https://static.xx.fbcdn.net/rsrc.php/v4/yO/r/pWC1mcrxhju.js:77
[    1174ms] [ERROR] ErrorUtils caught an error:

Could not find element "u_1_11_yV" [Caught in: Module "__elem_fc9f538f_1_2_6F"]

Subsequent non-fatal errors won't be logged; see https://fburl.com/debugjs. {column: 180, clientTime: 1775172597, extra: Object, guardList: Array(4), hash: ggaz5d} @ https://static.xx.fbcdn.net/rsrc.php/v4/yO/r/pWC1mcrxhju.js:77
[    1175ms] [ERROR] ErrorUtils caught an error:

Could not find element "u_1_10_Xz" [Caught in: Module "__elem_fc9f538f_1_3_J7"]

Subsequent non-fatal errors won't be logged; see https://fburl.com/debugjs. {column: 180, clientTime: 1775172597, extra: Object, guardList: Array(4), hash: ggaz5d} @ https://static.xx.fbcdn.net/rsrc.php/v4/yO/r/pWC1mcrxhju.js:77
[    1175ms] [ERROR] ErrorUtils caught an error:

Could not find element "u_1_k_NX" [Caught in: Module "__elem_a588f507_1_4_Xn"]

Subsequent non-fatal errors won't be logged; see https://fburl.com/debugjs. {column: 180, clientTime: 1775172597, extra: Object, guardList: Array(4), hash: f2pxmw} @ https://static.xx.fbcdn.net/rsrc.php/v4/yO/r/pWC1mcrxhju.js:77
[    1176ms] [ERROR] ErrorUtils caught an error:

Could not find element "u_1_l_Ww" [Caught in: Module "__elem_de92090e_1_2_iq"]

Subsequent non-fatal errors won't be logged; see https://fburl.com/debugjs. {column: 180, clientTime: 1775172597, extra: Object, guardList: Array(4), hash: f2pxmw} @ https://static.xx.fbcdn.net/rsrc.php/v4/yO/r/pWC1mcrxhju.js:77
[    1176ms] [ERROR] ErrorUtils caught an error:

Could not find element "u_1_m_Ou" [Caught in: Module "__elem_072b8e64_1_2_dL"]

Subsequent non-fatal errors won't be logged; see https://fburl.com/debugjs. {column: 180, clientTime: 1775172597, extra: Object, guardList: Array(4), hash: f2pxmw} @ https://static.xx.fbcdn.net/rsrc.php/v4/yO/r/pWC1mcrxhju.js:77
[    1176ms] [ERROR] ErrorUtils caught an error:

Could not find element "u_1_u_/F" [Caught in: Module "__elem_fc9f538f_1_4_2c"]

Subsequent non-fatal errors won't be logged; see https://fburl.com/debugjs. {column: 180, clientTime: 1775172597, extra: Object, guardList: Array(4), hash: ggaz5d} @ https://static.xx.fbcdn.net/rsrc.php/v4/yO/r/pWC1mcrxhju.js:77
[    1177ms] [ERROR] ErrorUtils caught an error:

Could not find element "u_1_o_J1" [Caught in: Module "__elem_a588f507_1_5_Wc"]

Subsequent non-fatal errors won't be logged; see https://fburl.com/debugjs. {column: 180, clientTime: 1775172597, extra: Object, guardList: Array(4), hash: f2pxmw} @ https://static.xx.fbcdn.net/rsrc.php/v4/yO/r/pWC1mcrxhju.js:77
[    1177ms] [ERROR] ErrorUtils caught an error:

Could not find element "u_1_p_ES" [Caught in: Module "__elem_de92090e_1_3_FN"]

Subsequent non-fatal errors won't be logged; see https://fburl.com/debugjs. {column: 180, clientTime: 1775172597, extra: Object, guardList: Array(4), hash: f2pxmw} @ https://static.xx.fbcdn.net/rsrc.php/v4/yO/r/pWC1mcrxhju.js:77
[    1177ms] [ERROR] ErrorUtils caught an error:

Could not find element "u_1_q_fP" [Caught in: Module "__elem_072b8e64_1_3_fR"]

Subsequent non-fatal errors won't be logged; see https://fburl.com/debugjs. {column: 180, clientTime: 1775172597, extra: Object, guardList: Array(4), hash: f2pxmw} @ https://static.xx.fbcdn.net/rsrc.php/v4/yO/r/pWC1mcrxhju.js:77
[    1178ms] [ERROR] ErrorUtils caught an error:

Could not find element "u_1_r_Dj" [Caught in: Module "__elem_a588f507_1_6_nF"]

Subsequent non-fatal errors won't be logged; see https://fburl.com/debugjs. {column: 180, clientTime: 1775172597, extra: Object, guardList: Array(4), hash: f2pxmw} @ https://static.xx.fbcdn.net/rsrc.php/v4/yO/r/pWC1mcrxhju.js:77
[    1178ms] [ERROR] ErrorUtils caught an error:

Could not find element "u_1_s_dH" [Caught in: Module "__elem_de92090e_1_4_qP"]

Subsequent non-fatal errors won't be logged; see https://fburl.com/debugjs. {column: 180, clientTime: 1775172597, extra: Object, guardList: Array(4), hash: f2pxmw} @ https://static.xx.fbcdn.net/rsrc.php/v4/yO/r/pWC1mcrxhju.js:77
[    1178ms] [ERROR] ErrorUtils caught an error:

Could not find element "u_1_t_h/" [Caught in: Module "__elem_072b8e64_1_4_dn"]

Subsequent non-fatal errors won't be logged; see https://fburl.com/debugjs. {column: 180, clientTime: 1775172597, extra: Object, guardList: Array(4), hash: f2pxmw} @ https://static.xx.fbcdn.net/rsrc.php/v4/yO/r/pWC1mcrxhju.js:77
